Building DAG of jobs...
Using shell: /usr/bin/bash
Provided cluster nodes: 100
Job stats:
job         count    min threads    max threads
--------  -------  -------------  -------------
all             1              1              1
ichorCNA        3              1              1
total           4              1              1

Select jobs to execute...

[Fri Feb 13 11:35:03 2026]
rule ichorCNA:
    input: /cluster/projects/pughlab/myeloma/projects/MM_cell_drugs/WGS_Pipeline/ichorCNA/readDepth/423901-CFTMT_0003_1_E1.bin1000000.regions.wig
    output: /cluster/projects/pughlab/myeloma/projects/MM_cell_drugs/WGS_Pipeline/ichorCNA/423901-CFTMT_0003_1_E1/423901-CFTMT_0003_1_E1.bin1000000.correctedDepth.txt, /cluster/projects/pughlab/myeloma/projects/MM_cell_drugs/WGS_Pipeline/ichorCNA/423901-CFTMT_0003_1_E1/423901-CFTMT_0003_1_E1.bin1000000.params.txt, /cluster/projects/pughlab/myeloma/projects/MM_cell_drugs/WGS_Pipeline/ichorCNA/423901-CFTMT_0003_1_E1/423901-CFTMT_0003_1_E1.bin1000000.cna.seg, /cluster/projects/pughlab/myeloma/projects/MM_cell_drugs/WGS_Pipeline/ichorCNA/423901-CFTMT_0003_1_E1/423901-CFTMT_0003_1_E1.bin1000000.seg.txt, /cluster/projects/pughlab/myeloma/projects/MM_cell_drugs/WGS_Pipeline/ichorCNA/423901-CFTMT_0003_1_E1/423901-CFTMT_0003_1_E1.bin1000000.seg, /cluster/projects/pughlab/myeloma/projects/MM_cell_drugs/WGS_Pipeline/ichorCNA/423901-CFTMT_0003_1_E1/423901-CFTMT_0003_1_E1.bin1000000.RData
    log: /cluster/projects/pughlab/myeloma/projects/MM_cell_drugs/WGS_Pipeline/ichorCNA/logs/ichorCNA/423901-CFTMT_0003_1_E1.bin1000000.log
    jobid: 3
    wildcards: sample=423901-CFTMT_0003_1_E1, binSize=1000000
    resources: mem_mb=1000, disk_mb=1000, tmpdir=/tmp, mem=4


        module load R && Rscript /cluster/home/t922316uhn/ichorCNA/scripts/runIchorCNA.R           --id 423901-CFTMT_0003_1_E1           --libdir None           --WIG /cluster/projects/pughlab/myeloma/projects/MM_cell_drugs/WGS_Pipeline/ichorCNA/readDepth/423901-CFTMT_0003_1_E1.bin1000000.regions.wig           --gcWig /cluster/home/t922316uhn/ichorCNA/inst/extdata/gc_hg38_1000kb.wig           --mapWig /cluster/home/t922316uhn/ichorCNA/inst/extdata/map_hg38_1000kb.wig           --normalPanel /cluster/home/t922316uhn/ichorCNA/inst/extdata/HD_ULP_PoN_hg38_1Mb_median_normAutosome_median.rds           --ploidy "c(2,3)"           --normal "c(0.5,0.6,0.7,0.8,0.9,0.95)"           --maxCN 5           --includeHOMD False           --chrs "paste0('chr', c(1:22, \"X\"))"           --chrTrain "paste0('chr', c(1:22))"           --genomeStyle UCSC           --genomeBuild hg38           --estimateNormal True           --estimatePloidy True           --estimateScPrevalence True           --scStates "c(1,3)"           --centromere /cluster/home/t922316uhn/ichorCNA/inst/extdata/GRCh38.GCA_000001405.2_centromere_acen.txt           --exons.bed None           --txnE 0.9999           --txnStrength 10000           --minMapScore 0.75           --fracReadsInChrYForMale 0.002           --maxFracGenomeSubclone 0.5           --maxFracCNASubclone 0.7           --plotFileType pdf           --plotYLim "c(-1,1)"           --outDir /cluster/projects/pughlab/myeloma/projects/MM_cell_drugs/WGS_Pipeline/ichorCNA/423901-CFTMT_0003_1_E1/           > /cluster/projects/pughlab/myeloma/projects/MM_cell_drugs/WGS_Pipeline/ichorCNA/logs/ichorCNA/423901-CFTMT_0003_1_E1.bin1000000.log 2> /cluster/projects/pughlab/myeloma/projects/MM_cell_drugs/WGS_Pipeline/ichorCNA/logs/ichorCNA/423901-CFTMT_0003_1_E1.bin1000000.log
        
Submitted job 3 with external jobid 'Submitted batch job 5759020'.

[Fri Feb 13 11:35:03 2026]
rule ichorCNA:
    input: /cluster/projects/pughlab/myeloma/projects/MM_cell_drugs/WGS_Pipeline/ichorCNA/readDepth/423901-CFTMT_0001_3_B1.bin1000000.regions.wig
    output: /cluster/projects/pughlab/myeloma/projects/MM_cell_drugs/WGS_Pipeline/ichorCNA/423901-CFTMT_0001_3_B1/423901-CFTMT_0001_3_B1.bin1000000.correctedDepth.txt, /cluster/projects/pughlab/myeloma/projects/MM_cell_drugs/WGS_Pipeline/ichorCNA/423901-CFTMT_0001_3_B1/423901-CFTMT_0001_3_B1.bin1000000.params.txt, /cluster/projects/pughlab/myeloma/projects/MM_cell_drugs/WGS_Pipeline/ichorCNA/423901-CFTMT_0001_3_B1/423901-CFTMT_0001_3_B1.bin1000000.cna.seg, /cluster/projects/pughlab/myeloma/projects/MM_cell_drugs/WGS_Pipeline/ichorCNA/423901-CFTMT_0001_3_B1/423901-CFTMT_0001_3_B1.bin1000000.seg.txt, /cluster/projects/pughlab/myeloma/projects/MM_cell_drugs/WGS_Pipeline/ichorCNA/423901-CFTMT_0001_3_B1/423901-CFTMT_0001_3_B1.bin1000000.seg, /cluster/projects/pughlab/myeloma/projects/MM_cell_drugs/WGS_Pipeline/ichorCNA/423901-CFTMT_0001_3_B1/423901-CFTMT_0001_3_B1.bin1000000.RData
    log: /cluster/projects/pughlab/myeloma/projects/MM_cell_drugs/WGS_Pipeline/ichorCNA/logs/ichorCNA/423901-CFTMT_0001_3_B1.bin1000000.log
    jobid: 5
    wildcards: sample=423901-CFTMT_0001_3_B1, binSize=1000000
    resources: mem_mb=1000, disk_mb=1000, tmpdir=/tmp, mem=4


        module load R && Rscript /cluster/home/t922316uhn/ichorCNA/scripts/runIchorCNA.R           --id 423901-CFTMT_0001_3_B1           --libdir None           --WIG /cluster/projects/pughlab/myeloma/projects/MM_cell_drugs/WGS_Pipeline/ichorCNA/readDepth/423901-CFTMT_0001_3_B1.bin1000000.regions.wig           --gcWig /cluster/home/t922316uhn/ichorCNA/inst/extdata/gc_hg38_1000kb.wig           --mapWig /cluster/home/t922316uhn/ichorCNA/inst/extdata/map_hg38_1000kb.wig           --normalPanel /cluster/home/t922316uhn/ichorCNA/inst/extdata/HD_ULP_PoN_hg38_1Mb_median_normAutosome_median.rds           --ploidy "c(2,3)"           --normal "c(0.5,0.6,0.7,0.8,0.9,0.95)"           --maxCN 5           --includeHOMD False           --chrs "paste0('chr', c(1:22, \"X\"))"           --chrTrain "paste0('chr', c(1:22))"           --genomeStyle UCSC           --genomeBuild hg38           --estimateNormal True           --estimatePloidy True           --estimateScPrevalence True           --scStates "c(1,3)"           --centromere /cluster/home/t922316uhn/ichorCNA/inst/extdata/GRCh38.GCA_000001405.2_centromere_acen.txt           --exons.bed None           --txnE 0.9999           --txnStrength 10000           --minMapScore 0.75           --fracReadsInChrYForMale 0.002           --maxFracGenomeSubclone 0.5           --maxFracCNASubclone 0.7           --plotFileType pdf           --plotYLim "c(-1,1)"           --outDir /cluster/projects/pughlab/myeloma/projects/MM_cell_drugs/WGS_Pipeline/ichorCNA/423901-CFTMT_0001_3_B1/           > /cluster/projects/pughlab/myeloma/projects/MM_cell_drugs/WGS_Pipeline/ichorCNA/logs/ichorCNA/423901-CFTMT_0001_3_B1.bin1000000.log 2> /cluster/projects/pughlab/myeloma/projects/MM_cell_drugs/WGS_Pipeline/ichorCNA/logs/ichorCNA/423901-CFTMT_0001_3_B1.bin1000000.log
        
Submitted job 5 with external jobid 'Submitted batch job 5759021'.

[Fri Feb 13 11:35:03 2026]
rule ichorCNA:
    input: /cluster/projects/pughlab/myeloma/projects/MM_cell_drugs/WGS_Pipeline/ichorCNA/readDepth/423901-CFTMT_0004_3_H1.bin1000000.regions.wig
    output: /cluster/projects/pughlab/myeloma/projects/MM_cell_drugs/WGS_Pipeline/ichorCNA/423901-CFTMT_0004_3_H1/423901-CFTMT_0004_3_H1.bin1000000.correctedDepth.txt, /cluster/projects/pughlab/myeloma/projects/MM_cell_drugs/WGS_Pipeline/ichorCNA/423901-CFTMT_0004_3_H1/423901-CFTMT_0004_3_H1.bin1000000.params.txt, /cluster/projects/pughlab/myeloma/projects/MM_cell_drugs/WGS_Pipeline/ichorCNA/423901-CFTMT_0004_3_H1/423901-CFTMT_0004_3_H1.bin1000000.cna.seg, /cluster/projects/pughlab/myeloma/projects/MM_cell_drugs/WGS_Pipeline/ichorCNA/423901-CFTMT_0004_3_H1/423901-CFTMT_0004_3_H1.bin1000000.seg.txt, /cluster/projects/pughlab/myeloma/projects/MM_cell_drugs/WGS_Pipeline/ichorCNA/423901-CFTMT_0004_3_H1/423901-CFTMT_0004_3_H1.bin1000000.seg, /cluster/projects/pughlab/myeloma/projects/MM_cell_drugs/WGS_Pipeline/ichorCNA/423901-CFTMT_0004_3_H1/423901-CFTMT_0004_3_H1.bin1000000.RData
    log: /cluster/projects/pughlab/myeloma/projects/MM_cell_drugs/WGS_Pipeline/ichorCNA/logs/ichorCNA/423901-CFTMT_0004_3_H1.bin1000000.log
    jobid: 1
    wildcards: sample=423901-CFTMT_0004_3_H1, binSize=1000000
    resources: mem_mb=1000, disk_mb=1000, tmpdir=/tmp, mem=4


        module load R && Rscript /cluster/home/t922316uhn/ichorCNA/scripts/runIchorCNA.R           --id 423901-CFTMT_0004_3_H1           --libdir None           --WIG /cluster/projects/pughlab/myeloma/projects/MM_cell_drugs/WGS_Pipeline/ichorCNA/readDepth/423901-CFTMT_0004_3_H1.bin1000000.regions.wig           --gcWig /cluster/home/t922316uhn/ichorCNA/inst/extdata/gc_hg38_1000kb.wig           --mapWig /cluster/home/t922316uhn/ichorCNA/inst/extdata/map_hg38_1000kb.wig           --normalPanel /cluster/home/t922316uhn/ichorCNA/inst/extdata/HD_ULP_PoN_hg38_1Mb_median_normAutosome_median.rds           --ploidy "c(2,3)"           --normal "c(0.5,0.6,0.7,0.8,0.9,0.95)"           --maxCN 5           --includeHOMD False           --chrs "paste0('chr', c(1:22, \"X\"))"           --chrTrain "paste0('chr', c(1:22))"           --genomeStyle UCSC           --genomeBuild hg38           --estimateNormal True           --estimatePloidy True           --estimateScPrevalence True           --scStates "c(1,3)"           --centromere /cluster/home/t922316uhn/ichorCNA/inst/extdata/GRCh38.GCA_000001405.2_centromere_acen.txt           --exons.bed None           --txnE 0.9999           --txnStrength 10000           --minMapScore 0.75           --fracReadsInChrYForMale 0.002           --maxFracGenomeSubclone 0.5           --maxFracCNASubclone 0.7           --plotFileType pdf           --plotYLim "c(-1,1)"           --outDir /cluster/projects/pughlab/myeloma/projects/MM_cell_drugs/WGS_Pipeline/ichorCNA/423901-CFTMT_0004_3_H1/           > /cluster/projects/pughlab/myeloma/projects/MM_cell_drugs/WGS_Pipeline/ichorCNA/logs/ichorCNA/423901-CFTMT_0004_3_H1.bin1000000.log 2> /cluster/projects/pughlab/myeloma/projects/MM_cell_drugs/WGS_Pipeline/ichorCNA/logs/ichorCNA/423901-CFTMT_0004_3_H1.bin1000000.log
        
Submitted job 1 with external jobid 'Submitted batch job 5759022'.
[Fri Feb 13 11:39:43 2026]
Error in rule ichorCNA:
    jobid: 5
    output: /cluster/projects/pughlab/myeloma/projects/MM_cell_drugs/WGS_Pipeline/ichorCNA/423901-CFTMT_0001_3_B1/423901-CFTMT_0001_3_B1.bin1000000.correctedDepth.txt, /cluster/projects/pughlab/myeloma/projects/MM_cell_drugs/WGS_Pipeline/ichorCNA/423901-CFTMT_0001_3_B1/423901-CFTMT_0001_3_B1.bin1000000.params.txt, /cluster/projects/pughlab/myeloma/projects/MM_cell_drugs/WGS_Pipeline/ichorCNA/423901-CFTMT_0001_3_B1/423901-CFTMT_0001_3_B1.bin1000000.cna.seg, /cluster/projects/pughlab/myeloma/projects/MM_cell_drugs/WGS_Pipeline/ichorCNA/423901-CFTMT_0001_3_B1/423901-CFTMT_0001_3_B1.bin1000000.seg.txt, /cluster/projects/pughlab/myeloma/projects/MM_cell_drugs/WGS_Pipeline/ichorCNA/423901-CFTMT_0001_3_B1/423901-CFTMT_0001_3_B1.bin1000000.seg, /cluster/projects/pughlab/myeloma/projects/MM_cell_drugs/WGS_Pipeline/ichorCNA/423901-CFTMT_0001_3_B1/423901-CFTMT_0001_3_B1.bin1000000.RData
    log: /cluster/projects/pughlab/myeloma/projects/MM_cell_drugs/WGS_Pipeline/ichorCNA/logs/ichorCNA/423901-CFTMT_0001_3_B1.bin1000000.log (check log file(s) for error message)
    shell:
        
        module load R && Rscript /cluster/home/t922316uhn/ichorCNA/scripts/runIchorCNA.R           --id 423901-CFTMT_0001_3_B1           --libdir None           --WIG /cluster/projects/pughlab/myeloma/projects/MM_cell_drugs/WGS_Pipeline/ichorCNA/readDepth/423901-CFTMT_0001_3_B1.bin1000000.regions.wig           --gcWig /cluster/home/t922316uhn/ichorCNA/inst/extdata/gc_hg38_1000kb.wig           --mapWig /cluster/home/t922316uhn/ichorCNA/inst/extdata/map_hg38_1000kb.wig           --normalPanel /cluster/home/t922316uhn/ichorCNA/inst/extdata/HD_ULP_PoN_hg38_1Mb_median_normAutosome_median.rds           --ploidy "c(2,3)"           --normal "c(0.5,0.6,0.7,0.8,0.9,0.95)"           --maxCN 5           --includeHOMD False           --chrs "paste0('chr', c(1:22, \"X\"))"           --chrTrain "paste0('chr', c(1:22))"           --genomeStyle UCSC           --genomeBuild hg38           --estimateNormal True           --estimatePloidy True           --estimateScPrevalence True           --scStates "c(1,3)"           --centromere /cluster/home/t922316uhn/ichorCNA/inst/extdata/GRCh38.GCA_000001405.2_centromere_acen.txt           --exons.bed None           --txnE 0.9999           --txnStrength 10000           --minMapScore 0.75           --fracReadsInChrYForMale 0.002           --maxFracGenomeSubclone 0.5           --maxFracCNASubclone 0.7           --plotFileType pdf           --plotYLim "c(-1,1)"           --outDir /cluster/projects/pughlab/myeloma/projects/MM_cell_drugs/WGS_Pipeline/ichorCNA/423901-CFTMT_0001_3_B1/           > /cluster/projects/pughlab/myeloma/projects/MM_cell_drugs/WGS_Pipeline/ichorCNA/logs/ichorCNA/423901-CFTMT_0001_3_B1.bin1000000.log 2> /cluster/projects/pughlab/myeloma/projects/MM_cell_drugs/WGS_Pipeline/ichorCNA/logs/ichorCNA/423901-CFTMT_0001_3_B1.bin1000000.log
        
        (one of the commands exited with non-zero exit code; note that snakemake uses bash strict mode!)
    cluster_jobid: Submitted batch job 5759021

Error executing rule ichorCNA on cluster (jobid: 5, external: Submitted batch job 5759021, jobscript: /cluster/projects/pughlab/myeloma/projects/MM_cell_drugs/WGS_Pipeline/Batch/ichorCNA/.snakemake/tmp.dg2jm1gg/snakejob.ichorCNA.5.sh). For error details see the cluster log and the log files of the involved rule(s).
[Fri Feb 13 11:40:53 2026]
Error in rule ichorCNA:
    jobid: 3
    output: /cluster/projects/pughlab/myeloma/projects/MM_cell_drugs/WGS_Pipeline/ichorCNA/423901-CFTMT_0003_1_E1/423901-CFTMT_0003_1_E1.bin1000000.correctedDepth.txt, /cluster/projects/pughlab/myeloma/projects/MM_cell_drugs/WGS_Pipeline/ichorCNA/423901-CFTMT_0003_1_E1/423901-CFTMT_0003_1_E1.bin1000000.params.txt, /cluster/projects/pughlab/myeloma/projects/MM_cell_drugs/WGS_Pipeline/ichorCNA/423901-CFTMT_0003_1_E1/423901-CFTMT_0003_1_E1.bin1000000.cna.seg, /cluster/projects/pughlab/myeloma/projects/MM_cell_drugs/WGS_Pipeline/ichorCNA/423901-CFTMT_0003_1_E1/423901-CFTMT_0003_1_E1.bin1000000.seg.txt, /cluster/projects/pughlab/myeloma/projects/MM_cell_drugs/WGS_Pipeline/ichorCNA/423901-CFTMT_0003_1_E1/423901-CFTMT_0003_1_E1.bin1000000.seg, /cluster/projects/pughlab/myeloma/projects/MM_cell_drugs/WGS_Pipeline/ichorCNA/423901-CFTMT_0003_1_E1/423901-CFTMT_0003_1_E1.bin1000000.RData
    log: /cluster/projects/pughlab/myeloma/projects/MM_cell_drugs/WGS_Pipeline/ichorCNA/logs/ichorCNA/423901-CFTMT_0003_1_E1.bin1000000.log (check log file(s) for error message)
    shell:
        
        module load R && Rscript /cluster/home/t922316uhn/ichorCNA/scripts/runIchorCNA.R           --id 423901-CFTMT_0003_1_E1           --libdir None           --WIG /cluster/projects/pughlab/myeloma/projects/MM_cell_drugs/WGS_Pipeline/ichorCNA/readDepth/423901-CFTMT_0003_1_E1.bin1000000.regions.wig           --gcWig /cluster/home/t922316uhn/ichorCNA/inst/extdata/gc_hg38_1000kb.wig           --mapWig /cluster/home/t922316uhn/ichorCNA/inst/extdata/map_hg38_1000kb.wig           --normalPanel /cluster/home/t922316uhn/ichorCNA/inst/extdata/HD_ULP_PoN_hg38_1Mb_median_normAutosome_median.rds           --ploidy "c(2,3)"           --normal "c(0.5,0.6,0.7,0.8,0.9,0.95)"           --maxCN 5           --includeHOMD False           --chrs "paste0('chr', c(1:22, \"X\"))"           --chrTrain "paste0('chr', c(1:22))"           --genomeStyle UCSC           --genomeBuild hg38           --estimateNormal True           --estimatePloidy True           --estimateScPrevalence True           --scStates "c(1,3)"           --centromere /cluster/home/t922316uhn/ichorCNA/inst/extdata/GRCh38.GCA_000001405.2_centromere_acen.txt           --exons.bed None           --txnE 0.9999           --txnStrength 10000           --minMapScore 0.75           --fracReadsInChrYForMale 0.002           --maxFracGenomeSubclone 0.5           --maxFracCNASubclone 0.7           --plotFileType pdf           --plotYLim "c(-1,1)"           --outDir /cluster/projects/pughlab/myeloma/projects/MM_cell_drugs/WGS_Pipeline/ichorCNA/423901-CFTMT_0003_1_E1/           > /cluster/projects/pughlab/myeloma/projects/MM_cell_drugs/WGS_Pipeline/ichorCNA/logs/ichorCNA/423901-CFTMT_0003_1_E1.bin1000000.log 2> /cluster/projects/pughlab/myeloma/projects/MM_cell_drugs/WGS_Pipeline/ichorCNA/logs/ichorCNA/423901-CFTMT_0003_1_E1.bin1000000.log
        
        (one of the commands exited with non-zero exit code; note that snakemake uses bash strict mode!)
    cluster_jobid: Submitted batch job 5759020

Error executing rule ichorCNA on cluster (jobid: 3, external: Submitted batch job 5759020, jobscript: /cluster/projects/pughlab/myeloma/projects/MM_cell_drugs/WGS_Pipeline/Batch/ichorCNA/.snakemake/tmp.dg2jm1gg/snakejob.ichorCNA.3.sh). For error details see the cluster log and the log files of the involved rule(s).
[Fri Feb 13 11:41:53 2026]
Error in rule ichorCNA:
    jobid: 1
    output: /cluster/projects/pughlab/myeloma/projects/MM_cell_drugs/WGS_Pipeline/ichorCNA/423901-CFTMT_0004_3_H1/423901-CFTMT_0004_3_H1.bin1000000.correctedDepth.txt, /cluster/projects/pughlab/myeloma/projects/MM_cell_drugs/WGS_Pipeline/ichorCNA/423901-CFTMT_0004_3_H1/423901-CFTMT_0004_3_H1.bin1000000.params.txt, /cluster/projects/pughlab/myeloma/projects/MM_cell_drugs/WGS_Pipeline/ichorCNA/423901-CFTMT_0004_3_H1/423901-CFTMT_0004_3_H1.bin1000000.cna.seg, /cluster/projects/pughlab/myeloma/projects/MM_cell_drugs/WGS_Pipeline/ichorCNA/423901-CFTMT_0004_3_H1/423901-CFTMT_0004_3_H1.bin1000000.seg.txt, /cluster/projects/pughlab/myeloma/projects/MM_cell_drugs/WGS_Pipeline/ichorCNA/423901-CFTMT_0004_3_H1/423901-CFTMT_0004_3_H1.bin1000000.seg, /cluster/projects/pughlab/myeloma/projects/MM_cell_drugs/WGS_Pipeline/ichorCNA/423901-CFTMT_0004_3_H1/423901-CFTMT_0004_3_H1.bin1000000.RData
    log: /cluster/projects/pughlab/myeloma/projects/MM_cell_drugs/WGS_Pipeline/ichorCNA/logs/ichorCNA/423901-CFTMT_0004_3_H1.bin1000000.log (check log file(s) for error message)
    shell:
        
        module load R && Rscript /cluster/home/t922316uhn/ichorCNA/scripts/runIchorCNA.R           --id 423901-CFTMT_0004_3_H1           --libdir None           --WIG /cluster/projects/pughlab/myeloma/projects/MM_cell_drugs/WGS_Pipeline/ichorCNA/readDepth/423901-CFTMT_0004_3_H1.bin1000000.regions.wig           --gcWig /cluster/home/t922316uhn/ichorCNA/inst/extdata/gc_hg38_1000kb.wig           --mapWig /cluster/home/t922316uhn/ichorCNA/inst/extdata/map_hg38_1000kb.wig           --normalPanel /cluster/home/t922316uhn/ichorCNA/inst/extdata/HD_ULP_PoN_hg38_1Mb_median_normAutosome_median.rds           --ploidy "c(2,3)"           --normal "c(0.5,0.6,0.7,0.8,0.9,0.95)"           --maxCN 5           --includeHOMD False           --chrs "paste0('chr', c(1:22, \"X\"))"           --chrTrain "paste0('chr', c(1:22))"           --genomeStyle UCSC           --genomeBuild hg38           --estimateNormal True           --estimatePloidy True           --estimateScPrevalence True           --scStates "c(1,3)"           --centromere /cluster/home/t922316uhn/ichorCNA/inst/extdata/GRCh38.GCA_000001405.2_centromere_acen.txt           --exons.bed None           --txnE 0.9999           --txnStrength 10000           --minMapScore 0.75           --fracReadsInChrYForMale 0.002           --maxFracGenomeSubclone 0.5           --maxFracCNASubclone 0.7           --plotFileType pdf           --plotYLim "c(-1,1)"           --outDir /cluster/projects/pughlab/myeloma/projects/MM_cell_drugs/WGS_Pipeline/ichorCNA/423901-CFTMT_0004_3_H1/           > /cluster/projects/pughlab/myeloma/projects/MM_cell_drugs/WGS_Pipeline/ichorCNA/logs/ichorCNA/423901-CFTMT_0004_3_H1.bin1000000.log 2> /cluster/projects/pughlab/myeloma/projects/MM_cell_drugs/WGS_Pipeline/ichorCNA/logs/ichorCNA/423901-CFTMT_0004_3_H1.bin1000000.log
        
        (one of the commands exited with non-zero exit code; note that snakemake uses bash strict mode!)
    cluster_jobid: Submitted batch job 5759022

Error executing rule ichorCNA on cluster (jobid: 1, external: Submitted batch job 5759022, jobscript: /cluster/projects/pughlab/myeloma/projects/MM_cell_drugs/WGS_Pipeline/Batch/ichorCNA/.snakemake/tmp.dg2jm1gg/snakejob.ichorCNA.1.sh). For error details see the cluster log and the log files of the involved rule(s).
Shutting down, this might take some time.
Exiting because a job execution failed. Look above for error message
Complete log: .snakemake/log/2026-02-13T113502.524049.snakemake.log
