Building DAG of jobs...
Using shell: /usr/bin/bash
Provided cluster nodes: 100
Job stats:
job         count    min threads    max threads
--------  -------  -------------  -------------
all             1              1              1
ichorCNA        7              1              1
total           8              1              1

Select jobs to execute...

[Sun Feb 15 21:44:26 2026]
rule ichorCNA:
    input: /cluster/projects/pughlab/myeloma/projects/MM_cell_drugs/WGS_Pipeline/ichorCNA/readDepth/ALQ_0013_01_LB01.bin1000000.regions.wig
    output: /cluster/projects/pughlab/myeloma/projects/MM_cell_drugs/WGS_Pipeline/ichorCNA/ALQ_0013_01_LB01/ALQ_0013_01_LB01.bin1000000.correctedDepth.txt, /cluster/projects/pughlab/myeloma/projects/MM_cell_drugs/WGS_Pipeline/ichorCNA/ALQ_0013_01_LB01/ALQ_0013_01_LB01.bin1000000.params.txt, /cluster/projects/pughlab/myeloma/projects/MM_cell_drugs/WGS_Pipeline/ichorCNA/ALQ_0013_01_LB01/ALQ_0013_01_LB01.bin1000000.cna.seg, /cluster/projects/pughlab/myeloma/projects/MM_cell_drugs/WGS_Pipeline/ichorCNA/ALQ_0013_01_LB01/ALQ_0013_01_LB01.bin1000000.seg.txt, /cluster/projects/pughlab/myeloma/projects/MM_cell_drugs/WGS_Pipeline/ichorCNA/ALQ_0013_01_LB01/ALQ_0013_01_LB01.bin1000000.seg, /cluster/projects/pughlab/myeloma/projects/MM_cell_drugs/WGS_Pipeline/ichorCNA/ALQ_0013_01_LB01/ALQ_0013_01_LB01.bin1000000.RData
    log: /cluster/projects/pughlab/myeloma/projects/MM_cell_drugs/WGS_Pipeline/ichorCNA/logs/ichorCNA/ALQ_0013_01_LB01.bin1000000.log
    jobid: 3
    wildcards: sample=ALQ_0013_01_LB01, binSize=1000000
    resources: mem_mb=1000, disk_mb=1000, tmpdir=/tmp, mem=4


        module load R && Rscript /cluster/home/t922316uhn/ichorCNA/scripts/runIchorCNA.R           --id ALQ_0013_01_LB01           --libdir None           --WIG /cluster/projects/pughlab/myeloma/projects/MM_cell_drugs/WGS_Pipeline/ichorCNA/readDepth/ALQ_0013_01_LB01.bin1000000.regions.wig           --gcWig /cluster/home/t922316uhn/ichorCNA/inst/extdata/gc_hg38_1000kb.wig           --mapWig /cluster/home/t922316uhn/ichorCNA/inst/extdata/map_hg38_1000kb.wig           --normalPanel /cluster/home/t922316uhn/ichorCNA/inst/extdata/HD_ULP_PoN_hg38_1Mb_median_normAutosome_median.rds           --ploidy "c(2,3)"           --normal "c(0.5,0.6,0.7,0.8,0.9,0.95)"           --maxCN 5           --includeHOMD False           --chrs "paste0('chr', c(1:22, \"X\"))"           --chrTrain "paste0('chr', c(1:22))"           --genomeStyle UCSC           --genomeBuild hg38           --estimateNormal True           --estimatePloidy True           --estimateScPrevalence True           --scStates "c(1,3)"           --centromere /cluster/home/t922316uhn/ichorCNA/inst/extdata/GRCh38.GCA_000001405.2_centromere_acen.txt           --exons.bed None           --txnE 0.9999           --txnStrength 10000           --minMapScore 0.75           --fracReadsInChrYForMale 0.002           --maxFracGenomeSubclone 0.5           --maxFracCNASubclone 0.7           --plotFileType pdf           --plotYLim "c(-1,1)"           --outDir /cluster/projects/pughlab/myeloma/projects/MM_cell_drugs/WGS_Pipeline/ichorCNA/ALQ_0013_01_LB01/           > /cluster/projects/pughlab/myeloma/projects/MM_cell_drugs/WGS_Pipeline/ichorCNA/logs/ichorCNA/ALQ_0013_01_LB01.bin1000000.log 2> /cluster/projects/pughlab/myeloma/projects/MM_cell_drugs/WGS_Pipeline/ichorCNA/logs/ichorCNA/ALQ_0013_01_LB01.bin1000000.log
        
Submitted job 3 with external jobid 'Submitted batch job 5776855'.

[Sun Feb 15 21:44:26 2026]
rule ichorCNA:
    input: /cluster/projects/pughlab/myeloma/projects/MM_cell_drugs/WGS_Pipeline/ichorCNA/readDepth/ALQ_0011_01_LB01.bin1000000.regions.wig
    output: /cluster/projects/pughlab/myeloma/projects/MM_cell_drugs/WGS_Pipeline/ichorCNA/ALQ_0011_01_LB01/ALQ_0011_01_LB01.bin1000000.correctedDepth.txt, /cluster/projects/pughlab/myeloma/projects/MM_cell_drugs/WGS_Pipeline/ichorCNA/ALQ_0011_01_LB01/ALQ_0011_01_LB01.bin1000000.params.txt, /cluster/projects/pughlab/myeloma/projects/MM_cell_drugs/WGS_Pipeline/ichorCNA/ALQ_0011_01_LB01/ALQ_0011_01_LB01.bin1000000.cna.seg, /cluster/projects/pughlab/myeloma/projects/MM_cell_drugs/WGS_Pipeline/ichorCNA/ALQ_0011_01_LB01/ALQ_0011_01_LB01.bin1000000.seg.txt, /cluster/projects/pughlab/myeloma/projects/MM_cell_drugs/WGS_Pipeline/ichorCNA/ALQ_0011_01_LB01/ALQ_0011_01_LB01.bin1000000.seg, /cluster/projects/pughlab/myeloma/projects/MM_cell_drugs/WGS_Pipeline/ichorCNA/ALQ_0011_01_LB01/ALQ_0011_01_LB01.bin1000000.RData
    log: /cluster/projects/pughlab/myeloma/projects/MM_cell_drugs/WGS_Pipeline/ichorCNA/logs/ichorCNA/ALQ_0011_01_LB01.bin1000000.log
    jobid: 5
    wildcards: sample=ALQ_0011_01_LB01, binSize=1000000
    resources: mem_mb=1000, disk_mb=1000, tmpdir=/tmp, mem=4


        module load R && Rscript /cluster/home/t922316uhn/ichorCNA/scripts/runIchorCNA.R           --id ALQ_0011_01_LB01           --libdir None           --WIG /cluster/projects/pughlab/myeloma/projects/MM_cell_drugs/WGS_Pipeline/ichorCNA/readDepth/ALQ_0011_01_LB01.bin1000000.regions.wig           --gcWig /cluster/home/t922316uhn/ichorCNA/inst/extdata/gc_hg38_1000kb.wig           --mapWig /cluster/home/t922316uhn/ichorCNA/inst/extdata/map_hg38_1000kb.wig           --normalPanel /cluster/home/t922316uhn/ichorCNA/inst/extdata/HD_ULP_PoN_hg38_1Mb_median_normAutosome_median.rds           --ploidy "c(2,3)"           --normal "c(0.5,0.6,0.7,0.8,0.9,0.95)"           --maxCN 5           --includeHOMD False           --chrs "paste0('chr', c(1:22, \"X\"))"           --chrTrain "paste0('chr', c(1:22))"           --genomeStyle UCSC           --genomeBuild hg38           --estimateNormal True           --estimatePloidy True           --estimateScPrevalence True           --scStates "c(1,3)"           --centromere /cluster/home/t922316uhn/ichorCNA/inst/extdata/GRCh38.GCA_000001405.2_centromere_acen.txt           --exons.bed None           --txnE 0.9999           --txnStrength 10000           --minMapScore 0.75           --fracReadsInChrYForMale 0.002           --maxFracGenomeSubclone 0.5           --maxFracCNASubclone 0.7           --plotFileType pdf           --plotYLim "c(-1,1)"           --outDir /cluster/projects/pughlab/myeloma/projects/MM_cell_drugs/WGS_Pipeline/ichorCNA/ALQ_0011_01_LB01/           > /cluster/projects/pughlab/myeloma/projects/MM_cell_drugs/WGS_Pipeline/ichorCNA/logs/ichorCNA/ALQ_0011_01_LB01.bin1000000.log 2> /cluster/projects/pughlab/myeloma/projects/MM_cell_drugs/WGS_Pipeline/ichorCNA/logs/ichorCNA/ALQ_0011_01_LB01.bin1000000.log
        
Submitted job 5 with external jobid 'Submitted batch job 5776856'.

[Sun Feb 15 21:44:26 2026]
rule ichorCNA:
    input: /cluster/projects/pughlab/myeloma/projects/MM_cell_drugs/WGS_Pipeline/ichorCNA/readDepth/ALQ_0005_03_LB01.bin1000000.regions.wig
    output: /cluster/projects/pughlab/myeloma/projects/MM_cell_drugs/WGS_Pipeline/ichorCNA/ALQ_0005_03_LB01/ALQ_0005_03_LB01.bin1000000.correctedDepth.txt, /cluster/projects/pughlab/myeloma/projects/MM_cell_drugs/WGS_Pipeline/ichorCNA/ALQ_0005_03_LB01/ALQ_0005_03_LB01.bin1000000.params.txt, /cluster/projects/pughlab/myeloma/projects/MM_cell_drugs/WGS_Pipeline/ichorCNA/ALQ_0005_03_LB01/ALQ_0005_03_LB01.bin1000000.cna.seg, /cluster/projects/pughlab/myeloma/projects/MM_cell_drugs/WGS_Pipeline/ichorCNA/ALQ_0005_03_LB01/ALQ_0005_03_LB01.bin1000000.seg.txt, /cluster/projects/pughlab/myeloma/projects/MM_cell_drugs/WGS_Pipeline/ichorCNA/ALQ_0005_03_LB01/ALQ_0005_03_LB01.bin1000000.seg, /cluster/projects/pughlab/myeloma/projects/MM_cell_drugs/WGS_Pipeline/ichorCNA/ALQ_0005_03_LB01/ALQ_0005_03_LB01.bin1000000.RData
    log: /cluster/projects/pughlab/myeloma/projects/MM_cell_drugs/WGS_Pipeline/ichorCNA/logs/ichorCNA/ALQ_0005_03_LB01.bin1000000.log
    jobid: 7
    wildcards: sample=ALQ_0005_03_LB01, binSize=1000000
    resources: mem_mb=1000, disk_mb=1000, tmpdir=/tmp, mem=4


        module load R && Rscript /cluster/home/t922316uhn/ichorCNA/scripts/runIchorCNA.R           --id ALQ_0005_03_LB01           --libdir None           --WIG /cluster/projects/pughlab/myeloma/projects/MM_cell_drugs/WGS_Pipeline/ichorCNA/readDepth/ALQ_0005_03_LB01.bin1000000.regions.wig           --gcWig /cluster/home/t922316uhn/ichorCNA/inst/extdata/gc_hg38_1000kb.wig           --mapWig /cluster/home/t922316uhn/ichorCNA/inst/extdata/map_hg38_1000kb.wig           --normalPanel /cluster/home/t922316uhn/ichorCNA/inst/extdata/HD_ULP_PoN_hg38_1Mb_median_normAutosome_median.rds           --ploidy "c(2,3)"           --normal "c(0.5,0.6,0.7,0.8,0.9,0.95)"           --maxCN 5           --includeHOMD False           --chrs "paste0('chr', c(1:22, \"X\"))"           --chrTrain "paste0('chr', c(1:22))"           --genomeStyle UCSC           --genomeBuild hg38           --estimateNormal True           --estimatePloidy True           --estimateScPrevalence True           --scStates "c(1,3)"           --centromere /cluster/home/t922316uhn/ichorCNA/inst/extdata/GRCh38.GCA_000001405.2_centromere_acen.txt           --exons.bed None           --txnE 0.9999           --txnStrength 10000           --minMapScore 0.75           --fracReadsInChrYForMale 0.002           --maxFracGenomeSubclone 0.5           --maxFracCNASubclone 0.7           --plotFileType pdf           --plotYLim "c(-1,1)"           --outDir /cluster/projects/pughlab/myeloma/projects/MM_cell_drugs/WGS_Pipeline/ichorCNA/ALQ_0005_03_LB01/           > /cluster/projects/pughlab/myeloma/projects/MM_cell_drugs/WGS_Pipeline/ichorCNA/logs/ichorCNA/ALQ_0005_03_LB01.bin1000000.log 2> /cluster/projects/pughlab/myeloma/projects/MM_cell_drugs/WGS_Pipeline/ichorCNA/logs/ichorCNA/ALQ_0005_03_LB01.bin1000000.log
        
Submitted job 7 with external jobid 'Submitted batch job 5776857'.

[Sun Feb 15 21:44:26 2026]
rule ichorCNA:
    input: /cluster/projects/pughlab/myeloma/projects/MM_cell_drugs/WGS_Pipeline/ichorCNA/readDepth/ALQ_0014_01_LB01.bin1000000.regions.wig
    output: /cluster/projects/pughlab/myeloma/projects/MM_cell_drugs/WGS_Pipeline/ichorCNA/ALQ_0014_01_LB01/ALQ_0014_01_LB01.bin1000000.correctedDepth.txt, /cluster/projects/pughlab/myeloma/projects/MM_cell_drugs/WGS_Pipeline/ichorCNA/ALQ_0014_01_LB01/ALQ_0014_01_LB01.bin1000000.params.txt, /cluster/projects/pughlab/myeloma/projects/MM_cell_drugs/WGS_Pipeline/ichorCNA/ALQ_0014_01_LB01/ALQ_0014_01_LB01.bin1000000.cna.seg, /cluster/projects/pughlab/myeloma/projects/MM_cell_drugs/WGS_Pipeline/ichorCNA/ALQ_0014_01_LB01/ALQ_0014_01_LB01.bin1000000.seg.txt, /cluster/projects/pughlab/myeloma/projects/MM_cell_drugs/WGS_Pipeline/ichorCNA/ALQ_0014_01_LB01/ALQ_0014_01_LB01.bin1000000.seg, /cluster/projects/pughlab/myeloma/projects/MM_cell_drugs/WGS_Pipeline/ichorCNA/ALQ_0014_01_LB01/ALQ_0014_01_LB01.bin1000000.RData
    log: /cluster/projects/pughlab/myeloma/projects/MM_cell_drugs/WGS_Pipeline/ichorCNA/logs/ichorCNA/ALQ_0014_01_LB01.bin1000000.log
    jobid: 9
    wildcards: sample=ALQ_0014_01_LB01, binSize=1000000
    resources: mem_mb=1000, disk_mb=1000, tmpdir=/tmp, mem=4


        module load R && Rscript /cluster/home/t922316uhn/ichorCNA/scripts/runIchorCNA.R           --id ALQ_0014_01_LB01           --libdir None           --WIG /cluster/projects/pughlab/myeloma/projects/MM_cell_drugs/WGS_Pipeline/ichorCNA/readDepth/ALQ_0014_01_LB01.bin1000000.regions.wig           --gcWig /cluster/home/t922316uhn/ichorCNA/inst/extdata/gc_hg38_1000kb.wig           --mapWig /cluster/home/t922316uhn/ichorCNA/inst/extdata/map_hg38_1000kb.wig           --normalPanel /cluster/home/t922316uhn/ichorCNA/inst/extdata/HD_ULP_PoN_hg38_1Mb_median_normAutosome_median.rds           --ploidy "c(2,3)"           --normal "c(0.5,0.6,0.7,0.8,0.9,0.95)"           --maxCN 5           --includeHOMD False           --chrs "paste0('chr', c(1:22, \"X\"))"           --chrTrain "paste0('chr', c(1:22))"           --genomeStyle UCSC           --genomeBuild hg38           --estimateNormal True           --estimatePloidy True           --estimateScPrevalence True           --scStates "c(1,3)"           --centromere /cluster/home/t922316uhn/ichorCNA/inst/extdata/GRCh38.GCA_000001405.2_centromere_acen.txt           --exons.bed None           --txnE 0.9999           --txnStrength 10000           --minMapScore 0.75           --fracReadsInChrYForMale 0.002           --maxFracGenomeSubclone 0.5           --maxFracCNASubclone 0.7           --plotFileType pdf           --plotYLim "c(-1,1)"           --outDir /cluster/projects/pughlab/myeloma/projects/MM_cell_drugs/WGS_Pipeline/ichorCNA/ALQ_0014_01_LB01/           > /cluster/projects/pughlab/myeloma/projects/MM_cell_drugs/WGS_Pipeline/ichorCNA/logs/ichorCNA/ALQ_0014_01_LB01.bin1000000.log 2> /cluster/projects/pughlab/myeloma/projects/MM_cell_drugs/WGS_Pipeline/ichorCNA/logs/ichorCNA/ALQ_0014_01_LB01.bin1000000.log
        
Submitted job 9 with external jobid 'Submitted batch job 5776858'.

[Sun Feb 15 21:44:26 2026]
rule ichorCNA:
    input: /cluster/projects/pughlab/myeloma/projects/MM_cell_drugs/WGS_Pipeline/ichorCNA/readDepth/ALQ_0012_01_LB01.bin1000000.regions.wig
    output: /cluster/projects/pughlab/myeloma/projects/MM_cell_drugs/WGS_Pipeline/ichorCNA/ALQ_0012_01_LB01/ALQ_0012_01_LB01.bin1000000.correctedDepth.txt, /cluster/projects/pughlab/myeloma/projects/MM_cell_drugs/WGS_Pipeline/ichorCNA/ALQ_0012_01_LB01/ALQ_0012_01_LB01.bin1000000.params.txt, /cluster/projects/pughlab/myeloma/projects/MM_cell_drugs/WGS_Pipeline/ichorCNA/ALQ_0012_01_LB01/ALQ_0012_01_LB01.bin1000000.cna.seg, /cluster/projects/pughlab/myeloma/projects/MM_cell_drugs/WGS_Pipeline/ichorCNA/ALQ_0012_01_LB01/ALQ_0012_01_LB01.bin1000000.seg.txt, /cluster/projects/pughlab/myeloma/projects/MM_cell_drugs/WGS_Pipeline/ichorCNA/ALQ_0012_01_LB01/ALQ_0012_01_LB01.bin1000000.seg, /cluster/projects/pughlab/myeloma/projects/MM_cell_drugs/WGS_Pipeline/ichorCNA/ALQ_0012_01_LB01/ALQ_0012_01_LB01.bin1000000.RData
    log: /cluster/projects/pughlab/myeloma/projects/MM_cell_drugs/WGS_Pipeline/ichorCNA/logs/ichorCNA/ALQ_0012_01_LB01.bin1000000.log
    jobid: 11
    wildcards: sample=ALQ_0012_01_LB01, binSize=1000000
    resources: mem_mb=1000, disk_mb=1000, tmpdir=/tmp, mem=4


        module load R && Rscript /cluster/home/t922316uhn/ichorCNA/scripts/runIchorCNA.R           --id ALQ_0012_01_LB01           --libdir None           --WIG /cluster/projects/pughlab/myeloma/projects/MM_cell_drugs/WGS_Pipeline/ichorCNA/readDepth/ALQ_0012_01_LB01.bin1000000.regions.wig           --gcWig /cluster/home/t922316uhn/ichorCNA/inst/extdata/gc_hg38_1000kb.wig           --mapWig /cluster/home/t922316uhn/ichorCNA/inst/extdata/map_hg38_1000kb.wig           --normalPanel /cluster/home/t922316uhn/ichorCNA/inst/extdata/HD_ULP_PoN_hg38_1Mb_median_normAutosome_median.rds           --ploidy "c(2,3)"           --normal "c(0.5,0.6,0.7,0.8,0.9,0.95)"           --maxCN 5           --includeHOMD False           --chrs "paste0('chr', c(1:22, \"X\"))"           --chrTrain "paste0('chr', c(1:22))"           --genomeStyle UCSC           --genomeBuild hg38           --estimateNormal True           --estimatePloidy True           --estimateScPrevalence True           --scStates "c(1,3)"           --centromere /cluster/home/t922316uhn/ichorCNA/inst/extdata/GRCh38.GCA_000001405.2_centromere_acen.txt           --exons.bed None           --txnE 0.9999           --txnStrength 10000           --minMapScore 0.75           --fracReadsInChrYForMale 0.002           --maxFracGenomeSubclone 0.5           --maxFracCNASubclone 0.7           --plotFileType pdf           --plotYLim "c(-1,1)"           --outDir /cluster/projects/pughlab/myeloma/projects/MM_cell_drugs/WGS_Pipeline/ichorCNA/ALQ_0012_01_LB01/           > /cluster/projects/pughlab/myeloma/projects/MM_cell_drugs/WGS_Pipeline/ichorCNA/logs/ichorCNA/ALQ_0012_01_LB01.bin1000000.log 2> /cluster/projects/pughlab/myeloma/projects/MM_cell_drugs/WGS_Pipeline/ichorCNA/logs/ichorCNA/ALQ_0012_01_LB01.bin1000000.log
        
Submitted job 11 with external jobid 'Submitted batch job 5776859'.

[Sun Feb 15 21:44:26 2026]
rule ichorCNA:
    input: /cluster/projects/pughlab/myeloma/projects/MM_cell_drugs/WGS_Pipeline/ichorCNA/readDepth/ALQ_0010_01_LB01.bin1000000.regions.wig
    output: /cluster/projects/pughlab/myeloma/projects/MM_cell_drugs/WGS_Pipeline/ichorCNA/ALQ_0010_01_LB01/ALQ_0010_01_LB01.bin1000000.correctedDepth.txt, /cluster/projects/pughlab/myeloma/projects/MM_cell_drugs/WGS_Pipeline/ichorCNA/ALQ_0010_01_LB01/ALQ_0010_01_LB01.bin1000000.params.txt, /cluster/projects/pughlab/myeloma/projects/MM_cell_drugs/WGS_Pipeline/ichorCNA/ALQ_0010_01_LB01/ALQ_0010_01_LB01.bin1000000.cna.seg, /cluster/projects/pughlab/myeloma/projects/MM_cell_drugs/WGS_Pipeline/ichorCNA/ALQ_0010_01_LB01/ALQ_0010_01_LB01.bin1000000.seg.txt, /cluster/projects/pughlab/myeloma/projects/MM_cell_drugs/WGS_Pipeline/ichorCNA/ALQ_0010_01_LB01/ALQ_0010_01_LB01.bin1000000.seg, /cluster/projects/pughlab/myeloma/projects/MM_cell_drugs/WGS_Pipeline/ichorCNA/ALQ_0010_01_LB01/ALQ_0010_01_LB01.bin1000000.RData
    log: /cluster/projects/pughlab/myeloma/projects/MM_cell_drugs/WGS_Pipeline/ichorCNA/logs/ichorCNA/ALQ_0010_01_LB01.bin1000000.log
    jobid: 13
    wildcards: sample=ALQ_0010_01_LB01, binSize=1000000
    resources: mem_mb=1000, disk_mb=1000, tmpdir=/tmp, mem=4


        module load R && Rscript /cluster/home/t922316uhn/ichorCNA/scripts/runIchorCNA.R           --id ALQ_0010_01_LB01           --libdir None           --WIG /cluster/projects/pughlab/myeloma/projects/MM_cell_drugs/WGS_Pipeline/ichorCNA/readDepth/ALQ_0010_01_LB01.bin1000000.regions.wig           --gcWig /cluster/home/t922316uhn/ichorCNA/inst/extdata/gc_hg38_1000kb.wig           --mapWig /cluster/home/t922316uhn/ichorCNA/inst/extdata/map_hg38_1000kb.wig           --normalPanel /cluster/home/t922316uhn/ichorCNA/inst/extdata/HD_ULP_PoN_hg38_1Mb_median_normAutosome_median.rds           --ploidy "c(2,3)"           --normal "c(0.5,0.6,0.7,0.8,0.9,0.95)"           --maxCN 5           --includeHOMD False           --chrs "paste0('chr', c(1:22, \"X\"))"           --chrTrain "paste0('chr', c(1:22))"           --genomeStyle UCSC           --genomeBuild hg38           --estimateNormal True           --estimatePloidy True           --estimateScPrevalence True           --scStates "c(1,3)"           --centromere /cluster/home/t922316uhn/ichorCNA/inst/extdata/GRCh38.GCA_000001405.2_centromere_acen.txt           --exons.bed None           --txnE 0.9999           --txnStrength 10000           --minMapScore 0.75           --fracReadsInChrYForMale 0.002           --maxFracGenomeSubclone 0.5           --maxFracCNASubclone 0.7           --plotFileType pdf           --plotYLim "c(-1,1)"           --outDir /cluster/projects/pughlab/myeloma/projects/MM_cell_drugs/WGS_Pipeline/ichorCNA/ALQ_0010_01_LB01/           > /cluster/projects/pughlab/myeloma/projects/MM_cell_drugs/WGS_Pipeline/ichorCNA/logs/ichorCNA/ALQ_0010_01_LB01.bin1000000.log 2> /cluster/projects/pughlab/myeloma/projects/MM_cell_drugs/WGS_Pipeline/ichorCNA/logs/ichorCNA/ALQ_0010_01_LB01.bin1000000.log
        
Submitted job 13 with external jobid 'Submitted batch job 5776860'.

[Sun Feb 15 21:44:27 2026]
rule ichorCNA:
    input: /cluster/projects/pughlab/myeloma/projects/MM_cell_drugs/WGS_Pipeline/ichorCNA/readDepth/ALQ_0004_02_LB01.bin1000000.regions.wig
    output: /cluster/projects/pughlab/myeloma/projects/MM_cell_drugs/WGS_Pipeline/ichorCNA/ALQ_0004_02_LB01/ALQ_0004_02_LB01.bin1000000.correctedDepth.txt, /cluster/projects/pughlab/myeloma/projects/MM_cell_drugs/WGS_Pipeline/ichorCNA/ALQ_0004_02_LB01/ALQ_0004_02_LB01.bin1000000.params.txt, /cluster/projects/pughlab/myeloma/projects/MM_cell_drugs/WGS_Pipeline/ichorCNA/ALQ_0004_02_LB01/ALQ_0004_02_LB01.bin1000000.cna.seg, /cluster/projects/pughlab/myeloma/projects/MM_cell_drugs/WGS_Pipeline/ichorCNA/ALQ_0004_02_LB01/ALQ_0004_02_LB01.bin1000000.seg.txt, /cluster/projects/pughlab/myeloma/projects/MM_cell_drugs/WGS_Pipeline/ichorCNA/ALQ_0004_02_LB01/ALQ_0004_02_LB01.bin1000000.seg, /cluster/projects/pughlab/myeloma/projects/MM_cell_drugs/WGS_Pipeline/ichorCNA/ALQ_0004_02_LB01/ALQ_0004_02_LB01.bin1000000.RData
    log: /cluster/projects/pughlab/myeloma/projects/MM_cell_drugs/WGS_Pipeline/ichorCNA/logs/ichorCNA/ALQ_0004_02_LB01.bin1000000.log
    jobid: 1
    wildcards: sample=ALQ_0004_02_LB01, binSize=1000000
    resources: mem_mb=1000, disk_mb=1000, tmpdir=/tmp, mem=4


        module load R && Rscript /cluster/home/t922316uhn/ichorCNA/scripts/runIchorCNA.R           --id ALQ_0004_02_LB01           --libdir None           --WIG /cluster/projects/pughlab/myeloma/projects/MM_cell_drugs/WGS_Pipeline/ichorCNA/readDepth/ALQ_0004_02_LB01.bin1000000.regions.wig           --gcWig /cluster/home/t922316uhn/ichorCNA/inst/extdata/gc_hg38_1000kb.wig           --mapWig /cluster/home/t922316uhn/ichorCNA/inst/extdata/map_hg38_1000kb.wig           --normalPanel /cluster/home/t922316uhn/ichorCNA/inst/extdata/HD_ULP_PoN_hg38_1Mb_median_normAutosome_median.rds           --ploidy "c(2,3)"           --normal "c(0.5,0.6,0.7,0.8,0.9,0.95)"           --maxCN 5           --includeHOMD False           --chrs "paste0('chr', c(1:22, \"X\"))"           --chrTrain "paste0('chr', c(1:22))"           --genomeStyle UCSC           --genomeBuild hg38           --estimateNormal True           --estimatePloidy True           --estimateScPrevalence True           --scStates "c(1,3)"           --centromere /cluster/home/t922316uhn/ichorCNA/inst/extdata/GRCh38.GCA_000001405.2_centromere_acen.txt           --exons.bed None           --txnE 0.9999           --txnStrength 10000           --minMapScore 0.75           --fracReadsInChrYForMale 0.002           --maxFracGenomeSubclone 0.5           --maxFracCNASubclone 0.7           --plotFileType pdf           --plotYLim "c(-1,1)"           --outDir /cluster/projects/pughlab/myeloma/projects/MM_cell_drugs/WGS_Pipeline/ichorCNA/ALQ_0004_02_LB01/           > /cluster/projects/pughlab/myeloma/projects/MM_cell_drugs/WGS_Pipeline/ichorCNA/logs/ichorCNA/ALQ_0004_02_LB01.bin1000000.log 2> /cluster/projects/pughlab/myeloma/projects/MM_cell_drugs/WGS_Pipeline/ichorCNA/logs/ichorCNA/ALQ_0004_02_LB01.bin1000000.log
        
Submitted job 1 with external jobid 'Submitted batch job 5776861'.
[Sun Feb 15 21:46:16 2026]
Error in rule ichorCNA:
    jobid: 3
    output: /cluster/projects/pughlab/myeloma/projects/MM_cell_drugs/WGS_Pipeline/ichorCNA/ALQ_0013_01_LB01/ALQ_0013_01_LB01.bin1000000.correctedDepth.txt, /cluster/projects/pughlab/myeloma/projects/MM_cell_drugs/WGS_Pipeline/ichorCNA/ALQ_0013_01_LB01/ALQ_0013_01_LB01.bin1000000.params.txt, /cluster/projects/pughlab/myeloma/projects/MM_cell_drugs/WGS_Pipeline/ichorCNA/ALQ_0013_01_LB01/ALQ_0013_01_LB01.bin1000000.cna.seg, /cluster/projects/pughlab/myeloma/projects/MM_cell_drugs/WGS_Pipeline/ichorCNA/ALQ_0013_01_LB01/ALQ_0013_01_LB01.bin1000000.seg.txt, /cluster/projects/pughlab/myeloma/projects/MM_cell_drugs/WGS_Pipeline/ichorCNA/ALQ_0013_01_LB01/ALQ_0013_01_LB01.bin1000000.seg, /cluster/projects/pughlab/myeloma/projects/MM_cell_drugs/WGS_Pipeline/ichorCNA/ALQ_0013_01_LB01/ALQ_0013_01_LB01.bin1000000.RData
    log: /cluster/projects/pughlab/myeloma/projects/MM_cell_drugs/WGS_Pipeline/ichorCNA/logs/ichorCNA/ALQ_0013_01_LB01.bin1000000.log (check log file(s) for error message)
    shell:
        
        module load R && Rscript /cluster/home/t922316uhn/ichorCNA/scripts/runIchorCNA.R           --id ALQ_0013_01_LB01           --libdir None           --WIG /cluster/projects/pughlab/myeloma/projects/MM_cell_drugs/WGS_Pipeline/ichorCNA/readDepth/ALQ_0013_01_LB01.bin1000000.regions.wig           --gcWig /cluster/home/t922316uhn/ichorCNA/inst/extdata/gc_hg38_1000kb.wig           --mapWig /cluster/home/t922316uhn/ichorCNA/inst/extdata/map_hg38_1000kb.wig           --normalPanel /cluster/home/t922316uhn/ichorCNA/inst/extdata/HD_ULP_PoN_hg38_1Mb_median_normAutosome_median.rds           --ploidy "c(2,3)"           --normal "c(0.5,0.6,0.7,0.8,0.9,0.95)"           --maxCN 5           --includeHOMD False           --chrs "paste0('chr', c(1:22, \"X\"))"           --chrTrain "paste0('chr', c(1:22))"           --genomeStyle UCSC           --genomeBuild hg38           --estimateNormal True           --estimatePloidy True           --estimateScPrevalence True           --scStates "c(1,3)"           --centromere /cluster/home/t922316uhn/ichorCNA/inst/extdata/GRCh38.GCA_000001405.2_centromere_acen.txt           --exons.bed None           --txnE 0.9999           --txnStrength 10000           --minMapScore 0.75           --fracReadsInChrYForMale 0.002           --maxFracGenomeSubclone 0.5           --maxFracCNASubclone 0.7           --plotFileType pdf           --plotYLim "c(-1,1)"           --outDir /cluster/projects/pughlab/myeloma/projects/MM_cell_drugs/WGS_Pipeline/ichorCNA/ALQ_0013_01_LB01/           > /cluster/projects/pughlab/myeloma/projects/MM_cell_drugs/WGS_Pipeline/ichorCNA/logs/ichorCNA/ALQ_0013_01_LB01.bin1000000.log 2> /cluster/projects/pughlab/myeloma/projects/MM_cell_drugs/WGS_Pipeline/ichorCNA/logs/ichorCNA/ALQ_0013_01_LB01.bin1000000.log
        
        (one of the commands exited with non-zero exit code; note that snakemake uses bash strict mode!)
    cluster_jobid: Submitted batch job 5776855

Error executing rule ichorCNA on cluster (jobid: 3, external: Submitted batch job 5776855, jobscript: /cluster/projects/pughlab/myeloma/projects/MM_cell_drugs/WGS_Pipeline/Batch/ichorCNA/.snakemake/tmp.w5wq4xxm/snakejob.ichorCNA.3.sh). For error details see the cluster log and the log files of the involved rule(s).
[Sun Feb 15 21:46:16 2026]
Error in rule ichorCNA:
    jobid: 13
    output: /cluster/projects/pughlab/myeloma/projects/MM_cell_drugs/WGS_Pipeline/ichorCNA/ALQ_0010_01_LB01/ALQ_0010_01_LB01.bin1000000.correctedDepth.txt, /cluster/projects/pughlab/myeloma/projects/MM_cell_drugs/WGS_Pipeline/ichorCNA/ALQ_0010_01_LB01/ALQ_0010_01_LB01.bin1000000.params.txt, /cluster/projects/pughlab/myeloma/projects/MM_cell_drugs/WGS_Pipeline/ichorCNA/ALQ_0010_01_LB01/ALQ_0010_01_LB01.bin1000000.cna.seg, /cluster/projects/pughlab/myeloma/projects/MM_cell_drugs/WGS_Pipeline/ichorCNA/ALQ_0010_01_LB01/ALQ_0010_01_LB01.bin1000000.seg.txt, /cluster/projects/pughlab/myeloma/projects/MM_cell_drugs/WGS_Pipeline/ichorCNA/ALQ_0010_01_LB01/ALQ_0010_01_LB01.bin1000000.seg, /cluster/projects/pughlab/myeloma/projects/MM_cell_drugs/WGS_Pipeline/ichorCNA/ALQ_0010_01_LB01/ALQ_0010_01_LB01.bin1000000.RData
    log: /cluster/projects/pughlab/myeloma/projects/MM_cell_drugs/WGS_Pipeline/ichorCNA/logs/ichorCNA/ALQ_0010_01_LB01.bin1000000.log (check log file(s) for error message)
    shell:
        
        module load R && Rscript /cluster/home/t922316uhn/ichorCNA/scripts/runIchorCNA.R           --id ALQ_0010_01_LB01           --libdir None           --WIG /cluster/projects/pughlab/myeloma/projects/MM_cell_drugs/WGS_Pipeline/ichorCNA/readDepth/ALQ_0010_01_LB01.bin1000000.regions.wig           --gcWig /cluster/home/t922316uhn/ichorCNA/inst/extdata/gc_hg38_1000kb.wig           --mapWig /cluster/home/t922316uhn/ichorCNA/inst/extdata/map_hg38_1000kb.wig           --normalPanel /cluster/home/t922316uhn/ichorCNA/inst/extdata/HD_ULP_PoN_hg38_1Mb_median_normAutosome_median.rds           --ploidy "c(2,3)"           --normal "c(0.5,0.6,0.7,0.8,0.9,0.95)"           --maxCN 5           --includeHOMD False           --chrs "paste0('chr', c(1:22, \"X\"))"           --chrTrain "paste0('chr', c(1:22))"           --genomeStyle UCSC           --genomeBuild hg38           --estimateNormal True           --estimatePloidy True           --estimateScPrevalence True           --scStates "c(1,3)"           --centromere /cluster/home/t922316uhn/ichorCNA/inst/extdata/GRCh38.GCA_000001405.2_centromere_acen.txt           --exons.bed None           --txnE 0.9999           --txnStrength 10000           --minMapScore 0.75           --fracReadsInChrYForMale 0.002           --maxFracGenomeSubclone 0.5           --maxFracCNASubclone 0.7           --plotFileType pdf           --plotYLim "c(-1,1)"           --outDir /cluster/projects/pughlab/myeloma/projects/MM_cell_drugs/WGS_Pipeline/ichorCNA/ALQ_0010_01_LB01/           > /cluster/projects/pughlab/myeloma/projects/MM_cell_drugs/WGS_Pipeline/ichorCNA/logs/ichorCNA/ALQ_0010_01_LB01.bin1000000.log 2> /cluster/projects/pughlab/myeloma/projects/MM_cell_drugs/WGS_Pipeline/ichorCNA/logs/ichorCNA/ALQ_0010_01_LB01.bin1000000.log
        
        (one of the commands exited with non-zero exit code; note that snakemake uses bash strict mode!)
    cluster_jobid: Submitted batch job 5776860

Error executing rule ichorCNA on cluster (jobid: 13, external: Submitted batch job 5776860, jobscript: /cluster/projects/pughlab/myeloma/projects/MM_cell_drugs/WGS_Pipeline/Batch/ichorCNA/.snakemake/tmp.w5wq4xxm/snakejob.ichorCNA.13.sh). For error details see the cluster log and the log files of the involved rule(s).
[Sun Feb 15 21:46:26 2026]
Error in rule ichorCNA:
    jobid: 7
    output: /cluster/projects/pughlab/myeloma/projects/MM_cell_drugs/WGS_Pipeline/ichorCNA/ALQ_0005_03_LB01/ALQ_0005_03_LB01.bin1000000.correctedDepth.txt, /cluster/projects/pughlab/myeloma/projects/MM_cell_drugs/WGS_Pipeline/ichorCNA/ALQ_0005_03_LB01/ALQ_0005_03_LB01.bin1000000.params.txt, /cluster/projects/pughlab/myeloma/projects/MM_cell_drugs/WGS_Pipeline/ichorCNA/ALQ_0005_03_LB01/ALQ_0005_03_LB01.bin1000000.cna.seg, /cluster/projects/pughlab/myeloma/projects/MM_cell_drugs/WGS_Pipeline/ichorCNA/ALQ_0005_03_LB01/ALQ_0005_03_LB01.bin1000000.seg.txt, /cluster/projects/pughlab/myeloma/projects/MM_cell_drugs/WGS_Pipeline/ichorCNA/ALQ_0005_03_LB01/ALQ_0005_03_LB01.bin1000000.seg, /cluster/projects/pughlab/myeloma/projects/MM_cell_drugs/WGS_Pipeline/ichorCNA/ALQ_0005_03_LB01/ALQ_0005_03_LB01.bin1000000.RData
    log: /cluster/projects/pughlab/myeloma/projects/MM_cell_drugs/WGS_Pipeline/ichorCNA/logs/ichorCNA/ALQ_0005_03_LB01.bin1000000.log (check log file(s) for error message)
    shell:
        
        module load R && Rscript /cluster/home/t922316uhn/ichorCNA/scripts/runIchorCNA.R           --id ALQ_0005_03_LB01           --libdir None           --WIG /cluster/projects/pughlab/myeloma/projects/MM_cell_drugs/WGS_Pipeline/ichorCNA/readDepth/ALQ_0005_03_LB01.bin1000000.regions.wig           --gcWig /cluster/home/t922316uhn/ichorCNA/inst/extdata/gc_hg38_1000kb.wig           --mapWig /cluster/home/t922316uhn/ichorCNA/inst/extdata/map_hg38_1000kb.wig           --normalPanel /cluster/home/t922316uhn/ichorCNA/inst/extdata/HD_ULP_PoN_hg38_1Mb_median_normAutosome_median.rds           --ploidy "c(2,3)"           --normal "c(0.5,0.6,0.7,0.8,0.9,0.95)"           --maxCN 5           --includeHOMD False           --chrs "paste0('chr', c(1:22, \"X\"))"           --chrTrain "paste0('chr', c(1:22))"           --genomeStyle UCSC           --genomeBuild hg38           --estimateNormal True           --estimatePloidy True           --estimateScPrevalence True           --scStates "c(1,3)"           --centromere /cluster/home/t922316uhn/ichorCNA/inst/extdata/GRCh38.GCA_000001405.2_centromere_acen.txt           --exons.bed None           --txnE 0.9999           --txnStrength 10000           --minMapScore 0.75           --fracReadsInChrYForMale 0.002           --maxFracGenomeSubclone 0.5           --maxFracCNASubclone 0.7           --plotFileType pdf           --plotYLim "c(-1,1)"           --outDir /cluster/projects/pughlab/myeloma/projects/MM_cell_drugs/WGS_Pipeline/ichorCNA/ALQ_0005_03_LB01/           > /cluster/projects/pughlab/myeloma/projects/MM_cell_drugs/WGS_Pipeline/ichorCNA/logs/ichorCNA/ALQ_0005_03_LB01.bin1000000.log 2> /cluster/projects/pughlab/myeloma/projects/MM_cell_drugs/WGS_Pipeline/ichorCNA/logs/ichorCNA/ALQ_0005_03_LB01.bin1000000.log
        
        (one of the commands exited with non-zero exit code; note that snakemake uses bash strict mode!)
    cluster_jobid: Submitted batch job 5776857

Error executing rule ichorCNA on cluster (jobid: 7, external: Submitted batch job 5776857, jobscript: /cluster/projects/pughlab/myeloma/projects/MM_cell_drugs/WGS_Pipeline/Batch/ichorCNA/.snakemake/tmp.w5wq4xxm/snakejob.ichorCNA.7.sh). For error details see the cluster log and the log files of the involved rule(s).
[Sun Feb 15 21:46:36 2026]
Error in rule ichorCNA:
    jobid: 9
    output: /cluster/projects/pughlab/myeloma/projects/MM_cell_drugs/WGS_Pipeline/ichorCNA/ALQ_0014_01_LB01/ALQ_0014_01_LB01.bin1000000.correctedDepth.txt, /cluster/projects/pughlab/myeloma/projects/MM_cell_drugs/WGS_Pipeline/ichorCNA/ALQ_0014_01_LB01/ALQ_0014_01_LB01.bin1000000.params.txt, /cluster/projects/pughlab/myeloma/projects/MM_cell_drugs/WGS_Pipeline/ichorCNA/ALQ_0014_01_LB01/ALQ_0014_01_LB01.bin1000000.cna.seg, /cluster/projects/pughlab/myeloma/projects/MM_cell_drugs/WGS_Pipeline/ichorCNA/ALQ_0014_01_LB01/ALQ_0014_01_LB01.bin1000000.seg.txt, /cluster/projects/pughlab/myeloma/projects/MM_cell_drugs/WGS_Pipeline/ichorCNA/ALQ_0014_01_LB01/ALQ_0014_01_LB01.bin1000000.seg, /cluster/projects/pughlab/myeloma/projects/MM_cell_drugs/WGS_Pipeline/ichorCNA/ALQ_0014_01_LB01/ALQ_0014_01_LB01.bin1000000.RData
    log: /cluster/projects/pughlab/myeloma/projects/MM_cell_drugs/WGS_Pipeline/ichorCNA/logs/ichorCNA/ALQ_0014_01_LB01.bin1000000.log (check log file(s) for error message)
    shell:
        
        module load R && Rscript /cluster/home/t922316uhn/ichorCNA/scripts/runIchorCNA.R           --id ALQ_0014_01_LB01           --libdir None           --WIG /cluster/projects/pughlab/myeloma/projects/MM_cell_drugs/WGS_Pipeline/ichorCNA/readDepth/ALQ_0014_01_LB01.bin1000000.regions.wig           --gcWig /cluster/home/t922316uhn/ichorCNA/inst/extdata/gc_hg38_1000kb.wig           --mapWig /cluster/home/t922316uhn/ichorCNA/inst/extdata/map_hg38_1000kb.wig           --normalPanel /cluster/home/t922316uhn/ichorCNA/inst/extdata/HD_ULP_PoN_hg38_1Mb_median_normAutosome_median.rds           --ploidy "c(2,3)"           --normal "c(0.5,0.6,0.7,0.8,0.9,0.95)"           --maxCN 5           --includeHOMD False           --chrs "paste0('chr', c(1:22, \"X\"))"           --chrTrain "paste0('chr', c(1:22))"           --genomeStyle UCSC           --genomeBuild hg38           --estimateNormal True           --estimatePloidy True           --estimateScPrevalence True           --scStates "c(1,3)"           --centromere /cluster/home/t922316uhn/ichorCNA/inst/extdata/GRCh38.GCA_000001405.2_centromere_acen.txt           --exons.bed None           --txnE 0.9999           --txnStrength 10000           --minMapScore 0.75           --fracReadsInChrYForMale 0.002           --maxFracGenomeSubclone 0.5           --maxFracCNASubclone 0.7           --plotFileType pdf           --plotYLim "c(-1,1)"           --outDir /cluster/projects/pughlab/myeloma/projects/MM_cell_drugs/WGS_Pipeline/ichorCNA/ALQ_0014_01_LB01/           > /cluster/projects/pughlab/myeloma/projects/MM_cell_drugs/WGS_Pipeline/ichorCNA/logs/ichorCNA/ALQ_0014_01_LB01.bin1000000.log 2> /cluster/projects/pughlab/myeloma/projects/MM_cell_drugs/WGS_Pipeline/ichorCNA/logs/ichorCNA/ALQ_0014_01_LB01.bin1000000.log
        
        (one of the commands exited with non-zero exit code; note that snakemake uses bash strict mode!)
    cluster_jobid: Submitted batch job 5776858

Error executing rule ichorCNA on cluster (jobid: 9, external: Submitted batch job 5776858, jobscript: /cluster/projects/pughlab/myeloma/projects/MM_cell_drugs/WGS_Pipeline/Batch/ichorCNA/.snakemake/tmp.w5wq4xxm/snakejob.ichorCNA.9.sh). For error details see the cluster log and the log files of the involved rule(s).
[Sun Feb 15 21:46:36 2026]
Error in rule ichorCNA:
    jobid: 1
    output: /cluster/projects/pughlab/myeloma/projects/MM_cell_drugs/WGS_Pipeline/ichorCNA/ALQ_0004_02_LB01/ALQ_0004_02_LB01.bin1000000.correctedDepth.txt, /cluster/projects/pughlab/myeloma/projects/MM_cell_drugs/WGS_Pipeline/ichorCNA/ALQ_0004_02_LB01/ALQ_0004_02_LB01.bin1000000.params.txt, /cluster/projects/pughlab/myeloma/projects/MM_cell_drugs/WGS_Pipeline/ichorCNA/ALQ_0004_02_LB01/ALQ_0004_02_LB01.bin1000000.cna.seg, /cluster/projects/pughlab/myeloma/projects/MM_cell_drugs/WGS_Pipeline/ichorCNA/ALQ_0004_02_LB01/ALQ_0004_02_LB01.bin1000000.seg.txt, /cluster/projects/pughlab/myeloma/projects/MM_cell_drugs/WGS_Pipeline/ichorCNA/ALQ_0004_02_LB01/ALQ_0004_02_LB01.bin1000000.seg, /cluster/projects/pughlab/myeloma/projects/MM_cell_drugs/WGS_Pipeline/ichorCNA/ALQ_0004_02_LB01/ALQ_0004_02_LB01.bin1000000.RData
    log: /cluster/projects/pughlab/myeloma/projects/MM_cell_drugs/WGS_Pipeline/ichorCNA/logs/ichorCNA/ALQ_0004_02_LB01.bin1000000.log (check log file(s) for error message)
    shell:
        
        module load R && Rscript /cluster/home/t922316uhn/ichorCNA/scripts/runIchorCNA.R           --id ALQ_0004_02_LB01           --libdir None           --WIG /cluster/projects/pughlab/myeloma/projects/MM_cell_drugs/WGS_Pipeline/ichorCNA/readDepth/ALQ_0004_02_LB01.bin1000000.regions.wig           --gcWig /cluster/home/t922316uhn/ichorCNA/inst/extdata/gc_hg38_1000kb.wig           --mapWig /cluster/home/t922316uhn/ichorCNA/inst/extdata/map_hg38_1000kb.wig           --normalPanel /cluster/home/t922316uhn/ichorCNA/inst/extdata/HD_ULP_PoN_hg38_1Mb_median_normAutosome_median.rds           --ploidy "c(2,3)"           --normal "c(0.5,0.6,0.7,0.8,0.9,0.95)"           --maxCN 5           --includeHOMD False           --chrs "paste0('chr', c(1:22, \"X\"))"           --chrTrain "paste0('chr', c(1:22))"           --genomeStyle UCSC           --genomeBuild hg38           --estimateNormal True           --estimatePloidy True           --estimateScPrevalence True           --scStates "c(1,3)"           --centromere /cluster/home/t922316uhn/ichorCNA/inst/extdata/GRCh38.GCA_000001405.2_centromere_acen.txt           --exons.bed None           --txnE 0.9999           --txnStrength 10000           --minMapScore 0.75           --fracReadsInChrYForMale 0.002           --maxFracGenomeSubclone 0.5           --maxFracCNASubclone 0.7           --plotFileType pdf           --plotYLim "c(-1,1)"           --outDir /cluster/projects/pughlab/myeloma/projects/MM_cell_drugs/WGS_Pipeline/ichorCNA/ALQ_0004_02_LB01/           > /cluster/projects/pughlab/myeloma/projects/MM_cell_drugs/WGS_Pipeline/ichorCNA/logs/ichorCNA/ALQ_0004_02_LB01.bin1000000.log 2> /cluster/projects/pughlab/myeloma/projects/MM_cell_drugs/WGS_Pipeline/ichorCNA/logs/ichorCNA/ALQ_0004_02_LB01.bin1000000.log
        
        (one of the commands exited with non-zero exit code; note that snakemake uses bash strict mode!)
    cluster_jobid: Submitted batch job 5776861

Error executing rule ichorCNA on cluster (jobid: 1, external: Submitted batch job 5776861, jobscript: /cluster/projects/pughlab/myeloma/projects/MM_cell_drugs/WGS_Pipeline/Batch/ichorCNA/.snakemake/tmp.w5wq4xxm/snakejob.ichorCNA.1.sh). For error details see the cluster log and the log files of the involved rule(s).
[Sun Feb 15 21:46:46 2026]
Error in rule ichorCNA:
    jobid: 11
    output: /cluster/projects/pughlab/myeloma/projects/MM_cell_drugs/WGS_Pipeline/ichorCNA/ALQ_0012_01_LB01/ALQ_0012_01_LB01.bin1000000.correctedDepth.txt, /cluster/projects/pughlab/myeloma/projects/MM_cell_drugs/WGS_Pipeline/ichorCNA/ALQ_0012_01_LB01/ALQ_0012_01_LB01.bin1000000.params.txt, /cluster/projects/pughlab/myeloma/projects/MM_cell_drugs/WGS_Pipeline/ichorCNA/ALQ_0012_01_LB01/ALQ_0012_01_LB01.bin1000000.cna.seg, /cluster/projects/pughlab/myeloma/projects/MM_cell_drugs/WGS_Pipeline/ichorCNA/ALQ_0012_01_LB01/ALQ_0012_01_LB01.bin1000000.seg.txt, /cluster/projects/pughlab/myeloma/projects/MM_cell_drugs/WGS_Pipeline/ichorCNA/ALQ_0012_01_LB01/ALQ_0012_01_LB01.bin1000000.seg, /cluster/projects/pughlab/myeloma/projects/MM_cell_drugs/WGS_Pipeline/ichorCNA/ALQ_0012_01_LB01/ALQ_0012_01_LB01.bin1000000.RData
    log: /cluster/projects/pughlab/myeloma/projects/MM_cell_drugs/WGS_Pipeline/ichorCNA/logs/ichorCNA/ALQ_0012_01_LB01.bin1000000.log (check log file(s) for error message)
    shell:
        
        module load R && Rscript /cluster/home/t922316uhn/ichorCNA/scripts/runIchorCNA.R           --id ALQ_0012_01_LB01           --libdir None           --WIG /cluster/projects/pughlab/myeloma/projects/MM_cell_drugs/WGS_Pipeline/ichorCNA/readDepth/ALQ_0012_01_LB01.bin1000000.regions.wig           --gcWig /cluster/home/t922316uhn/ichorCNA/inst/extdata/gc_hg38_1000kb.wig           --mapWig /cluster/home/t922316uhn/ichorCNA/inst/extdata/map_hg38_1000kb.wig           --normalPanel /cluster/home/t922316uhn/ichorCNA/inst/extdata/HD_ULP_PoN_hg38_1Mb_median_normAutosome_median.rds           --ploidy "c(2,3)"           --normal "c(0.5,0.6,0.7,0.8,0.9,0.95)"           --maxCN 5           --includeHOMD False           --chrs "paste0('chr', c(1:22, \"X\"))"           --chrTrain "paste0('chr', c(1:22))"           --genomeStyle UCSC           --genomeBuild hg38           --estimateNormal True           --estimatePloidy True           --estimateScPrevalence True           --scStates "c(1,3)"           --centromere /cluster/home/t922316uhn/ichorCNA/inst/extdata/GRCh38.GCA_000001405.2_centromere_acen.txt           --exons.bed None           --txnE 0.9999           --txnStrength 10000           --minMapScore 0.75           --fracReadsInChrYForMale 0.002           --maxFracGenomeSubclone 0.5           --maxFracCNASubclone 0.7           --plotFileType pdf           --plotYLim "c(-1,1)"           --outDir /cluster/projects/pughlab/myeloma/projects/MM_cell_drugs/WGS_Pipeline/ichorCNA/ALQ_0012_01_LB01/           > /cluster/projects/pughlab/myeloma/projects/MM_cell_drugs/WGS_Pipeline/ichorCNA/logs/ichorCNA/ALQ_0012_01_LB01.bin1000000.log 2> /cluster/projects/pughlab/myeloma/projects/MM_cell_drugs/WGS_Pipeline/ichorCNA/logs/ichorCNA/ALQ_0012_01_LB01.bin1000000.log
        
        (one of the commands exited with non-zero exit code; note that snakemake uses bash strict mode!)
    cluster_jobid: Submitted batch job 5776859

Error executing rule ichorCNA on cluster (jobid: 11, external: Submitted batch job 5776859, jobscript: /cluster/projects/pughlab/myeloma/projects/MM_cell_drugs/WGS_Pipeline/Batch/ichorCNA/.snakemake/tmp.w5wq4xxm/snakejob.ichorCNA.11.sh). For error details see the cluster log and the log files of the involved rule(s).
[Sun Feb 15 21:47:46 2026]
Error in rule ichorCNA:
    jobid: 5
    output: /cluster/projects/pughlab/myeloma/projects/MM_cell_drugs/WGS_Pipeline/ichorCNA/ALQ_0011_01_LB01/ALQ_0011_01_LB01.bin1000000.correctedDepth.txt, /cluster/projects/pughlab/myeloma/projects/MM_cell_drugs/WGS_Pipeline/ichorCNA/ALQ_0011_01_LB01/ALQ_0011_01_LB01.bin1000000.params.txt, /cluster/projects/pughlab/myeloma/projects/MM_cell_drugs/WGS_Pipeline/ichorCNA/ALQ_0011_01_LB01/ALQ_0011_01_LB01.bin1000000.cna.seg, /cluster/projects/pughlab/myeloma/projects/MM_cell_drugs/WGS_Pipeline/ichorCNA/ALQ_0011_01_LB01/ALQ_0011_01_LB01.bin1000000.seg.txt, /cluster/projects/pughlab/myeloma/projects/MM_cell_drugs/WGS_Pipeline/ichorCNA/ALQ_0011_01_LB01/ALQ_0011_01_LB01.bin1000000.seg, /cluster/projects/pughlab/myeloma/projects/MM_cell_drugs/WGS_Pipeline/ichorCNA/ALQ_0011_01_LB01/ALQ_0011_01_LB01.bin1000000.RData
    log: /cluster/projects/pughlab/myeloma/projects/MM_cell_drugs/WGS_Pipeline/ichorCNA/logs/ichorCNA/ALQ_0011_01_LB01.bin1000000.log (check log file(s) for error message)
    shell:
        
        module load R && Rscript /cluster/home/t922316uhn/ichorCNA/scripts/runIchorCNA.R           --id ALQ_0011_01_LB01           --libdir None           --WIG /cluster/projects/pughlab/myeloma/projects/MM_cell_drugs/WGS_Pipeline/ichorCNA/readDepth/ALQ_0011_01_LB01.bin1000000.regions.wig           --gcWig /cluster/home/t922316uhn/ichorCNA/inst/extdata/gc_hg38_1000kb.wig           --mapWig /cluster/home/t922316uhn/ichorCNA/inst/extdata/map_hg38_1000kb.wig           --normalPanel /cluster/home/t922316uhn/ichorCNA/inst/extdata/HD_ULP_PoN_hg38_1Mb_median_normAutosome_median.rds           --ploidy "c(2,3)"           --normal "c(0.5,0.6,0.7,0.8,0.9,0.95)"           --maxCN 5           --includeHOMD False           --chrs "paste0('chr', c(1:22, \"X\"))"           --chrTrain "paste0('chr', c(1:22))"           --genomeStyle UCSC           --genomeBuild hg38           --estimateNormal True           --estimatePloidy True           --estimateScPrevalence True           --scStates "c(1,3)"           --centromere /cluster/home/t922316uhn/ichorCNA/inst/extdata/GRCh38.GCA_000001405.2_centromere_acen.txt           --exons.bed None           --txnE 0.9999           --txnStrength 10000           --minMapScore 0.75           --fracReadsInChrYForMale 0.002           --maxFracGenomeSubclone 0.5           --maxFracCNASubclone 0.7           --plotFileType pdf           --plotYLim "c(-1,1)"           --outDir /cluster/projects/pughlab/myeloma/projects/MM_cell_drugs/WGS_Pipeline/ichorCNA/ALQ_0011_01_LB01/           > /cluster/projects/pughlab/myeloma/projects/MM_cell_drugs/WGS_Pipeline/ichorCNA/logs/ichorCNA/ALQ_0011_01_LB01.bin1000000.log 2> /cluster/projects/pughlab/myeloma/projects/MM_cell_drugs/WGS_Pipeline/ichorCNA/logs/ichorCNA/ALQ_0011_01_LB01.bin1000000.log
        
        (one of the commands exited with non-zero exit code; note that snakemake uses bash strict mode!)
    cluster_jobid: Submitted batch job 5776856

Error executing rule ichorCNA on cluster (jobid: 5, external: Submitted batch job 5776856, jobscript: /cluster/projects/pughlab/myeloma/projects/MM_cell_drugs/WGS_Pipeline/Batch/ichorCNA/.snakemake/tmp.w5wq4xxm/snakejob.ichorCNA.5.sh). For error details see the cluster log and the log files of the involved rule(s).
Shutting down, this might take some time.
Exiting because a job execution failed. Look above for error message
Complete log: .snakemake/log/2026-02-15T214425.693089.snakemake.log
