Building DAG of jobs...
Using shell: /usr/bin/bash
Provided cluster nodes: 100
Job stats:
job         count    min threads    max threads
--------  -------  -------------  -------------
all             1              1              1
ichorCNA        7              1              1
mosdepth        7              8              8
total          15              1              8

Select jobs to execute...

[Sun Feb 15 19:13:55 2026]
rule mosdepth:
    input: /cluster/projects/pughlab/myeloma/external_data/ALQ_UltimaOICR_Batch1/merged_crams/ALQ_0005_03_LB01-ppm0039-CATAGAGCCTCAGAT_merged.cram, /cluster/tools/data/genomes/human/GRCh38/iGenomes/Sequence/WholeGenomeFasta/Homo_sapiens_assembly38.fasta
    output: /cluster/projects/pughlab/myeloma/projects/MM_cell_drugs/WGS_Pipeline/ichorCNA/readDepth/ALQ_0005_03_LB01.bin1000000.regions.bed.gz, /cluster/projects/pughlab/myeloma/projects/MM_cell_drugs/WGS_Pipeline/ichorCNA/readDepth/ALQ_0005_03_LB01.bin1000000.regions.wig, /cluster/projects/pughlab/myeloma/projects/MM_cell_drugs/WGS_Pipeline/ichorCNA/readDepth/ALQ_0005_03_LB01.bin1000000.mosdepth.global.dist.txt, /cluster/projects/pughlab/myeloma/projects/MM_cell_drugs/WGS_Pipeline/ichorCNA/readDepth/ALQ_0005_03_LB01.bin1000000.mosdepth.summary.txt, /cluster/projects/pughlab/myeloma/projects/MM_cell_drugs/WGS_Pipeline/ichorCNA/readDepth/ALQ_0005_03_LB01.bin1000000.per-base.bed.gz
    log: /cluster/projects/pughlab/myeloma/projects/MM_cell_drugs/WGS_Pipeline/ichorCNA/logs/mosdepth/ALQ_0005_03_LB01.bin1000000.log
    jobid: 8
    wildcards: sample=ALQ_0005_03_LB01, binSize=1000000
    threads: 8
    resources: mem_mb=422302, disk_mb=422302, tmpdir=/tmp, mem=4


        /cluster/home/t922316uhn/mosdepth/mosdepth --fast-mode --by 1000000 --threads 8 --fasta /cluster/tools/data/genomes/human/GRCh38/iGenomes/Sequence/WholeGenomeFasta/Homo_sapiens_assembly38.fasta /cluster/projects/pughlab/myeloma/projects/MM_cell_drugs/WGS_Pipeline/ichorCNA/readDepth/ALQ_0005_03_LB01.bin1000000 /cluster/projects/pughlab/myeloma/external_data/ALQ_UltimaOICR_Batch1/merged_crams/ALQ_0005_03_LB01-ppm0039-CATAGAGCCTCAGAT_merged.cram 2> /cluster/projects/pughlab/myeloma/projects/MM_cell_drugs/WGS_Pipeline/ichorCNA/logs/mosdepth/ALQ_0005_03_LB01.bin1000000.log

        zcat /cluster/projects/pughlab/myeloma/projects/MM_cell_drugs/WGS_Pipeline/ichorCNA/readDepth/ALQ_0005_03_LB01.bin1000000.regions.bed.gz | awk '
        BEGIN { OFS="\t" }
        $1 ~ /^chr([1-9]|1[0-9]|2[0-2]|X|Y)$/ {
            chr = $1; start = $2; end = $3; cov = $4;
            if (NR == 1 || chr != prev_chr || start != prev_end) {
                print "fixedStep chrom=" chr " start=" (start+1) " step=" (end - start) " span=" (end - start);
            }
            print cov;
            prev_chr = chr; prev_end = end;
        }
        ' > /cluster/projects/pughlab/myeloma/projects/MM_cell_drugs/WGS_Pipeline/ichorCNA/readDepth/ALQ_0005_03_LB01.bin1000000.regions.wig
        
Submitted job 8 with external jobid 'Submitted batch job 5776752'.

[Sun Feb 15 19:13:56 2026]
rule mosdepth:
    input: /cluster/projects/pughlab/myeloma/external_data/ALQ_UltimaOICR_Batch1/merged_crams/ALQ_0014_01_LB01-ppm0034-CTGCAGTGATTCATGAT_merged.cram, /cluster/tools/data/genomes/human/GRCh38/iGenomes/Sequence/WholeGenomeFasta/Homo_sapiens_assembly38.fasta
    output: /cluster/projects/pughlab/myeloma/projects/MM_cell_drugs/WGS_Pipeline/ichorCNA/readDepth/ALQ_0014_01_LB01.bin1000000.regions.bed.gz, /cluster/projects/pughlab/myeloma/projects/MM_cell_drugs/WGS_Pipeline/ichorCNA/readDepth/ALQ_0014_01_LB01.bin1000000.regions.wig, /cluster/projects/pughlab/myeloma/projects/MM_cell_drugs/WGS_Pipeline/ichorCNA/readDepth/ALQ_0014_01_LB01.bin1000000.mosdepth.global.dist.txt, /cluster/projects/pughlab/myeloma/projects/MM_cell_drugs/WGS_Pipeline/ichorCNA/readDepth/ALQ_0014_01_LB01.bin1000000.mosdepth.summary.txt, /cluster/projects/pughlab/myeloma/projects/MM_cell_drugs/WGS_Pipeline/ichorCNA/readDepth/ALQ_0014_01_LB01.bin1000000.per-base.bed.gz
    log: /cluster/projects/pughlab/myeloma/projects/MM_cell_drugs/WGS_Pipeline/ichorCNA/logs/mosdepth/ALQ_0014_01_LB01.bin1000000.log
    jobid: 10
    wildcards: sample=ALQ_0014_01_LB01, binSize=1000000
    threads: 8
    resources: mem_mb=454911, disk_mb=454911, tmpdir=/tmp, mem=4


        /cluster/home/t922316uhn/mosdepth/mosdepth --fast-mode --by 1000000 --threads 8 --fasta /cluster/tools/data/genomes/human/GRCh38/iGenomes/Sequence/WholeGenomeFasta/Homo_sapiens_assembly38.fasta /cluster/projects/pughlab/myeloma/projects/MM_cell_drugs/WGS_Pipeline/ichorCNA/readDepth/ALQ_0014_01_LB01.bin1000000 /cluster/projects/pughlab/myeloma/external_data/ALQ_UltimaOICR_Batch1/merged_crams/ALQ_0014_01_LB01-ppm0034-CTGCAGTGATTCATGAT_merged.cram 2> /cluster/projects/pughlab/myeloma/projects/MM_cell_drugs/WGS_Pipeline/ichorCNA/logs/mosdepth/ALQ_0014_01_LB01.bin1000000.log

        zcat /cluster/projects/pughlab/myeloma/projects/MM_cell_drugs/WGS_Pipeline/ichorCNA/readDepth/ALQ_0014_01_LB01.bin1000000.regions.bed.gz | awk '
        BEGIN { OFS="\t" }
        $1 ~ /^chr([1-9]|1[0-9]|2[0-2]|X|Y)$/ {
            chr = $1; start = $2; end = $3; cov = $4;
            if (NR == 1 || chr != prev_chr || start != prev_end) {
                print "fixedStep chrom=" chr " start=" (start+1) " step=" (end - start) " span=" (end - start);
            }
            print cov;
            prev_chr = chr; prev_end = end;
        }
        ' > /cluster/projects/pughlab/myeloma/projects/MM_cell_drugs/WGS_Pipeline/ichorCNA/readDepth/ALQ_0014_01_LB01.bin1000000.regions.wig
        
Submitted job 10 with external jobid 'Submitted batch job 5776753'.

[Sun Feb 15 19:13:56 2026]
rule mosdepth:
    input: /cluster/projects/pughlab/myeloma/external_data/ALQ_UltimaOICR_Batch1/merged_crams/ALQ_0012_01_LB01-ppm0037-CATCTCAGTGCAATGAT_merged.cram, /cluster/tools/data/genomes/human/GRCh38/iGenomes/Sequence/WholeGenomeFasta/Homo_sapiens_assembly38.fasta
    output: /cluster/projects/pughlab/myeloma/projects/MM_cell_drugs/WGS_Pipeline/ichorCNA/readDepth/ALQ_0012_01_LB01.bin1000000.regions.bed.gz, /cluster/projects/pughlab/myeloma/projects/MM_cell_drugs/WGS_Pipeline/ichorCNA/readDepth/ALQ_0012_01_LB01.bin1000000.regions.wig, /cluster/projects/pughlab/myeloma/projects/MM_cell_drugs/WGS_Pipeline/ichorCNA/readDepth/ALQ_0012_01_LB01.bin1000000.mosdepth.global.dist.txt, /cluster/projects/pughlab/myeloma/projects/MM_cell_drugs/WGS_Pipeline/ichorCNA/readDepth/ALQ_0012_01_LB01.bin1000000.mosdepth.summary.txt, /cluster/projects/pughlab/myeloma/projects/MM_cell_drugs/WGS_Pipeline/ichorCNA/readDepth/ALQ_0012_01_LB01.bin1000000.per-base.bed.gz
    log: /cluster/projects/pughlab/myeloma/projects/MM_cell_drugs/WGS_Pipeline/ichorCNA/logs/mosdepth/ALQ_0012_01_LB01.bin1000000.log
    jobid: 12
    wildcards: sample=ALQ_0012_01_LB01, binSize=1000000
    threads: 8
    resources: mem_mb=552380, disk_mb=552380, tmpdir=/tmp, mem=4


        /cluster/home/t922316uhn/mosdepth/mosdepth --fast-mode --by 1000000 --threads 8 --fasta /cluster/tools/data/genomes/human/GRCh38/iGenomes/Sequence/WholeGenomeFasta/Homo_sapiens_assembly38.fasta /cluster/projects/pughlab/myeloma/projects/MM_cell_drugs/WGS_Pipeline/ichorCNA/readDepth/ALQ_0012_01_LB01.bin1000000 /cluster/projects/pughlab/myeloma/external_data/ALQ_UltimaOICR_Batch1/merged_crams/ALQ_0012_01_LB01-ppm0037-CATCTCAGTGCAATGAT_merged.cram 2> /cluster/projects/pughlab/myeloma/projects/MM_cell_drugs/WGS_Pipeline/ichorCNA/logs/mosdepth/ALQ_0012_01_LB01.bin1000000.log

        zcat /cluster/projects/pughlab/myeloma/projects/MM_cell_drugs/WGS_Pipeline/ichorCNA/readDepth/ALQ_0012_01_LB01.bin1000000.regions.bed.gz | awk '
        BEGIN { OFS="\t" }
        $1 ~ /^chr([1-9]|1[0-9]|2[0-2]|X|Y)$/ {
            chr = $1; start = $2; end = $3; cov = $4;
            if (NR == 1 || chr != prev_chr || start != prev_end) {
                print "fixedStep chrom=" chr " start=" (start+1) " step=" (end - start) " span=" (end - start);
            }
            print cov;
            prev_chr = chr; prev_end = end;
        }
        ' > /cluster/projects/pughlab/myeloma/projects/MM_cell_drugs/WGS_Pipeline/ichorCNA/readDepth/ALQ_0012_01_LB01.bin1000000.regions.wig
        
Submitted job 12 with external jobid 'Submitted batch job 5776754'.

[Sun Feb 15 19:13:56 2026]
rule mosdepth:
    input: /cluster/projects/pughlab/myeloma/external_data/ALQ_UltimaOICR_Batch1/merged_crams/ALQ_0010_01_LB01-ppm0035-CAGCACCTGCATCAGAT_merged.cram, /cluster/tools/data/genomes/human/GRCh38/iGenomes/Sequence/WholeGenomeFasta/Homo_sapiens_assembly38.fasta
    output: /cluster/projects/pughlab/myeloma/projects/MM_cell_drugs/WGS_Pipeline/ichorCNA/readDepth/ALQ_0010_01_LB01.bin1000000.regions.bed.gz, /cluster/projects/pughlab/myeloma/projects/MM_cell_drugs/WGS_Pipeline/ichorCNA/readDepth/ALQ_0010_01_LB01.bin1000000.regions.wig, /cluster/projects/pughlab/myeloma/projects/MM_cell_drugs/WGS_Pipeline/ichorCNA/readDepth/ALQ_0010_01_LB01.bin1000000.mosdepth.global.dist.txt, /cluster/projects/pughlab/myeloma/projects/MM_cell_drugs/WGS_Pipeline/ichorCNA/readDepth/ALQ_0010_01_LB01.bin1000000.mosdepth.summary.txt, /cluster/projects/pughlab/myeloma/projects/MM_cell_drugs/WGS_Pipeline/ichorCNA/readDepth/ALQ_0010_01_LB01.bin1000000.per-base.bed.gz
    log: /cluster/projects/pughlab/myeloma/projects/MM_cell_drugs/WGS_Pipeline/ichorCNA/logs/mosdepth/ALQ_0010_01_LB01.bin1000000.log
    jobid: 14
    wildcards: sample=ALQ_0010_01_LB01, binSize=1000000
    threads: 8
    resources: mem_mb=424859, disk_mb=424859, tmpdir=/tmp, mem=4


        /cluster/home/t922316uhn/mosdepth/mosdepth --fast-mode --by 1000000 --threads 8 --fasta /cluster/tools/data/genomes/human/GRCh38/iGenomes/Sequence/WholeGenomeFasta/Homo_sapiens_assembly38.fasta /cluster/projects/pughlab/myeloma/projects/MM_cell_drugs/WGS_Pipeline/ichorCNA/readDepth/ALQ_0010_01_LB01.bin1000000 /cluster/projects/pughlab/myeloma/external_data/ALQ_UltimaOICR_Batch1/merged_crams/ALQ_0010_01_LB01-ppm0035-CAGCACCTGCATCAGAT_merged.cram 2> /cluster/projects/pughlab/myeloma/projects/MM_cell_drugs/WGS_Pipeline/ichorCNA/logs/mosdepth/ALQ_0010_01_LB01.bin1000000.log

        zcat /cluster/projects/pughlab/myeloma/projects/MM_cell_drugs/WGS_Pipeline/ichorCNA/readDepth/ALQ_0010_01_LB01.bin1000000.regions.bed.gz | awk '
        BEGIN { OFS="\t" }
        $1 ~ /^chr([1-9]|1[0-9]|2[0-2]|X|Y)$/ {
            chr = $1; start = $2; end = $3; cov = $4;
            if (NR == 1 || chr != prev_chr || start != prev_end) {
                print "fixedStep chrom=" chr " start=" (start+1) " step=" (end - start) " span=" (end - start);
            }
            print cov;
            prev_chr = chr; prev_end = end;
        }
        ' > /cluster/projects/pughlab/myeloma/projects/MM_cell_drugs/WGS_Pipeline/ichorCNA/readDepth/ALQ_0010_01_LB01.bin1000000.regions.wig
        
Submitted job 14 with external jobid 'Submitted batch job 5776755'.

[Sun Feb 15 19:13:56 2026]
rule mosdepth:
    input: /cluster/projects/pughlab/myeloma/external_data/ALQ_UltimaOICR_Batch1/merged_crams/ALQ_0004_02_LB01-ppm0033-CAACATCAGCATGAGAT_merged.cram, /cluster/tools/data/genomes/human/GRCh38/iGenomes/Sequence/WholeGenomeFasta/Homo_sapiens_assembly38.fasta
    output: /cluster/projects/pughlab/myeloma/projects/MM_cell_drugs/WGS_Pipeline/ichorCNA/readDepth/ALQ_0004_02_LB01.bin1000000.regions.bed.gz, /cluster/projects/pughlab/myeloma/projects/MM_cell_drugs/WGS_Pipeline/ichorCNA/readDepth/ALQ_0004_02_LB01.bin1000000.regions.wig, /cluster/projects/pughlab/myeloma/projects/MM_cell_drugs/WGS_Pipeline/ichorCNA/readDepth/ALQ_0004_02_LB01.bin1000000.mosdepth.global.dist.txt, /cluster/projects/pughlab/myeloma/projects/MM_cell_drugs/WGS_Pipeline/ichorCNA/readDepth/ALQ_0004_02_LB01.bin1000000.mosdepth.summary.txt, /cluster/projects/pughlab/myeloma/projects/MM_cell_drugs/WGS_Pipeline/ichorCNA/readDepth/ALQ_0004_02_LB01.bin1000000.per-base.bed.gz
    log: /cluster/projects/pughlab/myeloma/projects/MM_cell_drugs/WGS_Pipeline/ichorCNA/logs/mosdepth/ALQ_0004_02_LB01.bin1000000.log
    jobid: 2
    wildcards: sample=ALQ_0004_02_LB01, binSize=1000000
    threads: 8
    resources: mem_mb=405740, disk_mb=405740, tmpdir=/tmp, mem=4


        /cluster/home/t922316uhn/mosdepth/mosdepth --fast-mode --by 1000000 --threads 8 --fasta /cluster/tools/data/genomes/human/GRCh38/iGenomes/Sequence/WholeGenomeFasta/Homo_sapiens_assembly38.fasta /cluster/projects/pughlab/myeloma/projects/MM_cell_drugs/WGS_Pipeline/ichorCNA/readDepth/ALQ_0004_02_LB01.bin1000000 /cluster/projects/pughlab/myeloma/external_data/ALQ_UltimaOICR_Batch1/merged_crams/ALQ_0004_02_LB01-ppm0033-CAACATCAGCATGAGAT_merged.cram 2> /cluster/projects/pughlab/myeloma/projects/MM_cell_drugs/WGS_Pipeline/ichorCNA/logs/mosdepth/ALQ_0004_02_LB01.bin1000000.log

        zcat /cluster/projects/pughlab/myeloma/projects/MM_cell_drugs/WGS_Pipeline/ichorCNA/readDepth/ALQ_0004_02_LB01.bin1000000.regions.bed.gz | awk '
        BEGIN { OFS="\t" }
        $1 ~ /^chr([1-9]|1[0-9]|2[0-2]|X|Y)$/ {
            chr = $1; start = $2; end = $3; cov = $4;
            if (NR == 1 || chr != prev_chr || start != prev_end) {
                print "fixedStep chrom=" chr " start=" (start+1) " step=" (end - start) " span=" (end - start);
            }
            print cov;
            prev_chr = chr; prev_end = end;
        }
        ' > /cluster/projects/pughlab/myeloma/projects/MM_cell_drugs/WGS_Pipeline/ichorCNA/readDepth/ALQ_0004_02_LB01.bin1000000.regions.wig
        
Submitted job 2 with external jobid 'Submitted batch job 5776756'.

[Sun Feb 15 19:13:56 2026]
rule mosdepth:
    input: /cluster/projects/pughlab/myeloma/external_data/ALQ_UltimaOICR_Batch1/merged_crams/ALQ_0013_01_LB01-ppm0038-CACAGTCAATGTGAT_merged.cram, /cluster/tools/data/genomes/human/GRCh38/iGenomes/Sequence/WholeGenomeFasta/Homo_sapiens_assembly38.fasta
    output: /cluster/projects/pughlab/myeloma/projects/MM_cell_drugs/WGS_Pipeline/ichorCNA/readDepth/ALQ_0013_01_LB01.bin1000000.regions.bed.gz, /cluster/projects/pughlab/myeloma/projects/MM_cell_drugs/WGS_Pipeline/ichorCNA/readDepth/ALQ_0013_01_LB01.bin1000000.regions.wig, /cluster/projects/pughlab/myeloma/projects/MM_cell_drugs/WGS_Pipeline/ichorCNA/readDepth/ALQ_0013_01_LB01.bin1000000.mosdepth.global.dist.txt, /cluster/projects/pughlab/myeloma/projects/MM_cell_drugs/WGS_Pipeline/ichorCNA/readDepth/ALQ_0013_01_LB01.bin1000000.mosdepth.summary.txt, /cluster/projects/pughlab/myeloma/projects/MM_cell_drugs/WGS_Pipeline/ichorCNA/readDepth/ALQ_0013_01_LB01.bin1000000.per-base.bed.gz
    log: /cluster/projects/pughlab/myeloma/projects/MM_cell_drugs/WGS_Pipeline/ichorCNA/logs/mosdepth/ALQ_0013_01_LB01.bin1000000.log
    jobid: 4
    wildcards: sample=ALQ_0013_01_LB01, binSize=1000000
    threads: 8
    resources: mem_mb=458594, disk_mb=458594, tmpdir=/tmp, mem=4


        /cluster/home/t922316uhn/mosdepth/mosdepth --fast-mode --by 1000000 --threads 8 --fasta /cluster/tools/data/genomes/human/GRCh38/iGenomes/Sequence/WholeGenomeFasta/Homo_sapiens_assembly38.fasta /cluster/projects/pughlab/myeloma/projects/MM_cell_drugs/WGS_Pipeline/ichorCNA/readDepth/ALQ_0013_01_LB01.bin1000000 /cluster/projects/pughlab/myeloma/external_data/ALQ_UltimaOICR_Batch1/merged_crams/ALQ_0013_01_LB01-ppm0038-CACAGTCAATGTGAT_merged.cram 2> /cluster/projects/pughlab/myeloma/projects/MM_cell_drugs/WGS_Pipeline/ichorCNA/logs/mosdepth/ALQ_0013_01_LB01.bin1000000.log

        zcat /cluster/projects/pughlab/myeloma/projects/MM_cell_drugs/WGS_Pipeline/ichorCNA/readDepth/ALQ_0013_01_LB01.bin1000000.regions.bed.gz | awk '
        BEGIN { OFS="\t" }
        $1 ~ /^chr([1-9]|1[0-9]|2[0-2]|X|Y)$/ {
            chr = $1; start = $2; end = $3; cov = $4;
            if (NR == 1 || chr != prev_chr || start != prev_end) {
                print "fixedStep chrom=" chr " start=" (start+1) " step=" (end - start) " span=" (end - start);
            }
            print cov;
            prev_chr = chr; prev_end = end;
        }
        ' > /cluster/projects/pughlab/myeloma/projects/MM_cell_drugs/WGS_Pipeline/ichorCNA/readDepth/ALQ_0013_01_LB01.bin1000000.regions.wig
        
Submitted job 4 with external jobid 'Submitted batch job 5776757'.

[Sun Feb 15 19:13:56 2026]
rule mosdepth:
    input: /cluster/projects/pughlab/myeloma/external_data/ALQ_UltimaOICR_Batch1/merged_crams/ALQ_0011_01_LB01-ppm0036-CTTATGCTATCAGAT_merged.cram, /cluster/tools/data/genomes/human/GRCh38/iGenomes/Sequence/WholeGenomeFasta/Homo_sapiens_assembly38.fasta
    output: /cluster/projects/pughlab/myeloma/projects/MM_cell_drugs/WGS_Pipeline/ichorCNA/readDepth/ALQ_0011_01_LB01.bin1000000.regions.bed.gz, /cluster/projects/pughlab/myeloma/projects/MM_cell_drugs/WGS_Pipeline/ichorCNA/readDepth/ALQ_0011_01_LB01.bin1000000.regions.wig, /cluster/projects/pughlab/myeloma/projects/MM_cell_drugs/WGS_Pipeline/ichorCNA/readDepth/ALQ_0011_01_LB01.bin1000000.mosdepth.global.dist.txt, /cluster/projects/pughlab/myeloma/projects/MM_cell_drugs/WGS_Pipeline/ichorCNA/readDepth/ALQ_0011_01_LB01.bin1000000.mosdepth.summary.txt, /cluster/projects/pughlab/myeloma/projects/MM_cell_drugs/WGS_Pipeline/ichorCNA/readDepth/ALQ_0011_01_LB01.bin1000000.per-base.bed.gz
    log: /cluster/projects/pughlab/myeloma/projects/MM_cell_drugs/WGS_Pipeline/ichorCNA/logs/mosdepth/ALQ_0011_01_LB01.bin1000000.log
    jobid: 6
    wildcards: sample=ALQ_0011_01_LB01, binSize=1000000
    threads: 8
    resources: mem_mb=428961, disk_mb=428961, tmpdir=/tmp, mem=4


        /cluster/home/t922316uhn/mosdepth/mosdepth --fast-mode --by 1000000 --threads 8 --fasta /cluster/tools/data/genomes/human/GRCh38/iGenomes/Sequence/WholeGenomeFasta/Homo_sapiens_assembly38.fasta /cluster/projects/pughlab/myeloma/projects/MM_cell_drugs/WGS_Pipeline/ichorCNA/readDepth/ALQ_0011_01_LB01.bin1000000 /cluster/projects/pughlab/myeloma/external_data/ALQ_UltimaOICR_Batch1/merged_crams/ALQ_0011_01_LB01-ppm0036-CTTATGCTATCAGAT_merged.cram 2> /cluster/projects/pughlab/myeloma/projects/MM_cell_drugs/WGS_Pipeline/ichorCNA/logs/mosdepth/ALQ_0011_01_LB01.bin1000000.log

        zcat /cluster/projects/pughlab/myeloma/projects/MM_cell_drugs/WGS_Pipeline/ichorCNA/readDepth/ALQ_0011_01_LB01.bin1000000.regions.bed.gz | awk '
        BEGIN { OFS="\t" }
        $1 ~ /^chr([1-9]|1[0-9]|2[0-2]|X|Y)$/ {
            chr = $1; start = $2; end = $3; cov = $4;
            if (NR == 1 || chr != prev_chr || start != prev_end) {
                print "fixedStep chrom=" chr " start=" (start+1) " step=" (end - start) " span=" (end - start);
            }
            print cov;
            prev_chr = chr; prev_end = end;
        }
        ' > /cluster/projects/pughlab/myeloma/projects/MM_cell_drugs/WGS_Pipeline/ichorCNA/readDepth/ALQ_0011_01_LB01.bin1000000.regions.wig
        
Submitted job 6 with external jobid 'Submitted batch job 5776758'.
[Sun Feb 15 20:01:59 2026]
Finished job 8.
1 of 15 steps (7%) done
Select jobs to execute...

[Sun Feb 15 20:01:59 2026]
rule ichorCNA:
    input: /cluster/projects/pughlab/myeloma/projects/MM_cell_drugs/WGS_Pipeline/ichorCNA/readDepth/ALQ_0005_03_LB01.bin1000000.regions.wig
    output: /cluster/projects/pughlab/myeloma/projects/MM_cell_drugs/WGS_Pipeline/ichorCNA/ALQ_0005_03_LB01/ALQ_0005_03_LB01.bin1000000.correctedDepth.txt, /cluster/projects/pughlab/myeloma/projects/MM_cell_drugs/WGS_Pipeline/ichorCNA/ALQ_0005_03_LB01/ALQ_0005_03_LB01.bin1000000.params.txt, /cluster/projects/pughlab/myeloma/projects/MM_cell_drugs/WGS_Pipeline/ichorCNA/ALQ_0005_03_LB01/ALQ_0005_03_LB01.bin1000000.cna.seg, /cluster/projects/pughlab/myeloma/projects/MM_cell_drugs/WGS_Pipeline/ichorCNA/ALQ_0005_03_LB01/ALQ_0005_03_LB01.bin1000000.seg.txt, /cluster/projects/pughlab/myeloma/projects/MM_cell_drugs/WGS_Pipeline/ichorCNA/ALQ_0005_03_LB01/ALQ_0005_03_LB01.bin1000000.seg, /cluster/projects/pughlab/myeloma/projects/MM_cell_drugs/WGS_Pipeline/ichorCNA/ALQ_0005_03_LB01/ALQ_0005_03_LB01.bin1000000.RData
    log: /cluster/projects/pughlab/myeloma/projects/MM_cell_drugs/WGS_Pipeline/ichorCNA/logs/ichorCNA/ALQ_0005_03_LB01.bin1000000.log
    jobid: 7
    wildcards: sample=ALQ_0005_03_LB01, binSize=1000000
    resources: mem_mb=1000, disk_mb=1000, tmpdir=/tmp, mem=4


        module load R && Rscript /cluster/home/t922316uhn/ichorCNA/scripts/runIchorCNA.R           --id ALQ_0005_03_LB01           --libdir None           --WIG /cluster/projects/pughlab/myeloma/projects/MM_cell_drugs/WGS_Pipeline/ichorCNA/readDepth/ALQ_0005_03_LB01.bin1000000.regions.wig           --gcWig /cluster/home/t922316uhn/ichorCNA/inst/extdata/gc_hg38_1000kb.wig           --mapWig /cluster/home/t922316uhn/ichorCNA/inst/extdata/map_hg38_1000kb.wig           --normalPanel /cluster/home/t922316uhn/ichorCNA/inst/extdata/HD_ULP_PoN_hg38_1Mb_median_normAutosome_median.rds           --ploidy "c(2,3)"           --normal "c(0.5,0.6,0.7,0.8,0.9,0.95)"           --maxCN 5           --includeHOMD False           --chrs "paste0('chr', c(1:22, \"X\"))"           --chrTrain "paste0('chr', c(1:22))"           --genomeStyle UCSC           --genomeBuild hg38           --estimateNormal True           --estimatePloidy True           --estimateScPrevalence True           --scStates "c(1,3)"           --centromere /cluster/home/t922316uhn/ichorCNA/inst/extdata/GRCh38.GCA_000001405.2_centromere_acen.txt           --exons.bed None           --txnE 0.9999           --txnStrength 10000           --minMapScore 0.75           --fracReadsInChrYForMale 0.002           --maxFracGenomeSubclone 0.5           --maxFracCNASubclone 0.7           --plotFileType pdf           --plotYLim "c(-1,1)"           --outDir /cluster/projects/pughlab/myeloma/projects/MM_cell_drugs/WGS_Pipeline/ichorCNA/ALQ_0005_03_LB01/           > /cluster/projects/pughlab/myeloma/projects/MM_cell_drugs/WGS_Pipeline/ichorCNA/logs/ichorCNA/ALQ_0005_03_LB01.bin1000000.log 2> /cluster/projects/pughlab/myeloma/projects/MM_cell_drugs/WGS_Pipeline/ichorCNA/logs/ichorCNA/ALQ_0005_03_LB01.bin1000000.log
        
Submitted job 7 with external jobid 'Submitted batch job 5776841'.
[Sun Feb 15 20:02:19 2026]
Finished job 6.
2 of 15 steps (13%) done
Select jobs to execute...

[Sun Feb 15 20:02:19 2026]
rule ichorCNA:
    input: /cluster/projects/pughlab/myeloma/projects/MM_cell_drugs/WGS_Pipeline/ichorCNA/readDepth/ALQ_0011_01_LB01.bin1000000.regions.wig
    output: /cluster/projects/pughlab/myeloma/projects/MM_cell_drugs/WGS_Pipeline/ichorCNA/ALQ_0011_01_LB01/ALQ_0011_01_LB01.bin1000000.correctedDepth.txt, /cluster/projects/pughlab/myeloma/projects/MM_cell_drugs/WGS_Pipeline/ichorCNA/ALQ_0011_01_LB01/ALQ_0011_01_LB01.bin1000000.params.txt, /cluster/projects/pughlab/myeloma/projects/MM_cell_drugs/WGS_Pipeline/ichorCNA/ALQ_0011_01_LB01/ALQ_0011_01_LB01.bin1000000.cna.seg, /cluster/projects/pughlab/myeloma/projects/MM_cell_drugs/WGS_Pipeline/ichorCNA/ALQ_0011_01_LB01/ALQ_0011_01_LB01.bin1000000.seg.txt, /cluster/projects/pughlab/myeloma/projects/MM_cell_drugs/WGS_Pipeline/ichorCNA/ALQ_0011_01_LB01/ALQ_0011_01_LB01.bin1000000.seg, /cluster/projects/pughlab/myeloma/projects/MM_cell_drugs/WGS_Pipeline/ichorCNA/ALQ_0011_01_LB01/ALQ_0011_01_LB01.bin1000000.RData
    log: /cluster/projects/pughlab/myeloma/projects/MM_cell_drugs/WGS_Pipeline/ichorCNA/logs/ichorCNA/ALQ_0011_01_LB01.bin1000000.log
    jobid: 5
    wildcards: sample=ALQ_0011_01_LB01, binSize=1000000
    resources: mem_mb=1000, disk_mb=1000, tmpdir=/tmp, mem=4


        module load R && Rscript /cluster/home/t922316uhn/ichorCNA/scripts/runIchorCNA.R           --id ALQ_0011_01_LB01           --libdir None           --WIG /cluster/projects/pughlab/myeloma/projects/MM_cell_drugs/WGS_Pipeline/ichorCNA/readDepth/ALQ_0011_01_LB01.bin1000000.regions.wig           --gcWig /cluster/home/t922316uhn/ichorCNA/inst/extdata/gc_hg38_1000kb.wig           --mapWig /cluster/home/t922316uhn/ichorCNA/inst/extdata/map_hg38_1000kb.wig           --normalPanel /cluster/home/t922316uhn/ichorCNA/inst/extdata/HD_ULP_PoN_hg38_1Mb_median_normAutosome_median.rds           --ploidy "c(2,3)"           --normal "c(0.5,0.6,0.7,0.8,0.9,0.95)"           --maxCN 5           --includeHOMD False           --chrs "paste0('chr', c(1:22, \"X\"))"           --chrTrain "paste0('chr', c(1:22))"           --genomeStyle UCSC           --genomeBuild hg38           --estimateNormal True           --estimatePloidy True           --estimateScPrevalence True           --scStates "c(1,3)"           --centromere /cluster/home/t922316uhn/ichorCNA/inst/extdata/GRCh38.GCA_000001405.2_centromere_acen.txt           --exons.bed None           --txnE 0.9999           --txnStrength 10000           --minMapScore 0.75           --fracReadsInChrYForMale 0.002           --maxFracGenomeSubclone 0.5           --maxFracCNASubclone 0.7           --plotFileType pdf           --plotYLim "c(-1,1)"           --outDir /cluster/projects/pughlab/myeloma/projects/MM_cell_drugs/WGS_Pipeline/ichorCNA/ALQ_0011_01_LB01/           > /cluster/projects/pughlab/myeloma/projects/MM_cell_drugs/WGS_Pipeline/ichorCNA/logs/ichorCNA/ALQ_0011_01_LB01.bin1000000.log 2> /cluster/projects/pughlab/myeloma/projects/MM_cell_drugs/WGS_Pipeline/ichorCNA/logs/ichorCNA/ALQ_0011_01_LB01.bin1000000.log
        
Submitted job 5 with external jobid 'Submitted batch job 5776842'.
[Sun Feb 15 20:03:59 2026]
Error in rule ichorCNA:
    jobid: 7
    output: /cluster/projects/pughlab/myeloma/projects/MM_cell_drugs/WGS_Pipeline/ichorCNA/ALQ_0005_03_LB01/ALQ_0005_03_LB01.bin1000000.correctedDepth.txt, /cluster/projects/pughlab/myeloma/projects/MM_cell_drugs/WGS_Pipeline/ichorCNA/ALQ_0005_03_LB01/ALQ_0005_03_LB01.bin1000000.params.txt, /cluster/projects/pughlab/myeloma/projects/MM_cell_drugs/WGS_Pipeline/ichorCNA/ALQ_0005_03_LB01/ALQ_0005_03_LB01.bin1000000.cna.seg, /cluster/projects/pughlab/myeloma/projects/MM_cell_drugs/WGS_Pipeline/ichorCNA/ALQ_0005_03_LB01/ALQ_0005_03_LB01.bin1000000.seg.txt, /cluster/projects/pughlab/myeloma/projects/MM_cell_drugs/WGS_Pipeline/ichorCNA/ALQ_0005_03_LB01/ALQ_0005_03_LB01.bin1000000.seg, /cluster/projects/pughlab/myeloma/projects/MM_cell_drugs/WGS_Pipeline/ichorCNA/ALQ_0005_03_LB01/ALQ_0005_03_LB01.bin1000000.RData
    log: /cluster/projects/pughlab/myeloma/projects/MM_cell_drugs/WGS_Pipeline/ichorCNA/logs/ichorCNA/ALQ_0005_03_LB01.bin1000000.log (check log file(s) for error message)
    shell:
        
        module load R && Rscript /cluster/home/t922316uhn/ichorCNA/scripts/runIchorCNA.R           --id ALQ_0005_03_LB01           --libdir None           --WIG /cluster/projects/pughlab/myeloma/projects/MM_cell_drugs/WGS_Pipeline/ichorCNA/readDepth/ALQ_0005_03_LB01.bin1000000.regions.wig           --gcWig /cluster/home/t922316uhn/ichorCNA/inst/extdata/gc_hg38_1000kb.wig           --mapWig /cluster/home/t922316uhn/ichorCNA/inst/extdata/map_hg38_1000kb.wig           --normalPanel /cluster/home/t922316uhn/ichorCNA/inst/extdata/HD_ULP_PoN_hg38_1Mb_median_normAutosome_median.rds           --ploidy "c(2,3)"           --normal "c(0.5,0.6,0.7,0.8,0.9,0.95)"           --maxCN 5           --includeHOMD False           --chrs "paste0('chr', c(1:22, \"X\"))"           --chrTrain "paste0('chr', c(1:22))"           --genomeStyle UCSC           --genomeBuild hg38           --estimateNormal True           --estimatePloidy True           --estimateScPrevalence True           --scStates "c(1,3)"           --centromere /cluster/home/t922316uhn/ichorCNA/inst/extdata/GRCh38.GCA_000001405.2_centromere_acen.txt           --exons.bed None           --txnE 0.9999           --txnStrength 10000           --minMapScore 0.75           --fracReadsInChrYForMale 0.002           --maxFracGenomeSubclone 0.5           --maxFracCNASubclone 0.7           --plotFileType pdf           --plotYLim "c(-1,1)"           --outDir /cluster/projects/pughlab/myeloma/projects/MM_cell_drugs/WGS_Pipeline/ichorCNA/ALQ_0005_03_LB01/           > /cluster/projects/pughlab/myeloma/projects/MM_cell_drugs/WGS_Pipeline/ichorCNA/logs/ichorCNA/ALQ_0005_03_LB01.bin1000000.log 2> /cluster/projects/pughlab/myeloma/projects/MM_cell_drugs/WGS_Pipeline/ichorCNA/logs/ichorCNA/ALQ_0005_03_LB01.bin1000000.log
        
        (one of the commands exited with non-zero exit code; note that snakemake uses bash strict mode!)
    cluster_jobid: Submitted batch job 5776841

Error executing rule ichorCNA on cluster (jobid: 7, external: Submitted batch job 5776841, jobscript: /cluster/projects/pughlab/myeloma/projects/MM_cell_drugs/WGS_Pipeline/Batch/ichorCNA/.snakemake/tmp.6u5ikd76/snakejob.ichorCNA.7.sh). For error details see the cluster log and the log files of the involved rule(s).
[Sun Feb 15 20:04:39 2026]
Finished job 14.
3 of 15 steps (20%) done
[Sun Feb 15 20:04:59 2026]
Finished job 2.
4 of 15 steps (27%) done
[Sun Feb 15 20:05:29 2026]
Error in rule ichorCNA:
    jobid: 5
    output: /cluster/projects/pughlab/myeloma/projects/MM_cell_drugs/WGS_Pipeline/ichorCNA/ALQ_0011_01_LB01/ALQ_0011_01_LB01.bin1000000.correctedDepth.txt, /cluster/projects/pughlab/myeloma/projects/MM_cell_drugs/WGS_Pipeline/ichorCNA/ALQ_0011_01_LB01/ALQ_0011_01_LB01.bin1000000.params.txt, /cluster/projects/pughlab/myeloma/projects/MM_cell_drugs/WGS_Pipeline/ichorCNA/ALQ_0011_01_LB01/ALQ_0011_01_LB01.bin1000000.cna.seg, /cluster/projects/pughlab/myeloma/projects/MM_cell_drugs/WGS_Pipeline/ichorCNA/ALQ_0011_01_LB01/ALQ_0011_01_LB01.bin1000000.seg.txt, /cluster/projects/pughlab/myeloma/projects/MM_cell_drugs/WGS_Pipeline/ichorCNA/ALQ_0011_01_LB01/ALQ_0011_01_LB01.bin1000000.seg, /cluster/projects/pughlab/myeloma/projects/MM_cell_drugs/WGS_Pipeline/ichorCNA/ALQ_0011_01_LB01/ALQ_0011_01_LB01.bin1000000.RData
    log: /cluster/projects/pughlab/myeloma/projects/MM_cell_drugs/WGS_Pipeline/ichorCNA/logs/ichorCNA/ALQ_0011_01_LB01.bin1000000.log (check log file(s) for error message)
    shell:
        
        module load R && Rscript /cluster/home/t922316uhn/ichorCNA/scripts/runIchorCNA.R           --id ALQ_0011_01_LB01           --libdir None           --WIG /cluster/projects/pughlab/myeloma/projects/MM_cell_drugs/WGS_Pipeline/ichorCNA/readDepth/ALQ_0011_01_LB01.bin1000000.regions.wig           --gcWig /cluster/home/t922316uhn/ichorCNA/inst/extdata/gc_hg38_1000kb.wig           --mapWig /cluster/home/t922316uhn/ichorCNA/inst/extdata/map_hg38_1000kb.wig           --normalPanel /cluster/home/t922316uhn/ichorCNA/inst/extdata/HD_ULP_PoN_hg38_1Mb_median_normAutosome_median.rds           --ploidy "c(2,3)"           --normal "c(0.5,0.6,0.7,0.8,0.9,0.95)"           --maxCN 5           --includeHOMD False           --chrs "paste0('chr', c(1:22, \"X\"))"           --chrTrain "paste0('chr', c(1:22))"           --genomeStyle UCSC           --genomeBuild hg38           --estimateNormal True           --estimatePloidy True           --estimateScPrevalence True           --scStates "c(1,3)"           --centromere /cluster/home/t922316uhn/ichorCNA/inst/extdata/GRCh38.GCA_000001405.2_centromere_acen.txt           --exons.bed None           --txnE 0.9999           --txnStrength 10000           --minMapScore 0.75           --fracReadsInChrYForMale 0.002           --maxFracGenomeSubclone 0.5           --maxFracCNASubclone 0.7           --plotFileType pdf           --plotYLim "c(-1,1)"           --outDir /cluster/projects/pughlab/myeloma/projects/MM_cell_drugs/WGS_Pipeline/ichorCNA/ALQ_0011_01_LB01/           > /cluster/projects/pughlab/myeloma/projects/MM_cell_drugs/WGS_Pipeline/ichorCNA/logs/ichorCNA/ALQ_0011_01_LB01.bin1000000.log 2> /cluster/projects/pughlab/myeloma/projects/MM_cell_drugs/WGS_Pipeline/ichorCNA/logs/ichorCNA/ALQ_0011_01_LB01.bin1000000.log
        
        (one of the commands exited with non-zero exit code; note that snakemake uses bash strict mode!)
    cluster_jobid: Submitted batch job 5776842

Error executing rule ichorCNA on cluster (jobid: 5, external: Submitted batch job 5776842, jobscript: /cluster/projects/pughlab/myeloma/projects/MM_cell_drugs/WGS_Pipeline/Batch/ichorCNA/.snakemake/tmp.6u5ikd76/snakejob.ichorCNA.5.sh). For error details see the cluster log and the log files of the involved rule(s).
[Sun Feb 15 20:07:59 2026]
Finished job 10.
5 of 15 steps (33%) done
[Sun Feb 15 20:13:29 2026]
Finished job 12.
6 of 15 steps (40%) done
[Sun Feb 15 20:13:49 2026]
Finished job 4.
7 of 15 steps (47%) done
Shutting down, this might take some time.
Exiting because a job execution failed. Look above for error message
Complete log: .snakemake/log/2026-02-15T191355.310651.snakemake.log
