Building DAG of jobs...
Using shell: /usr/bin/bash
Provided cluster nodes: 100
Job stats:
job         count    min threads    max threads
--------  -------  -------------  -------------
all             1              1              1
ichorCNA        3              1              1
mosdepth        3              8              8
total           7              1              8

Select jobs to execute...

[Thu Feb 12 22:49:45 2026]
rule mosdepth:
    input: /cluster/projects/pughlab/myeloma/external_data/ucfDNA/423901-CFTMT_0004_3_H1-ppm0091-CATGCAAGTGTGATGAT/423901-CFTMT_0004_3_H1-ppm0091-CATGCAAGTGTGATGAT.cram, /cluster/tools/data/genomes/human/GRCh38/iGenomes/Sequence/WholeGenomeFasta/Homo_sapiens_assembly38.fasta
    output: /cluster/projects/pughlab/myeloma/projects/MM_cell_drugs/WGS_Pipeline/ichorCNA/readDepth/423901-CFTMT_0004_3_H1.bin1000000.regions.bed.gz, /cluster/projects/pughlab/myeloma/projects/MM_cell_drugs/WGS_Pipeline/ichorCNA/readDepth/423901-CFTMT_0004_3_H1.bin1000000.regions.wig, /cluster/projects/pughlab/myeloma/projects/MM_cell_drugs/WGS_Pipeline/ichorCNA/readDepth/423901-CFTMT_0004_3_H1.bin1000000.mosdepth.global.dist.txt, /cluster/projects/pughlab/myeloma/projects/MM_cell_drugs/WGS_Pipeline/ichorCNA/readDepth/423901-CFTMT_0004_3_H1.bin1000000.mosdepth.summary.txt, /cluster/projects/pughlab/myeloma/projects/MM_cell_drugs/WGS_Pipeline/ichorCNA/readDepth/423901-CFTMT_0004_3_H1.bin1000000.per-base.bed.gz
    log: /cluster/projects/pughlab/myeloma/projects/MM_cell_drugs/WGS_Pipeline/ichorCNA/logs/mosdepth/423901-CFTMT_0004_3_H1.bin1000000.log
    jobid: 2
    wildcards: sample=423901-CFTMT_0004_3_H1, binSize=1000000
    threads: 8
    resources: mem_mb=202517, disk_mb=202517, tmpdir=/tmp, mem=4


        /cluster/home/t922316uhn/mosdepth/mosdepth --fast-mode --by 1000000 --threads 8 --fasta /cluster/tools/data/genomes/human/GRCh38/iGenomes/Sequence/WholeGenomeFasta/Homo_sapiens_assembly38.fasta /cluster/projects/pughlab/myeloma/projects/MM_cell_drugs/WGS_Pipeline/ichorCNA/readDepth/423901-CFTMT_0004_3_H1.bin1000000 /cluster/projects/pughlab/myeloma/external_data/ucfDNA/423901-CFTMT_0004_3_H1-ppm0091-CATGCAAGTGTGATGAT/423901-CFTMT_0004_3_H1-ppm0091-CATGCAAGTGTGATGAT.cram 2> /cluster/projects/pughlab/myeloma/projects/MM_cell_drugs/WGS_Pipeline/ichorCNA/logs/mosdepth/423901-CFTMT_0004_3_H1.bin1000000.log

        zcat /cluster/projects/pughlab/myeloma/projects/MM_cell_drugs/WGS_Pipeline/ichorCNA/readDepth/423901-CFTMT_0004_3_H1.bin1000000.regions.bed.gz | awk '
        BEGIN { OFS="\t" }
        $1 ~ /^chr([1-9]|1[0-9]|2[0-2]|X|Y)$/ {
            chr = $1; start = $2; end = $3; cov = $4;
            if (NR == 1 || chr != prev_chr || start != prev_end) {
                print "fixedStep chrom=" chr " start=" (start+1) " step=" (end - start) " span=" (end - start);
            }
            print cov;
            prev_chr = chr; prev_end = end;
        }
        ' > /cluster/projects/pughlab/myeloma/projects/MM_cell_drugs/WGS_Pipeline/ichorCNA/readDepth/423901-CFTMT_0004_3_H1.bin1000000.regions.wig
        
Submitted job 2 with external jobid 'Submitted batch job 5754958'.

[Thu Feb 12 22:49:45 2026]
rule mosdepth:
    input: /cluster/projects/pughlab/myeloma/external_data/ucfDNA/423901-CFTMT_0003_1_E1-ppm0090-CTTCATGCATCTCAGAT/423901-CFTMT_0003_1_E1-ppm0090-CTTCATGCATCTCAGAT.cram, /cluster/tools/data/genomes/human/GRCh38/iGenomes/Sequence/WholeGenomeFasta/Homo_sapiens_assembly38.fasta
    output: /cluster/projects/pughlab/myeloma/projects/MM_cell_drugs/WGS_Pipeline/ichorCNA/readDepth/423901-CFTMT_0003_1_E1.bin1000000.regions.bed.gz, /cluster/projects/pughlab/myeloma/projects/MM_cell_drugs/WGS_Pipeline/ichorCNA/readDepth/423901-CFTMT_0003_1_E1.bin1000000.regions.wig, /cluster/projects/pughlab/myeloma/projects/MM_cell_drugs/WGS_Pipeline/ichorCNA/readDepth/423901-CFTMT_0003_1_E1.bin1000000.mosdepth.global.dist.txt, /cluster/projects/pughlab/myeloma/projects/MM_cell_drugs/WGS_Pipeline/ichorCNA/readDepth/423901-CFTMT_0003_1_E1.bin1000000.mosdepth.summary.txt, /cluster/projects/pughlab/myeloma/projects/MM_cell_drugs/WGS_Pipeline/ichorCNA/readDepth/423901-CFTMT_0003_1_E1.bin1000000.per-base.bed.gz
    log: /cluster/projects/pughlab/myeloma/projects/MM_cell_drugs/WGS_Pipeline/ichorCNA/logs/mosdepth/423901-CFTMT_0003_1_E1.bin1000000.log
    jobid: 4
    wildcards: sample=423901-CFTMT_0003_1_E1, binSize=1000000
    threads: 8
    resources: mem_mb=225488, disk_mb=225488, tmpdir=/tmp, mem=4


        /cluster/home/t922316uhn/mosdepth/mosdepth --fast-mode --by 1000000 --threads 8 --fasta /cluster/tools/data/genomes/human/GRCh38/iGenomes/Sequence/WholeGenomeFasta/Homo_sapiens_assembly38.fasta /cluster/projects/pughlab/myeloma/projects/MM_cell_drugs/WGS_Pipeline/ichorCNA/readDepth/423901-CFTMT_0003_1_E1.bin1000000 /cluster/projects/pughlab/myeloma/external_data/ucfDNA/423901-CFTMT_0003_1_E1-ppm0090-CTTCATGCATCTCAGAT/423901-CFTMT_0003_1_E1-ppm0090-CTTCATGCATCTCAGAT.cram 2> /cluster/projects/pughlab/myeloma/projects/MM_cell_drugs/WGS_Pipeline/ichorCNA/logs/mosdepth/423901-CFTMT_0003_1_E1.bin1000000.log

        zcat /cluster/projects/pughlab/myeloma/projects/MM_cell_drugs/WGS_Pipeline/ichorCNA/readDepth/423901-CFTMT_0003_1_E1.bin1000000.regions.bed.gz | awk '
        BEGIN { OFS="\t" }
        $1 ~ /^chr([1-9]|1[0-9]|2[0-2]|X|Y)$/ {
            chr = $1; start = $2; end = $3; cov = $4;
            if (NR == 1 || chr != prev_chr || start != prev_end) {
                print "fixedStep chrom=" chr " start=" (start+1) " step=" (end - start) " span=" (end - start);
            }
            print cov;
            prev_chr = chr; prev_end = end;
        }
        ' > /cluster/projects/pughlab/myeloma/projects/MM_cell_drugs/WGS_Pipeline/ichorCNA/readDepth/423901-CFTMT_0003_1_E1.bin1000000.regions.wig
        
Submitted job 4 with external jobid 'Submitted batch job 5754959'.

[Thu Feb 12 22:49:45 2026]
rule mosdepth:
    input: /cluster/projects/pughlab/myeloma/external_data/ucfDNA/423901-CFTMT_0001_3_B1-ppm0089-CATGCAGATGGCGAGAT/423901-CFTMT_0001_3_B1-ppm0089-CATGCAGATGGCGAGAT.cram, /cluster/tools/data/genomes/human/GRCh38/iGenomes/Sequence/WholeGenomeFasta/Homo_sapiens_assembly38.fasta
    output: /cluster/projects/pughlab/myeloma/projects/MM_cell_drugs/WGS_Pipeline/ichorCNA/readDepth/423901-CFTMT_0001_3_B1.bin1000000.regions.bed.gz, /cluster/projects/pughlab/myeloma/projects/MM_cell_drugs/WGS_Pipeline/ichorCNA/readDepth/423901-CFTMT_0001_3_B1.bin1000000.regions.wig, /cluster/projects/pughlab/myeloma/projects/MM_cell_drugs/WGS_Pipeline/ichorCNA/readDepth/423901-CFTMT_0001_3_B1.bin1000000.mosdepth.global.dist.txt, /cluster/projects/pughlab/myeloma/projects/MM_cell_drugs/WGS_Pipeline/ichorCNA/readDepth/423901-CFTMT_0001_3_B1.bin1000000.mosdepth.summary.txt, /cluster/projects/pughlab/myeloma/projects/MM_cell_drugs/WGS_Pipeline/ichorCNA/readDepth/423901-CFTMT_0001_3_B1.bin1000000.per-base.bed.gz
    log: /cluster/projects/pughlab/myeloma/projects/MM_cell_drugs/WGS_Pipeline/ichorCNA/logs/mosdepth/423901-CFTMT_0001_3_B1.bin1000000.log
    jobid: 6
    wildcards: sample=423901-CFTMT_0001_3_B1, binSize=1000000
    threads: 8
    resources: mem_mb=271646, disk_mb=271646, tmpdir=/tmp, mem=4


        /cluster/home/t922316uhn/mosdepth/mosdepth --fast-mode --by 1000000 --threads 8 --fasta /cluster/tools/data/genomes/human/GRCh38/iGenomes/Sequence/WholeGenomeFasta/Homo_sapiens_assembly38.fasta /cluster/projects/pughlab/myeloma/projects/MM_cell_drugs/WGS_Pipeline/ichorCNA/readDepth/423901-CFTMT_0001_3_B1.bin1000000 /cluster/projects/pughlab/myeloma/external_data/ucfDNA/423901-CFTMT_0001_3_B1-ppm0089-CATGCAGATGGCGAGAT/423901-CFTMT_0001_3_B1-ppm0089-CATGCAGATGGCGAGAT.cram 2> /cluster/projects/pughlab/myeloma/projects/MM_cell_drugs/WGS_Pipeline/ichorCNA/logs/mosdepth/423901-CFTMT_0001_3_B1.bin1000000.log

        zcat /cluster/projects/pughlab/myeloma/projects/MM_cell_drugs/WGS_Pipeline/ichorCNA/readDepth/423901-CFTMT_0001_3_B1.bin1000000.regions.bed.gz | awk '
        BEGIN { OFS="\t" }
        $1 ~ /^chr([1-9]|1[0-9]|2[0-2]|X|Y)$/ {
            chr = $1; start = $2; end = $3; cov = $4;
            if (NR == 1 || chr != prev_chr || start != prev_end) {
                print "fixedStep chrom=" chr " start=" (start+1) " step=" (end - start) " span=" (end - start);
            }
            print cov;
            prev_chr = chr; prev_end = end;
        }
        ' > /cluster/projects/pughlab/myeloma/projects/MM_cell_drugs/WGS_Pipeline/ichorCNA/readDepth/423901-CFTMT_0001_3_B1.bin1000000.regions.wig
        
Submitted job 6 with external jobid 'Submitted batch job 5754960'.
[Thu Feb 12 23:18:16 2026]
Finished job 2.
1 of 7 steps (14%) done
Select jobs to execute...

[Thu Feb 12 23:18:16 2026]
rule ichorCNA:
    input: /cluster/projects/pughlab/myeloma/projects/MM_cell_drugs/WGS_Pipeline/ichorCNA/readDepth/423901-CFTMT_0004_3_H1.bin1000000.regions.wig
    output: /cluster/projects/pughlab/myeloma/projects/MM_cell_drugs/WGS_Pipeline/ichorCNA/423901-CFTMT_0004_3_H1/423901-CFTMT_0004_3_H1.bin1000000.correctedDepth.txt, /cluster/projects/pughlab/myeloma/projects/MM_cell_drugs/WGS_Pipeline/ichorCNA/423901-CFTMT_0004_3_H1/423901-CFTMT_0004_3_H1.bin1000000.params.txt, /cluster/projects/pughlab/myeloma/projects/MM_cell_drugs/WGS_Pipeline/ichorCNA/423901-CFTMT_0004_3_H1/423901-CFTMT_0004_3_H1.bin1000000.cna.seg, /cluster/projects/pughlab/myeloma/projects/MM_cell_drugs/WGS_Pipeline/ichorCNA/423901-CFTMT_0004_3_H1/423901-CFTMT_0004_3_H1.bin1000000.seg.txt, /cluster/projects/pughlab/myeloma/projects/MM_cell_drugs/WGS_Pipeline/ichorCNA/423901-CFTMT_0004_3_H1/423901-CFTMT_0004_3_H1.bin1000000.seg, /cluster/projects/pughlab/myeloma/projects/MM_cell_drugs/WGS_Pipeline/ichorCNA/423901-CFTMT_0004_3_H1/423901-CFTMT_0004_3_H1.bin1000000.RData
    log: /cluster/projects/pughlab/myeloma/projects/MM_cell_drugs/WGS_Pipeline/ichorCNA/logs/ichorCNA/423901-CFTMT_0004_3_H1.bin1000000.log
    jobid: 1
    wildcards: sample=423901-CFTMT_0004_3_H1, binSize=1000000
    resources: mem_mb=1000, disk_mb=1000, tmpdir=/tmp, mem=4


        module load R && Rscript /cluster/home/t922316uhn/ichorCNA/scripts/runIchorCNA.R           --id 423901-CFTMT_0004_3_H1           --libdir None           --WIG /cluster/projects/pughlab/myeloma/projects/MM_cell_drugs/WGS_Pipeline/ichorCNA/readDepth/423901-CFTMT_0004_3_H1.bin1000000.regions.wig           --gcWig /cluster/home/t922316uhn/ichorCNA/inst/extdata/gc_hg38_1000kb.wig           --mapWig /cluster/home/t922316uhn/ichorCNA/inst/extdata/map_hg38_1000kb.wig           --normalPanel /cluster/home/t922316uhn/ichorCNA/inst/extdata/HD_ULP_PoN_hg38_1Mb_median_normAutosome_median.rds           --ploidy "c(2,3)"           --normal "c(0.5,0.6,0.7,0.8,0.9,0.95)"           --maxCN 5           --includeHOMD False           --chrs "paste0('chr', c(1:22, \"X\"))"           --chrTrain "paste0('chr', c(1:22))"           --genomeStyle UCSC           --genomeBuild hg38           --estimateNormal True           --estimatePloidy True           --estimateScPrevalence True           --scStates "c(1,3)"           --centromere /cluster/home/t922316uhn/ichorCNA/inst/extdata/GRCh38.GCA_000001405.2_centromere_acen.txt           --exons.bed None           --txnE 0.9999           --txnStrength 10000           --minMapScore 0.75           --fracReadsInChrYForMale 0.002           --maxFracGenomeSubclone 0.5           --maxFracCNASubclone 0.7           --plotFileType pdf           --plotYLim "c(-1,1)"           --outDir /cluster/projects/pughlab/myeloma/projects/MM_cell_drugs/WGS_Pipeline/ichorCNA/423901-CFTMT_0004_3_H1/           > /cluster/projects/pughlab/myeloma/projects/MM_cell_drugs/WGS_Pipeline/ichorCNA/logs/ichorCNA/423901-CFTMT_0004_3_H1.bin1000000.log 2> /cluster/projects/pughlab/myeloma/projects/MM_cell_drugs/WGS_Pipeline/ichorCNA/logs/ichorCNA/423901-CFTMT_0004_3_H1.bin1000000.log
        
Submitted job 1 with external jobid 'Submitted batch job 5754979'.
[Thu Feb 12 23:22:27 2026]
Finished job 4.
2 of 7 steps (29%) done
Select jobs to execute...

[Thu Feb 12 23:22:27 2026]
rule ichorCNA:
    input: /cluster/projects/pughlab/myeloma/projects/MM_cell_drugs/WGS_Pipeline/ichorCNA/readDepth/423901-CFTMT_0003_1_E1.bin1000000.regions.wig
    output: /cluster/projects/pughlab/myeloma/projects/MM_cell_drugs/WGS_Pipeline/ichorCNA/423901-CFTMT_0003_1_E1/423901-CFTMT_0003_1_E1.bin1000000.correctedDepth.txt, /cluster/projects/pughlab/myeloma/projects/MM_cell_drugs/WGS_Pipeline/ichorCNA/423901-CFTMT_0003_1_E1/423901-CFTMT_0003_1_E1.bin1000000.params.txt, /cluster/projects/pughlab/myeloma/projects/MM_cell_drugs/WGS_Pipeline/ichorCNA/423901-CFTMT_0003_1_E1/423901-CFTMT_0003_1_E1.bin1000000.cna.seg, /cluster/projects/pughlab/myeloma/projects/MM_cell_drugs/WGS_Pipeline/ichorCNA/423901-CFTMT_0003_1_E1/423901-CFTMT_0003_1_E1.bin1000000.seg.txt, /cluster/projects/pughlab/myeloma/projects/MM_cell_drugs/WGS_Pipeline/ichorCNA/423901-CFTMT_0003_1_E1/423901-CFTMT_0003_1_E1.bin1000000.seg, /cluster/projects/pughlab/myeloma/projects/MM_cell_drugs/WGS_Pipeline/ichorCNA/423901-CFTMT_0003_1_E1/423901-CFTMT_0003_1_E1.bin1000000.RData
    log: /cluster/projects/pughlab/myeloma/projects/MM_cell_drugs/WGS_Pipeline/ichorCNA/logs/ichorCNA/423901-CFTMT_0003_1_E1.bin1000000.log
    jobid: 3
    wildcards: sample=423901-CFTMT_0003_1_E1, binSize=1000000
    resources: mem_mb=1000, disk_mb=1000, tmpdir=/tmp, mem=4


        module load R && Rscript /cluster/home/t922316uhn/ichorCNA/scripts/runIchorCNA.R           --id 423901-CFTMT_0003_1_E1           --libdir None           --WIG /cluster/projects/pughlab/myeloma/projects/MM_cell_drugs/WGS_Pipeline/ichorCNA/readDepth/423901-CFTMT_0003_1_E1.bin1000000.regions.wig           --gcWig /cluster/home/t922316uhn/ichorCNA/inst/extdata/gc_hg38_1000kb.wig           --mapWig /cluster/home/t922316uhn/ichorCNA/inst/extdata/map_hg38_1000kb.wig           --normalPanel /cluster/home/t922316uhn/ichorCNA/inst/extdata/HD_ULP_PoN_hg38_1Mb_median_normAutosome_median.rds           --ploidy "c(2,3)"           --normal "c(0.5,0.6,0.7,0.8,0.9,0.95)"           --maxCN 5           --includeHOMD False           --chrs "paste0('chr', c(1:22, \"X\"))"           --chrTrain "paste0('chr', c(1:22))"           --genomeStyle UCSC           --genomeBuild hg38           --estimateNormal True           --estimatePloidy True           --estimateScPrevalence True           --scStates "c(1,3)"           --centromere /cluster/home/t922316uhn/ichorCNA/inst/extdata/GRCh38.GCA_000001405.2_centromere_acen.txt           --exons.bed None           --txnE 0.9999           --txnStrength 10000           --minMapScore 0.75           --fracReadsInChrYForMale 0.002           --maxFracGenomeSubclone 0.5           --maxFracCNASubclone 0.7           --plotFileType pdf           --plotYLim "c(-1,1)"           --outDir /cluster/projects/pughlab/myeloma/projects/MM_cell_drugs/WGS_Pipeline/ichorCNA/423901-CFTMT_0003_1_E1/           > /cluster/projects/pughlab/myeloma/projects/MM_cell_drugs/WGS_Pipeline/ichorCNA/logs/ichorCNA/423901-CFTMT_0003_1_E1.bin1000000.log 2> /cluster/projects/pughlab/myeloma/projects/MM_cell_drugs/WGS_Pipeline/ichorCNA/logs/ichorCNA/423901-CFTMT_0003_1_E1.bin1000000.log
        
Submitted job 3 with external jobid 'Submitted batch job 5754981'.
[Thu Feb 12 23:23:17 2026]
Error in rule ichorCNA:
    jobid: 1
    output: /cluster/projects/pughlab/myeloma/projects/MM_cell_drugs/WGS_Pipeline/ichorCNA/423901-CFTMT_0004_3_H1/423901-CFTMT_0004_3_H1.bin1000000.correctedDepth.txt, /cluster/projects/pughlab/myeloma/projects/MM_cell_drugs/WGS_Pipeline/ichorCNA/423901-CFTMT_0004_3_H1/423901-CFTMT_0004_3_H1.bin1000000.params.txt, /cluster/projects/pughlab/myeloma/projects/MM_cell_drugs/WGS_Pipeline/ichorCNA/423901-CFTMT_0004_3_H1/423901-CFTMT_0004_3_H1.bin1000000.cna.seg, /cluster/projects/pughlab/myeloma/projects/MM_cell_drugs/WGS_Pipeline/ichorCNA/423901-CFTMT_0004_3_H1/423901-CFTMT_0004_3_H1.bin1000000.seg.txt, /cluster/projects/pughlab/myeloma/projects/MM_cell_drugs/WGS_Pipeline/ichorCNA/423901-CFTMT_0004_3_H1/423901-CFTMT_0004_3_H1.bin1000000.seg, /cluster/projects/pughlab/myeloma/projects/MM_cell_drugs/WGS_Pipeline/ichorCNA/423901-CFTMT_0004_3_H1/423901-CFTMT_0004_3_H1.bin1000000.RData
    log: /cluster/projects/pughlab/myeloma/projects/MM_cell_drugs/WGS_Pipeline/ichorCNA/logs/ichorCNA/423901-CFTMT_0004_3_H1.bin1000000.log (check log file(s) for error message)
    shell:
        
        module load R && Rscript /cluster/home/t922316uhn/ichorCNA/scripts/runIchorCNA.R           --id 423901-CFTMT_0004_3_H1           --libdir None           --WIG /cluster/projects/pughlab/myeloma/projects/MM_cell_drugs/WGS_Pipeline/ichorCNA/readDepth/423901-CFTMT_0004_3_H1.bin1000000.regions.wig           --gcWig /cluster/home/t922316uhn/ichorCNA/inst/extdata/gc_hg38_1000kb.wig           --mapWig /cluster/home/t922316uhn/ichorCNA/inst/extdata/map_hg38_1000kb.wig           --normalPanel /cluster/home/t922316uhn/ichorCNA/inst/extdata/HD_ULP_PoN_hg38_1Mb_median_normAutosome_median.rds           --ploidy "c(2,3)"           --normal "c(0.5,0.6,0.7,0.8,0.9,0.95)"           --maxCN 5           --includeHOMD False           --chrs "paste0('chr', c(1:22, \"X\"))"           --chrTrain "paste0('chr', c(1:22))"           --genomeStyle UCSC           --genomeBuild hg38           --estimateNormal True           --estimatePloidy True           --estimateScPrevalence True           --scStates "c(1,3)"           --centromere /cluster/home/t922316uhn/ichorCNA/inst/extdata/GRCh38.GCA_000001405.2_centromere_acen.txt           --exons.bed None           --txnE 0.9999           --txnStrength 10000           --minMapScore 0.75           --fracReadsInChrYForMale 0.002           --maxFracGenomeSubclone 0.5           --maxFracCNASubclone 0.7           --plotFileType pdf           --plotYLim "c(-1,1)"           --outDir /cluster/projects/pughlab/myeloma/projects/MM_cell_drugs/WGS_Pipeline/ichorCNA/423901-CFTMT_0004_3_H1/           > /cluster/projects/pughlab/myeloma/projects/MM_cell_drugs/WGS_Pipeline/ichorCNA/logs/ichorCNA/423901-CFTMT_0004_3_H1.bin1000000.log 2> /cluster/projects/pughlab/myeloma/projects/MM_cell_drugs/WGS_Pipeline/ichorCNA/logs/ichorCNA/423901-CFTMT_0004_3_H1.bin1000000.log
        
        (one of the commands exited with non-zero exit code; note that snakemake uses bash strict mode!)
    cluster_jobid: Submitted batch job 5754979

Error executing rule ichorCNA on cluster (jobid: 1, external: Submitted batch job 5754979, jobscript: /cluster/projects/pughlab/myeloma/projects/MM_cell_drugs/WGS_Pipeline/Batch/ichorCNA/.snakemake/tmp.exglnmvd/snakejob.ichorCNA.1.sh). For error details see the cluster log and the log files of the involved rule(s).
[Thu Feb 12 23:26:17 2026]
Error in rule ichorCNA:
    jobid: 3
    output: /cluster/projects/pughlab/myeloma/projects/MM_cell_drugs/WGS_Pipeline/ichorCNA/423901-CFTMT_0003_1_E1/423901-CFTMT_0003_1_E1.bin1000000.correctedDepth.txt, /cluster/projects/pughlab/myeloma/projects/MM_cell_drugs/WGS_Pipeline/ichorCNA/423901-CFTMT_0003_1_E1/423901-CFTMT_0003_1_E1.bin1000000.params.txt, /cluster/projects/pughlab/myeloma/projects/MM_cell_drugs/WGS_Pipeline/ichorCNA/423901-CFTMT_0003_1_E1/423901-CFTMT_0003_1_E1.bin1000000.cna.seg, /cluster/projects/pughlab/myeloma/projects/MM_cell_drugs/WGS_Pipeline/ichorCNA/423901-CFTMT_0003_1_E1/423901-CFTMT_0003_1_E1.bin1000000.seg.txt, /cluster/projects/pughlab/myeloma/projects/MM_cell_drugs/WGS_Pipeline/ichorCNA/423901-CFTMT_0003_1_E1/423901-CFTMT_0003_1_E1.bin1000000.seg, /cluster/projects/pughlab/myeloma/projects/MM_cell_drugs/WGS_Pipeline/ichorCNA/423901-CFTMT_0003_1_E1/423901-CFTMT_0003_1_E1.bin1000000.RData
    log: /cluster/projects/pughlab/myeloma/projects/MM_cell_drugs/WGS_Pipeline/ichorCNA/logs/ichorCNA/423901-CFTMT_0003_1_E1.bin1000000.log (check log file(s) for error message)
    shell:
        
        module load R && Rscript /cluster/home/t922316uhn/ichorCNA/scripts/runIchorCNA.R           --id 423901-CFTMT_0003_1_E1           --libdir None           --WIG /cluster/projects/pughlab/myeloma/projects/MM_cell_drugs/WGS_Pipeline/ichorCNA/readDepth/423901-CFTMT_0003_1_E1.bin1000000.regions.wig           --gcWig /cluster/home/t922316uhn/ichorCNA/inst/extdata/gc_hg38_1000kb.wig           --mapWig /cluster/home/t922316uhn/ichorCNA/inst/extdata/map_hg38_1000kb.wig           --normalPanel /cluster/home/t922316uhn/ichorCNA/inst/extdata/HD_ULP_PoN_hg38_1Mb_median_normAutosome_median.rds           --ploidy "c(2,3)"           --normal "c(0.5,0.6,0.7,0.8,0.9,0.95)"           --maxCN 5           --includeHOMD False           --chrs "paste0('chr', c(1:22, \"X\"))"           --chrTrain "paste0('chr', c(1:22))"           --genomeStyle UCSC           --genomeBuild hg38           --estimateNormal True           --estimatePloidy True           --estimateScPrevalence True           --scStates "c(1,3)"           --centromere /cluster/home/t922316uhn/ichorCNA/inst/extdata/GRCh38.GCA_000001405.2_centromere_acen.txt           --exons.bed None           --txnE 0.9999           --txnStrength 10000           --minMapScore 0.75           --fracReadsInChrYForMale 0.002           --maxFracGenomeSubclone 0.5           --maxFracCNASubclone 0.7           --plotFileType pdf           --plotYLim "c(-1,1)"           --outDir /cluster/projects/pughlab/myeloma/projects/MM_cell_drugs/WGS_Pipeline/ichorCNA/423901-CFTMT_0003_1_E1/           > /cluster/projects/pughlab/myeloma/projects/MM_cell_drugs/WGS_Pipeline/ichorCNA/logs/ichorCNA/423901-CFTMT_0003_1_E1.bin1000000.log 2> /cluster/projects/pughlab/myeloma/projects/MM_cell_drugs/WGS_Pipeline/ichorCNA/logs/ichorCNA/423901-CFTMT_0003_1_E1.bin1000000.log
        
        (one of the commands exited with non-zero exit code; note that snakemake uses bash strict mode!)
    cluster_jobid: Submitted batch job 5754981

Error executing rule ichorCNA on cluster (jobid: 3, external: Submitted batch job 5754981, jobscript: /cluster/projects/pughlab/myeloma/projects/MM_cell_drugs/WGS_Pipeline/Batch/ichorCNA/.snakemake/tmp.exglnmvd/snakejob.ichorCNA.3.sh). For error details see the cluster log and the log files of the involved rule(s).
[Thu Feb 12 23:28:57 2026]
Finished job 6.
3 of 7 steps (43%) done
Shutting down, this might take some time.
Exiting because a job execution failed. Look above for error message
Complete log: .snakemake/log/2026-02-12T224944.627120.snakemake.log
