Building DAG of jobs...
Using shell: /usr/bin/bash
Provided cluster nodes: 100
Job stats:
job         count    min threads    max threads
--------  -------  -------------  -------------
all             1              1              1
ichorCNA        9              1              1
total          10              1              1

Select jobs to execute...

[Sun Feb 15 22:01:28 2026]
rule ichorCNA:
    input: /cluster/projects/pughlab/myeloma/projects/MM_cell_drugs/WGS_Pipeline/ichorCNA/readDepth/OICRM4VA-09-01-P.bin1000000.regions.wig
    output: /cluster/projects/pughlab/myeloma/projects/MM_cell_drugs/WGS_Pipeline/ichorCNA/OICRM4VA-09-01-P/OICRM4VA-09-01-P.bin1000000.correctedDepth.txt, /cluster/projects/pughlab/myeloma/projects/MM_cell_drugs/WGS_Pipeline/ichorCNA/OICRM4VA-09-01-P/OICRM4VA-09-01-P.bin1000000.params.txt, /cluster/projects/pughlab/myeloma/projects/MM_cell_drugs/WGS_Pipeline/ichorCNA/OICRM4VA-09-01-P/OICRM4VA-09-01-P.bin1000000.cna.seg, /cluster/projects/pughlab/myeloma/projects/MM_cell_drugs/WGS_Pipeline/ichorCNA/OICRM4VA-09-01-P/OICRM4VA-09-01-P.bin1000000.seg.txt, /cluster/projects/pughlab/myeloma/projects/MM_cell_drugs/WGS_Pipeline/ichorCNA/OICRM4VA-09-01-P/OICRM4VA-09-01-P.bin1000000.seg, /cluster/projects/pughlab/myeloma/projects/MM_cell_drugs/WGS_Pipeline/ichorCNA/OICRM4VA-09-01-P/OICRM4VA-09-01-P.bin1000000.RData
    log: /cluster/projects/pughlab/myeloma/projects/MM_cell_drugs/WGS_Pipeline/ichorCNA/logs/ichorCNA/OICRM4VA-09-01-P.bin1000000.log
    jobid: 9
    wildcards: sample=OICRM4VA-09-01-P, binSize=1000000
    resources: mem_mb=1000, disk_mb=1000, tmpdir=/tmp, mem=4


        module load R && Rscript /cluster/home/t922316uhn/ichorCNA/scripts/runIchorCNA.R           --id OICRM4VA-09-01-P           --libdir None           --WIG /cluster/projects/pughlab/myeloma/projects/MM_cell_drugs/WGS_Pipeline/ichorCNA/readDepth/OICRM4VA-09-01-P.bin1000000.regions.wig           --gcWig /cluster/home/t922316uhn/ichorCNA/inst/extdata/gc_hg38_1000kb.wig           --mapWig /cluster/home/t922316uhn/ichorCNA/inst/extdata/map_hg38_1000kb.wig           --normalPanel /cluster/home/t922316uhn/ichorCNA/inst/extdata/HD_ULP_PoN_hg38_1Mb_median_normAutosome_median.rds           --ploidy "c(2,3)"           --normal "c(0.5,0.6,0.7,0.8,0.9,0.95)"           --maxCN 5           --includeHOMD False           --chrs "paste0('chr', c(1:22, \"X\"))"           --chrTrain "paste0('chr', c(1:22))"           --genomeStyle UCSC           --genomeBuild hg38           --estimateNormal True           --estimatePloidy True           --estimateScPrevalence True           --scStates "c(1,3)"           --centromere /cluster/home/t922316uhn/ichorCNA/inst/extdata/GRCh38.GCA_000001405.2_centromere_acen.txt           --exons.bed None           --txnE 0.9999           --txnStrength 10000           --minMapScore 0.75           --fracReadsInChrYForMale 0.002           --maxFracGenomeSubclone 0.5           --maxFracCNASubclone 0.7           --plotFileType pdf           --plotYLim "c(-1,1)"           --outDir /cluster/projects/pughlab/myeloma/projects/MM_cell_drugs/WGS_Pipeline/ichorCNA/OICRM4VA-09-01-P/           > /cluster/projects/pughlab/myeloma/projects/MM_cell_drugs/WGS_Pipeline/ichorCNA/logs/ichorCNA/OICRM4VA-09-01-P.bin1000000.log 2> /cluster/projects/pughlab/myeloma/projects/MM_cell_drugs/WGS_Pipeline/ichorCNA/logs/ichorCNA/OICRM4VA-09-01-P.bin1000000.log
        
Submitted job 9 with external jobid 'Submitted batch job 5777868'.

[Sun Feb 15 22:01:28 2026]
rule ichorCNA:
    input: /cluster/projects/pughlab/myeloma/projects/MM_cell_drugs/WGS_Pipeline/ichorCNA/readDepth/OICRM4CA-08-01-P.bin1000000.regions.wig
    output: /cluster/projects/pughlab/myeloma/projects/MM_cell_drugs/WGS_Pipeline/ichorCNA/OICRM4CA-08-01-P/OICRM4CA-08-01-P.bin1000000.correctedDepth.txt, /cluster/projects/pughlab/myeloma/projects/MM_cell_drugs/WGS_Pipeline/ichorCNA/OICRM4CA-08-01-P/OICRM4CA-08-01-P.bin1000000.params.txt, /cluster/projects/pughlab/myeloma/projects/MM_cell_drugs/WGS_Pipeline/ichorCNA/OICRM4CA-08-01-P/OICRM4CA-08-01-P.bin1000000.cna.seg, /cluster/projects/pughlab/myeloma/projects/MM_cell_drugs/WGS_Pipeline/ichorCNA/OICRM4CA-08-01-P/OICRM4CA-08-01-P.bin1000000.seg.txt, /cluster/projects/pughlab/myeloma/projects/MM_cell_drugs/WGS_Pipeline/ichorCNA/OICRM4CA-08-01-P/OICRM4CA-08-01-P.bin1000000.seg, /cluster/projects/pughlab/myeloma/projects/MM_cell_drugs/WGS_Pipeline/ichorCNA/OICRM4CA-08-01-P/OICRM4CA-08-01-P.bin1000000.RData
    log: /cluster/projects/pughlab/myeloma/projects/MM_cell_drugs/WGS_Pipeline/ichorCNA/logs/ichorCNA/OICRM4CA-08-01-P.bin1000000.log
    jobid: 2
    wildcards: sample=OICRM4CA-08-01-P, binSize=1000000
    resources: mem_mb=1000, disk_mb=1000, tmpdir=/tmp, mem=4


        module load R && Rscript /cluster/home/t922316uhn/ichorCNA/scripts/runIchorCNA.R           --id OICRM4CA-08-01-P           --libdir None           --WIG /cluster/projects/pughlab/myeloma/projects/MM_cell_drugs/WGS_Pipeline/ichorCNA/readDepth/OICRM4CA-08-01-P.bin1000000.regions.wig           --gcWig /cluster/home/t922316uhn/ichorCNA/inst/extdata/gc_hg38_1000kb.wig           --mapWig /cluster/home/t922316uhn/ichorCNA/inst/extdata/map_hg38_1000kb.wig           --normalPanel /cluster/home/t922316uhn/ichorCNA/inst/extdata/HD_ULP_PoN_hg38_1Mb_median_normAutosome_median.rds           --ploidy "c(2,3)"           --normal "c(0.5,0.6,0.7,0.8,0.9,0.95)"           --maxCN 5           --includeHOMD False           --chrs "paste0('chr', c(1:22, \"X\"))"           --chrTrain "paste0('chr', c(1:22))"           --genomeStyle UCSC           --genomeBuild hg38           --estimateNormal True           --estimatePloidy True           --estimateScPrevalence True           --scStates "c(1,3)"           --centromere /cluster/home/t922316uhn/ichorCNA/inst/extdata/GRCh38.GCA_000001405.2_centromere_acen.txt           --exons.bed None           --txnE 0.9999           --txnStrength 10000           --minMapScore 0.75           --fracReadsInChrYForMale 0.002           --maxFracGenomeSubclone 0.5           --maxFracCNASubclone 0.7           --plotFileType pdf           --plotYLim "c(-1,1)"           --outDir /cluster/projects/pughlab/myeloma/projects/MM_cell_drugs/WGS_Pipeline/ichorCNA/OICRM4CA-08-01-P/           > /cluster/projects/pughlab/myeloma/projects/MM_cell_drugs/WGS_Pipeline/ichorCNA/logs/ichorCNA/OICRM4CA-08-01-P.bin1000000.log 2> /cluster/projects/pughlab/myeloma/projects/MM_cell_drugs/WGS_Pipeline/ichorCNA/logs/ichorCNA/OICRM4CA-08-01-P.bin1000000.log
        
Submitted job 2 with external jobid 'Submitted batch job 5777869'.

[Sun Feb 15 22:01:28 2026]
rule ichorCNA:
    input: /cluster/projects/pughlab/myeloma/projects/MM_cell_drugs/WGS_Pipeline/ichorCNA/readDepth/OICRM4CA-08-R-P.bin1000000.regions.wig
    output: /cluster/projects/pughlab/myeloma/projects/MM_cell_drugs/WGS_Pipeline/ichorCNA/OICRM4CA-08-R-P/OICRM4CA-08-R-P.bin1000000.correctedDepth.txt, /cluster/projects/pughlab/myeloma/projects/MM_cell_drugs/WGS_Pipeline/ichorCNA/OICRM4CA-08-R-P/OICRM4CA-08-R-P.bin1000000.params.txt, /cluster/projects/pughlab/myeloma/projects/MM_cell_drugs/WGS_Pipeline/ichorCNA/OICRM4CA-08-R-P/OICRM4CA-08-R-P.bin1000000.cna.seg, /cluster/projects/pughlab/myeloma/projects/MM_cell_drugs/WGS_Pipeline/ichorCNA/OICRM4CA-08-R-P/OICRM4CA-08-R-P.bin1000000.seg.txt, /cluster/projects/pughlab/myeloma/projects/MM_cell_drugs/WGS_Pipeline/ichorCNA/OICRM4CA-08-R-P/OICRM4CA-08-R-P.bin1000000.seg, /cluster/projects/pughlab/myeloma/projects/MM_cell_drugs/WGS_Pipeline/ichorCNA/OICRM4CA-08-R-P/OICRM4CA-08-R-P.bin1000000.RData
    log: /cluster/projects/pughlab/myeloma/projects/MM_cell_drugs/WGS_Pipeline/ichorCNA/logs/ichorCNA/OICRM4CA-08-R-P.bin1000000.log
    jobid: 3
    wildcards: sample=OICRM4CA-08-R-P, binSize=1000000
    resources: mem_mb=1000, disk_mb=1000, tmpdir=/tmp, mem=4


        module load R && Rscript /cluster/home/t922316uhn/ichorCNA/scripts/runIchorCNA.R           --id OICRM4CA-08-R-P           --libdir None           --WIG /cluster/projects/pughlab/myeloma/projects/MM_cell_drugs/WGS_Pipeline/ichorCNA/readDepth/OICRM4CA-08-R-P.bin1000000.regions.wig           --gcWig /cluster/home/t922316uhn/ichorCNA/inst/extdata/gc_hg38_1000kb.wig           --mapWig /cluster/home/t922316uhn/ichorCNA/inst/extdata/map_hg38_1000kb.wig           --normalPanel /cluster/home/t922316uhn/ichorCNA/inst/extdata/HD_ULP_PoN_hg38_1Mb_median_normAutosome_median.rds           --ploidy "c(2,3)"           --normal "c(0.5,0.6,0.7,0.8,0.9,0.95)"           --maxCN 5           --includeHOMD False           --chrs "paste0('chr', c(1:22, \"X\"))"           --chrTrain "paste0('chr', c(1:22))"           --genomeStyle UCSC           --genomeBuild hg38           --estimateNormal True           --estimatePloidy True           --estimateScPrevalence True           --scStates "c(1,3)"           --centromere /cluster/home/t922316uhn/ichorCNA/inst/extdata/GRCh38.GCA_000001405.2_centromere_acen.txt           --exons.bed None           --txnE 0.9999           --txnStrength 10000           --minMapScore 0.75           --fracReadsInChrYForMale 0.002           --maxFracGenomeSubclone 0.5           --maxFracCNASubclone 0.7           --plotFileType pdf           --plotYLim "c(-1,1)"           --outDir /cluster/projects/pughlab/myeloma/projects/MM_cell_drugs/WGS_Pipeline/ichorCNA/OICRM4CA-08-R-P/           > /cluster/projects/pughlab/myeloma/projects/MM_cell_drugs/WGS_Pipeline/ichorCNA/logs/ichorCNA/OICRM4CA-08-R-P.bin1000000.log 2> /cluster/projects/pughlab/myeloma/projects/MM_cell_drugs/WGS_Pipeline/ichorCNA/logs/ichorCNA/OICRM4CA-08-R-P.bin1000000.log
        
Submitted job 3 with external jobid 'Submitted batch job 5777870'.

[Sun Feb 15 22:01:28 2026]
rule ichorCNA:
    input: /cluster/projects/pughlab/myeloma/projects/MM_cell_drugs/WGS_Pipeline/ichorCNA/readDepth/OICRM4CA-07-01-P.bin1000000.regions.wig
    output: /cluster/projects/pughlab/myeloma/projects/MM_cell_drugs/WGS_Pipeline/ichorCNA/OICRM4CA-07-01-P/OICRM4CA-07-01-P.bin1000000.correctedDepth.txt, /cluster/projects/pughlab/myeloma/projects/MM_cell_drugs/WGS_Pipeline/ichorCNA/OICRM4CA-07-01-P/OICRM4CA-07-01-P.bin1000000.params.txt, /cluster/projects/pughlab/myeloma/projects/MM_cell_drugs/WGS_Pipeline/ichorCNA/OICRM4CA-07-01-P/OICRM4CA-07-01-P.bin1000000.cna.seg, /cluster/projects/pughlab/myeloma/projects/MM_cell_drugs/WGS_Pipeline/ichorCNA/OICRM4CA-07-01-P/OICRM4CA-07-01-P.bin1000000.seg.txt, /cluster/projects/pughlab/myeloma/projects/MM_cell_drugs/WGS_Pipeline/ichorCNA/OICRM4CA-07-01-P/OICRM4CA-07-01-P.bin1000000.seg, /cluster/projects/pughlab/myeloma/projects/MM_cell_drugs/WGS_Pipeline/ichorCNA/OICRM4CA-07-01-P/OICRM4CA-07-01-P.bin1000000.RData
    log: /cluster/projects/pughlab/myeloma/projects/MM_cell_drugs/WGS_Pipeline/ichorCNA/logs/ichorCNA/OICRM4CA-07-01-P.bin1000000.log
    jobid: 1
    wildcards: sample=OICRM4CA-07-01-P, binSize=1000000
    resources: mem_mb=1000, disk_mb=1000, tmpdir=/tmp, mem=4


        module load R && Rscript /cluster/home/t922316uhn/ichorCNA/scripts/runIchorCNA.R           --id OICRM4CA-07-01-P           --libdir None           --WIG /cluster/projects/pughlab/myeloma/projects/MM_cell_drugs/WGS_Pipeline/ichorCNA/readDepth/OICRM4CA-07-01-P.bin1000000.regions.wig           --gcWig /cluster/home/t922316uhn/ichorCNA/inst/extdata/gc_hg38_1000kb.wig           --mapWig /cluster/home/t922316uhn/ichorCNA/inst/extdata/map_hg38_1000kb.wig           --normalPanel /cluster/home/t922316uhn/ichorCNA/inst/extdata/HD_ULP_PoN_hg38_1Mb_median_normAutosome_median.rds           --ploidy "c(2,3)"           --normal "c(0.5,0.6,0.7,0.8,0.9,0.95)"           --maxCN 5           --includeHOMD False           --chrs "paste0('chr', c(1:22, \"X\"))"           --chrTrain "paste0('chr', c(1:22))"           --genomeStyle UCSC           --genomeBuild hg38           --estimateNormal True           --estimatePloidy True           --estimateScPrevalence True           --scStates "c(1,3)"           --centromere /cluster/home/t922316uhn/ichorCNA/inst/extdata/GRCh38.GCA_000001405.2_centromere_acen.txt           --exons.bed None           --txnE 0.9999           --txnStrength 10000           --minMapScore 0.75           --fracReadsInChrYForMale 0.002           --maxFracGenomeSubclone 0.5           --maxFracCNASubclone 0.7           --plotFileType pdf           --plotYLim "c(-1,1)"           --outDir /cluster/projects/pughlab/myeloma/projects/MM_cell_drugs/WGS_Pipeline/ichorCNA/OICRM4CA-07-01-P/           > /cluster/projects/pughlab/myeloma/projects/MM_cell_drugs/WGS_Pipeline/ichorCNA/logs/ichorCNA/OICRM4CA-07-01-P.bin1000000.log 2> /cluster/projects/pughlab/myeloma/projects/MM_cell_drugs/WGS_Pipeline/ichorCNA/logs/ichorCNA/OICRM4CA-07-01-P.bin1000000.log
        
Submitted job 1 with external jobid 'Submitted batch job 5777871'.

[Sun Feb 15 22:01:28 2026]
rule ichorCNA:
    input: /cluster/projects/pughlab/myeloma/projects/MM_cell_drugs/WGS_Pipeline/ichorCNA/readDepth/OICRM4FZ-08-01-P.bin1000000.regions.wig
    output: /cluster/projects/pughlab/myeloma/projects/MM_cell_drugs/WGS_Pipeline/ichorCNA/OICRM4FZ-08-01-P/OICRM4FZ-08-01-P.bin1000000.correctedDepth.txt, /cluster/projects/pughlab/myeloma/projects/MM_cell_drugs/WGS_Pipeline/ichorCNA/OICRM4FZ-08-01-P/OICRM4FZ-08-01-P.bin1000000.params.txt, /cluster/projects/pughlab/myeloma/projects/MM_cell_drugs/WGS_Pipeline/ichorCNA/OICRM4FZ-08-01-P/OICRM4FZ-08-01-P.bin1000000.cna.seg, /cluster/projects/pughlab/myeloma/projects/MM_cell_drugs/WGS_Pipeline/ichorCNA/OICRM4FZ-08-01-P/OICRM4FZ-08-01-P.bin1000000.seg.txt, /cluster/projects/pughlab/myeloma/projects/MM_cell_drugs/WGS_Pipeline/ichorCNA/OICRM4FZ-08-01-P/OICRM4FZ-08-01-P.bin1000000.seg, /cluster/projects/pughlab/myeloma/projects/MM_cell_drugs/WGS_Pipeline/ichorCNA/OICRM4FZ-08-01-P/OICRM4FZ-08-01-P.bin1000000.RData
    log: /cluster/projects/pughlab/myeloma/projects/MM_cell_drugs/WGS_Pipeline/ichorCNA/logs/ichorCNA/OICRM4FZ-08-01-P.bin1000000.log
    jobid: 4
    wildcards: sample=OICRM4FZ-08-01-P, binSize=1000000
    resources: mem_mb=1000, disk_mb=1000, tmpdir=/tmp, mem=4


        module load R && Rscript /cluster/home/t922316uhn/ichorCNA/scripts/runIchorCNA.R           --id OICRM4FZ-08-01-P           --libdir None           --WIG /cluster/projects/pughlab/myeloma/projects/MM_cell_drugs/WGS_Pipeline/ichorCNA/readDepth/OICRM4FZ-08-01-P.bin1000000.regions.wig           --gcWig /cluster/home/t922316uhn/ichorCNA/inst/extdata/gc_hg38_1000kb.wig           --mapWig /cluster/home/t922316uhn/ichorCNA/inst/extdata/map_hg38_1000kb.wig           --normalPanel /cluster/home/t922316uhn/ichorCNA/inst/extdata/HD_ULP_PoN_hg38_1Mb_median_normAutosome_median.rds           --ploidy "c(2,3)"           --normal "c(0.5,0.6,0.7,0.8,0.9,0.95)"           --maxCN 5           --includeHOMD False           --chrs "paste0('chr', c(1:22, \"X\"))"           --chrTrain "paste0('chr', c(1:22))"           --genomeStyle UCSC           --genomeBuild hg38           --estimateNormal True           --estimatePloidy True           --estimateScPrevalence True           --scStates "c(1,3)"           --centromere /cluster/home/t922316uhn/ichorCNA/inst/extdata/GRCh38.GCA_000001405.2_centromere_acen.txt           --exons.bed None           --txnE 0.9999           --txnStrength 10000           --minMapScore 0.75           --fracReadsInChrYForMale 0.002           --maxFracGenomeSubclone 0.5           --maxFracCNASubclone 0.7           --plotFileType pdf           --plotYLim "c(-1,1)"           --outDir /cluster/projects/pughlab/myeloma/projects/MM_cell_drugs/WGS_Pipeline/ichorCNA/OICRM4FZ-08-01-P/           > /cluster/projects/pughlab/myeloma/projects/MM_cell_drugs/WGS_Pipeline/ichorCNA/logs/ichorCNA/OICRM4FZ-08-01-P.bin1000000.log 2> /cluster/projects/pughlab/myeloma/projects/MM_cell_drugs/WGS_Pipeline/ichorCNA/logs/ichorCNA/OICRM4FZ-08-01-P.bin1000000.log
        
Submitted job 4 with external jobid 'Submitted batch job 5777872'.

[Sun Feb 15 22:01:28 2026]
rule ichorCNA:
    input: /cluster/projects/pughlab/myeloma/projects/MM_cell_drugs/WGS_Pipeline/ichorCNA/readDepth/OICRM4FZ-09-01-P.bin1000000.regions.wig
    output: /cluster/projects/pughlab/myeloma/projects/MM_cell_drugs/WGS_Pipeline/ichorCNA/OICRM4FZ-09-01-P/OICRM4FZ-09-01-P.bin1000000.correctedDepth.txt, /cluster/projects/pughlab/myeloma/projects/MM_cell_drugs/WGS_Pipeline/ichorCNA/OICRM4FZ-09-01-P/OICRM4FZ-09-01-P.bin1000000.params.txt, /cluster/projects/pughlab/myeloma/projects/MM_cell_drugs/WGS_Pipeline/ichorCNA/OICRM4FZ-09-01-P/OICRM4FZ-09-01-P.bin1000000.cna.seg, /cluster/projects/pughlab/myeloma/projects/MM_cell_drugs/WGS_Pipeline/ichorCNA/OICRM4FZ-09-01-P/OICRM4FZ-09-01-P.bin1000000.seg.txt, /cluster/projects/pughlab/myeloma/projects/MM_cell_drugs/WGS_Pipeline/ichorCNA/OICRM4FZ-09-01-P/OICRM4FZ-09-01-P.bin1000000.seg, /cluster/projects/pughlab/myeloma/projects/MM_cell_drugs/WGS_Pipeline/ichorCNA/OICRM4FZ-09-01-P/OICRM4FZ-09-01-P.bin1000000.RData
    log: /cluster/projects/pughlab/myeloma/projects/MM_cell_drugs/WGS_Pipeline/ichorCNA/logs/ichorCNA/OICRM4FZ-09-01-P.bin1000000.log
    jobid: 5
    wildcards: sample=OICRM4FZ-09-01-P, binSize=1000000
    resources: mem_mb=1000, disk_mb=1000, tmpdir=/tmp, mem=4


        module load R && Rscript /cluster/home/t922316uhn/ichorCNA/scripts/runIchorCNA.R           --id OICRM4FZ-09-01-P           --libdir None           --WIG /cluster/projects/pughlab/myeloma/projects/MM_cell_drugs/WGS_Pipeline/ichorCNA/readDepth/OICRM4FZ-09-01-P.bin1000000.regions.wig           --gcWig /cluster/home/t922316uhn/ichorCNA/inst/extdata/gc_hg38_1000kb.wig           --mapWig /cluster/home/t922316uhn/ichorCNA/inst/extdata/map_hg38_1000kb.wig           --normalPanel /cluster/home/t922316uhn/ichorCNA/inst/extdata/HD_ULP_PoN_hg38_1Mb_median_normAutosome_median.rds           --ploidy "c(2,3)"           --normal "c(0.5,0.6,0.7,0.8,0.9,0.95)"           --maxCN 5           --includeHOMD False           --chrs "paste0('chr', c(1:22, \"X\"))"           --chrTrain "paste0('chr', c(1:22))"           --genomeStyle UCSC           --genomeBuild hg38           --estimateNormal True           --estimatePloidy True           --estimateScPrevalence True           --scStates "c(1,3)"           --centromere /cluster/home/t922316uhn/ichorCNA/inst/extdata/GRCh38.GCA_000001405.2_centromere_acen.txt           --exons.bed None           --txnE 0.9999           --txnStrength 10000           --minMapScore 0.75           --fracReadsInChrYForMale 0.002           --maxFracGenomeSubclone 0.5           --maxFracCNASubclone 0.7           --plotFileType pdf           --plotYLim "c(-1,1)"           --outDir /cluster/projects/pughlab/myeloma/projects/MM_cell_drugs/WGS_Pipeline/ichorCNA/OICRM4FZ-09-01-P/           > /cluster/projects/pughlab/myeloma/projects/MM_cell_drugs/WGS_Pipeline/ichorCNA/logs/ichorCNA/OICRM4FZ-09-01-P.bin1000000.log 2> /cluster/projects/pughlab/myeloma/projects/MM_cell_drugs/WGS_Pipeline/ichorCNA/logs/ichorCNA/OICRM4FZ-09-01-P.bin1000000.log
        
Submitted job 5 with external jobid 'Submitted batch job 5777873'.

[Sun Feb 15 22:01:28 2026]
rule ichorCNA:
    input: /cluster/projects/pughlab/myeloma/projects/MM_cell_drugs/WGS_Pipeline/ichorCNA/readDepth/OICRM4HP-01-01-P.bin1000000.regions.wig
    output: /cluster/projects/pughlab/myeloma/projects/MM_cell_drugs/WGS_Pipeline/ichorCNA/OICRM4HP-01-01-P/OICRM4HP-01-01-P.bin1000000.correctedDepth.txt, /cluster/projects/pughlab/myeloma/projects/MM_cell_drugs/WGS_Pipeline/ichorCNA/OICRM4HP-01-01-P/OICRM4HP-01-01-P.bin1000000.params.txt, /cluster/projects/pughlab/myeloma/projects/MM_cell_drugs/WGS_Pipeline/ichorCNA/OICRM4HP-01-01-P/OICRM4HP-01-01-P.bin1000000.cna.seg, /cluster/projects/pughlab/myeloma/projects/MM_cell_drugs/WGS_Pipeline/ichorCNA/OICRM4HP-01-01-P/OICRM4HP-01-01-P.bin1000000.seg.txt, /cluster/projects/pughlab/myeloma/projects/MM_cell_drugs/WGS_Pipeline/ichorCNA/OICRM4HP-01-01-P/OICRM4HP-01-01-P.bin1000000.seg, /cluster/projects/pughlab/myeloma/projects/MM_cell_drugs/WGS_Pipeline/ichorCNA/OICRM4HP-01-01-P/OICRM4HP-01-01-P.bin1000000.RData
    log: /cluster/projects/pughlab/myeloma/projects/MM_cell_drugs/WGS_Pipeline/ichorCNA/logs/ichorCNA/OICRM4HP-01-01-P.bin1000000.log
    jobid: 6
    wildcards: sample=OICRM4HP-01-01-P, binSize=1000000
    resources: mem_mb=1000, disk_mb=1000, tmpdir=/tmp, mem=4


        module load R && Rscript /cluster/home/t922316uhn/ichorCNA/scripts/runIchorCNA.R           --id OICRM4HP-01-01-P           --libdir None           --WIG /cluster/projects/pughlab/myeloma/projects/MM_cell_drugs/WGS_Pipeline/ichorCNA/readDepth/OICRM4HP-01-01-P.bin1000000.regions.wig           --gcWig /cluster/home/t922316uhn/ichorCNA/inst/extdata/gc_hg38_1000kb.wig           --mapWig /cluster/home/t922316uhn/ichorCNA/inst/extdata/map_hg38_1000kb.wig           --normalPanel /cluster/home/t922316uhn/ichorCNA/inst/extdata/HD_ULP_PoN_hg38_1Mb_median_normAutosome_median.rds           --ploidy "c(2,3)"           --normal "c(0.5,0.6,0.7,0.8,0.9,0.95)"           --maxCN 5           --includeHOMD False           --chrs "paste0('chr', c(1:22, \"X\"))"           --chrTrain "paste0('chr', c(1:22))"           --genomeStyle UCSC           --genomeBuild hg38           --estimateNormal True           --estimatePloidy True           --estimateScPrevalence True           --scStates "c(1,3)"           --centromere /cluster/home/t922316uhn/ichorCNA/inst/extdata/GRCh38.GCA_000001405.2_centromere_acen.txt           --exons.bed None           --txnE 0.9999           --txnStrength 10000           --minMapScore 0.75           --fracReadsInChrYForMale 0.002           --maxFracGenomeSubclone 0.5           --maxFracCNASubclone 0.7           --plotFileType pdf           --plotYLim "c(-1,1)"           --outDir /cluster/projects/pughlab/myeloma/projects/MM_cell_drugs/WGS_Pipeline/ichorCNA/OICRM4HP-01-01-P/           > /cluster/projects/pughlab/myeloma/projects/MM_cell_drugs/WGS_Pipeline/ichorCNA/logs/ichorCNA/OICRM4HP-01-01-P.bin1000000.log 2> /cluster/projects/pughlab/myeloma/projects/MM_cell_drugs/WGS_Pipeline/ichorCNA/logs/ichorCNA/OICRM4HP-01-01-P.bin1000000.log
        
Submitted job 6 with external jobid 'Submitted batch job 5777874'.

[Sun Feb 15 22:01:28 2026]
rule ichorCNA:
    input: /cluster/projects/pughlab/myeloma/projects/MM_cell_drugs/WGS_Pipeline/ichorCNA/readDepth/OICRM4HP-05-01-P.bin1000000.regions.wig
    output: /cluster/projects/pughlab/myeloma/projects/MM_cell_drugs/WGS_Pipeline/ichorCNA/OICRM4HP-05-01-P/OICRM4HP-05-01-P.bin1000000.correctedDepth.txt, /cluster/projects/pughlab/myeloma/projects/MM_cell_drugs/WGS_Pipeline/ichorCNA/OICRM4HP-05-01-P/OICRM4HP-05-01-P.bin1000000.params.txt, /cluster/projects/pughlab/myeloma/projects/MM_cell_drugs/WGS_Pipeline/ichorCNA/OICRM4HP-05-01-P/OICRM4HP-05-01-P.bin1000000.cna.seg, /cluster/projects/pughlab/myeloma/projects/MM_cell_drugs/WGS_Pipeline/ichorCNA/OICRM4HP-05-01-P/OICRM4HP-05-01-P.bin1000000.seg.txt, /cluster/projects/pughlab/myeloma/projects/MM_cell_drugs/WGS_Pipeline/ichorCNA/OICRM4HP-05-01-P/OICRM4HP-05-01-P.bin1000000.seg, /cluster/projects/pughlab/myeloma/projects/MM_cell_drugs/WGS_Pipeline/ichorCNA/OICRM4HP-05-01-P/OICRM4HP-05-01-P.bin1000000.RData
    log: /cluster/projects/pughlab/myeloma/projects/MM_cell_drugs/WGS_Pipeline/ichorCNA/logs/ichorCNA/OICRM4HP-05-01-P.bin1000000.log
    jobid: 7
    wildcards: sample=OICRM4HP-05-01-P, binSize=1000000
    resources: mem_mb=1000, disk_mb=1000, tmpdir=/tmp, mem=4


        module load R && Rscript /cluster/home/t922316uhn/ichorCNA/scripts/runIchorCNA.R           --id OICRM4HP-05-01-P           --libdir None           --WIG /cluster/projects/pughlab/myeloma/projects/MM_cell_drugs/WGS_Pipeline/ichorCNA/readDepth/OICRM4HP-05-01-P.bin1000000.regions.wig           --gcWig /cluster/home/t922316uhn/ichorCNA/inst/extdata/gc_hg38_1000kb.wig           --mapWig /cluster/home/t922316uhn/ichorCNA/inst/extdata/map_hg38_1000kb.wig           --normalPanel /cluster/home/t922316uhn/ichorCNA/inst/extdata/HD_ULP_PoN_hg38_1Mb_median_normAutosome_median.rds           --ploidy "c(2,3)"           --normal "c(0.5,0.6,0.7,0.8,0.9,0.95)"           --maxCN 5           --includeHOMD False           --chrs "paste0('chr', c(1:22, \"X\"))"           --chrTrain "paste0('chr', c(1:22))"           --genomeStyle UCSC           --genomeBuild hg38           --estimateNormal True           --estimatePloidy True           --estimateScPrevalence True           --scStates "c(1,3)"           --centromere /cluster/home/t922316uhn/ichorCNA/inst/extdata/GRCh38.GCA_000001405.2_centromere_acen.txt           --exons.bed None           --txnE 0.9999           --txnStrength 10000           --minMapScore 0.75           --fracReadsInChrYForMale 0.002           --maxFracGenomeSubclone 0.5           --maxFracCNASubclone 0.7           --plotFileType pdf           --plotYLim "c(-1,1)"           --outDir /cluster/projects/pughlab/myeloma/projects/MM_cell_drugs/WGS_Pipeline/ichorCNA/OICRM4HP-05-01-P/           > /cluster/projects/pughlab/myeloma/projects/MM_cell_drugs/WGS_Pipeline/ichorCNA/logs/ichorCNA/OICRM4HP-05-01-P.bin1000000.log 2> /cluster/projects/pughlab/myeloma/projects/MM_cell_drugs/WGS_Pipeline/ichorCNA/logs/ichorCNA/OICRM4HP-05-01-P.bin1000000.log
        
Submitted job 7 with external jobid 'Submitted batch job 5777875'.

[Sun Feb 15 22:01:29 2026]
rule ichorCNA:
    input: /cluster/projects/pughlab/myeloma/projects/MM_cell_drugs/WGS_Pipeline/ichorCNA/readDepth/OICRM4RE-01-01-P.bin1000000.regions.wig
    output: /cluster/projects/pughlab/myeloma/projects/MM_cell_drugs/WGS_Pipeline/ichorCNA/OICRM4RE-01-01-P/OICRM4RE-01-01-P.bin1000000.correctedDepth.txt, /cluster/projects/pughlab/myeloma/projects/MM_cell_drugs/WGS_Pipeline/ichorCNA/OICRM4RE-01-01-P/OICRM4RE-01-01-P.bin1000000.params.txt, /cluster/projects/pughlab/myeloma/projects/MM_cell_drugs/WGS_Pipeline/ichorCNA/OICRM4RE-01-01-P/OICRM4RE-01-01-P.bin1000000.cna.seg, /cluster/projects/pughlab/myeloma/projects/MM_cell_drugs/WGS_Pipeline/ichorCNA/OICRM4RE-01-01-P/OICRM4RE-01-01-P.bin1000000.seg.txt, /cluster/projects/pughlab/myeloma/projects/MM_cell_drugs/WGS_Pipeline/ichorCNA/OICRM4RE-01-01-P/OICRM4RE-01-01-P.bin1000000.seg, /cluster/projects/pughlab/myeloma/projects/MM_cell_drugs/WGS_Pipeline/ichorCNA/OICRM4RE-01-01-P/OICRM4RE-01-01-P.bin1000000.RData
    log: /cluster/projects/pughlab/myeloma/projects/MM_cell_drugs/WGS_Pipeline/ichorCNA/logs/ichorCNA/OICRM4RE-01-01-P.bin1000000.log
    jobid: 8
    wildcards: sample=OICRM4RE-01-01-P, binSize=1000000
    resources: mem_mb=1000, disk_mb=1000, tmpdir=/tmp, mem=4


        module load R && Rscript /cluster/home/t922316uhn/ichorCNA/scripts/runIchorCNA.R           --id OICRM4RE-01-01-P           --libdir None           --WIG /cluster/projects/pughlab/myeloma/projects/MM_cell_drugs/WGS_Pipeline/ichorCNA/readDepth/OICRM4RE-01-01-P.bin1000000.regions.wig           --gcWig /cluster/home/t922316uhn/ichorCNA/inst/extdata/gc_hg38_1000kb.wig           --mapWig /cluster/home/t922316uhn/ichorCNA/inst/extdata/map_hg38_1000kb.wig           --normalPanel /cluster/home/t922316uhn/ichorCNA/inst/extdata/HD_ULP_PoN_hg38_1Mb_median_normAutosome_median.rds           --ploidy "c(2,3)"           --normal "c(0.5,0.6,0.7,0.8,0.9,0.95)"           --maxCN 5           --includeHOMD False           --chrs "paste0('chr', c(1:22, \"X\"))"           --chrTrain "paste0('chr', c(1:22))"           --genomeStyle UCSC           --genomeBuild hg38           --estimateNormal True           --estimatePloidy True           --estimateScPrevalence True           --scStates "c(1,3)"           --centromere /cluster/home/t922316uhn/ichorCNA/inst/extdata/GRCh38.GCA_000001405.2_centromere_acen.txt           --exons.bed None           --txnE 0.9999           --txnStrength 10000           --minMapScore 0.75           --fracReadsInChrYForMale 0.002           --maxFracGenomeSubclone 0.5           --maxFracCNASubclone 0.7           --plotFileType pdf           --plotYLim "c(-1,1)"           --outDir /cluster/projects/pughlab/myeloma/projects/MM_cell_drugs/WGS_Pipeline/ichorCNA/OICRM4RE-01-01-P/           > /cluster/projects/pughlab/myeloma/projects/MM_cell_drugs/WGS_Pipeline/ichorCNA/logs/ichorCNA/OICRM4RE-01-01-P.bin1000000.log 2> /cluster/projects/pughlab/myeloma/projects/MM_cell_drugs/WGS_Pipeline/ichorCNA/logs/ichorCNA/OICRM4RE-01-01-P.bin1000000.log
        
Submitted job 8 with external jobid 'Submitted batch job 5777876'.
[Sun Feb 15 22:04:08 2026]
Error in rule ichorCNA:
    jobid: 2
    output: /cluster/projects/pughlab/myeloma/projects/MM_cell_drugs/WGS_Pipeline/ichorCNA/OICRM4CA-08-01-P/OICRM4CA-08-01-P.bin1000000.correctedDepth.txt, /cluster/projects/pughlab/myeloma/projects/MM_cell_drugs/WGS_Pipeline/ichorCNA/OICRM4CA-08-01-P/OICRM4CA-08-01-P.bin1000000.params.txt, /cluster/projects/pughlab/myeloma/projects/MM_cell_drugs/WGS_Pipeline/ichorCNA/OICRM4CA-08-01-P/OICRM4CA-08-01-P.bin1000000.cna.seg, /cluster/projects/pughlab/myeloma/projects/MM_cell_drugs/WGS_Pipeline/ichorCNA/OICRM4CA-08-01-P/OICRM4CA-08-01-P.bin1000000.seg.txt, /cluster/projects/pughlab/myeloma/projects/MM_cell_drugs/WGS_Pipeline/ichorCNA/OICRM4CA-08-01-P/OICRM4CA-08-01-P.bin1000000.seg, /cluster/projects/pughlab/myeloma/projects/MM_cell_drugs/WGS_Pipeline/ichorCNA/OICRM4CA-08-01-P/OICRM4CA-08-01-P.bin1000000.RData
    log: /cluster/projects/pughlab/myeloma/projects/MM_cell_drugs/WGS_Pipeline/ichorCNA/logs/ichorCNA/OICRM4CA-08-01-P.bin1000000.log (check log file(s) for error message)
    shell:
        
        module load R && Rscript /cluster/home/t922316uhn/ichorCNA/scripts/runIchorCNA.R           --id OICRM4CA-08-01-P           --libdir None           --WIG /cluster/projects/pughlab/myeloma/projects/MM_cell_drugs/WGS_Pipeline/ichorCNA/readDepth/OICRM4CA-08-01-P.bin1000000.regions.wig           --gcWig /cluster/home/t922316uhn/ichorCNA/inst/extdata/gc_hg38_1000kb.wig           --mapWig /cluster/home/t922316uhn/ichorCNA/inst/extdata/map_hg38_1000kb.wig           --normalPanel /cluster/home/t922316uhn/ichorCNA/inst/extdata/HD_ULP_PoN_hg38_1Mb_median_normAutosome_median.rds           --ploidy "c(2,3)"           --normal "c(0.5,0.6,0.7,0.8,0.9,0.95)"           --maxCN 5           --includeHOMD False           --chrs "paste0('chr', c(1:22, \"X\"))"           --chrTrain "paste0('chr', c(1:22))"           --genomeStyle UCSC           --genomeBuild hg38           --estimateNormal True           --estimatePloidy True           --estimateScPrevalence True           --scStates "c(1,3)"           --centromere /cluster/home/t922316uhn/ichorCNA/inst/extdata/GRCh38.GCA_000001405.2_centromere_acen.txt           --exons.bed None           --txnE 0.9999           --txnStrength 10000           --minMapScore 0.75           --fracReadsInChrYForMale 0.002           --maxFracGenomeSubclone 0.5           --maxFracCNASubclone 0.7           --plotFileType pdf           --plotYLim "c(-1,1)"           --outDir /cluster/projects/pughlab/myeloma/projects/MM_cell_drugs/WGS_Pipeline/ichorCNA/OICRM4CA-08-01-P/           > /cluster/projects/pughlab/myeloma/projects/MM_cell_drugs/WGS_Pipeline/ichorCNA/logs/ichorCNA/OICRM4CA-08-01-P.bin1000000.log 2> /cluster/projects/pughlab/myeloma/projects/MM_cell_drugs/WGS_Pipeline/ichorCNA/logs/ichorCNA/OICRM4CA-08-01-P.bin1000000.log
        
        (one of the commands exited with non-zero exit code; note that snakemake uses bash strict mode!)
    cluster_jobid: Submitted batch job 5777869

Error executing rule ichorCNA on cluster (jobid: 2, external: Submitted batch job 5777869, jobscript: /cluster/projects/pughlab/myeloma/projects/MM_cell_drugs/WGS_Pipeline/Batch/ichorCNA/.snakemake/tmp.5_oigl96/snakejob.ichorCNA.2.sh). For error details see the cluster log and the log files of the involved rule(s).
[Sun Feb 15 22:04:18 2026]
Error in rule ichorCNA:
    jobid: 5
    output: /cluster/projects/pughlab/myeloma/projects/MM_cell_drugs/WGS_Pipeline/ichorCNA/OICRM4FZ-09-01-P/OICRM4FZ-09-01-P.bin1000000.correctedDepth.txt, /cluster/projects/pughlab/myeloma/projects/MM_cell_drugs/WGS_Pipeline/ichorCNA/OICRM4FZ-09-01-P/OICRM4FZ-09-01-P.bin1000000.params.txt, /cluster/projects/pughlab/myeloma/projects/MM_cell_drugs/WGS_Pipeline/ichorCNA/OICRM4FZ-09-01-P/OICRM4FZ-09-01-P.bin1000000.cna.seg, /cluster/projects/pughlab/myeloma/projects/MM_cell_drugs/WGS_Pipeline/ichorCNA/OICRM4FZ-09-01-P/OICRM4FZ-09-01-P.bin1000000.seg.txt, /cluster/projects/pughlab/myeloma/projects/MM_cell_drugs/WGS_Pipeline/ichorCNA/OICRM4FZ-09-01-P/OICRM4FZ-09-01-P.bin1000000.seg, /cluster/projects/pughlab/myeloma/projects/MM_cell_drugs/WGS_Pipeline/ichorCNA/OICRM4FZ-09-01-P/OICRM4FZ-09-01-P.bin1000000.RData
    log: /cluster/projects/pughlab/myeloma/projects/MM_cell_drugs/WGS_Pipeline/ichorCNA/logs/ichorCNA/OICRM4FZ-09-01-P.bin1000000.log (check log file(s) for error message)
    shell:
        
        module load R && Rscript /cluster/home/t922316uhn/ichorCNA/scripts/runIchorCNA.R           --id OICRM4FZ-09-01-P           --libdir None           --WIG /cluster/projects/pughlab/myeloma/projects/MM_cell_drugs/WGS_Pipeline/ichorCNA/readDepth/OICRM4FZ-09-01-P.bin1000000.regions.wig           --gcWig /cluster/home/t922316uhn/ichorCNA/inst/extdata/gc_hg38_1000kb.wig           --mapWig /cluster/home/t922316uhn/ichorCNA/inst/extdata/map_hg38_1000kb.wig           --normalPanel /cluster/home/t922316uhn/ichorCNA/inst/extdata/HD_ULP_PoN_hg38_1Mb_median_normAutosome_median.rds           --ploidy "c(2,3)"           --normal "c(0.5,0.6,0.7,0.8,0.9,0.95)"           --maxCN 5           --includeHOMD False           --chrs "paste0('chr', c(1:22, \"X\"))"           --chrTrain "paste0('chr', c(1:22))"           --genomeStyle UCSC           --genomeBuild hg38           --estimateNormal True           --estimatePloidy True           --estimateScPrevalence True           --scStates "c(1,3)"           --centromere /cluster/home/t922316uhn/ichorCNA/inst/extdata/GRCh38.GCA_000001405.2_centromere_acen.txt           --exons.bed None           --txnE 0.9999           --txnStrength 10000           --minMapScore 0.75           --fracReadsInChrYForMale 0.002           --maxFracGenomeSubclone 0.5           --maxFracCNASubclone 0.7           --plotFileType pdf           --plotYLim "c(-1,1)"           --outDir /cluster/projects/pughlab/myeloma/projects/MM_cell_drugs/WGS_Pipeline/ichorCNA/OICRM4FZ-09-01-P/           > /cluster/projects/pughlab/myeloma/projects/MM_cell_drugs/WGS_Pipeline/ichorCNA/logs/ichorCNA/OICRM4FZ-09-01-P.bin1000000.log 2> /cluster/projects/pughlab/myeloma/projects/MM_cell_drugs/WGS_Pipeline/ichorCNA/logs/ichorCNA/OICRM4FZ-09-01-P.bin1000000.log
        
        (one of the commands exited with non-zero exit code; note that snakemake uses bash strict mode!)
    cluster_jobid: Submitted batch job 5777873

Error executing rule ichorCNA on cluster (jobid: 5, external: Submitted batch job 5777873, jobscript: /cluster/projects/pughlab/myeloma/projects/MM_cell_drugs/WGS_Pipeline/Batch/ichorCNA/.snakemake/tmp.5_oigl96/snakejob.ichorCNA.5.sh). For error details see the cluster log and the log files of the involved rule(s).
[Sun Feb 15 22:04:18 2026]
Error in rule ichorCNA:
    jobid: 6
    output: /cluster/projects/pughlab/myeloma/projects/MM_cell_drugs/WGS_Pipeline/ichorCNA/OICRM4HP-01-01-P/OICRM4HP-01-01-P.bin1000000.correctedDepth.txt, /cluster/projects/pughlab/myeloma/projects/MM_cell_drugs/WGS_Pipeline/ichorCNA/OICRM4HP-01-01-P/OICRM4HP-01-01-P.bin1000000.params.txt, /cluster/projects/pughlab/myeloma/projects/MM_cell_drugs/WGS_Pipeline/ichorCNA/OICRM4HP-01-01-P/OICRM4HP-01-01-P.bin1000000.cna.seg, /cluster/projects/pughlab/myeloma/projects/MM_cell_drugs/WGS_Pipeline/ichorCNA/OICRM4HP-01-01-P/OICRM4HP-01-01-P.bin1000000.seg.txt, /cluster/projects/pughlab/myeloma/projects/MM_cell_drugs/WGS_Pipeline/ichorCNA/OICRM4HP-01-01-P/OICRM4HP-01-01-P.bin1000000.seg, /cluster/projects/pughlab/myeloma/projects/MM_cell_drugs/WGS_Pipeline/ichorCNA/OICRM4HP-01-01-P/OICRM4HP-01-01-P.bin1000000.RData
    log: /cluster/projects/pughlab/myeloma/projects/MM_cell_drugs/WGS_Pipeline/ichorCNA/logs/ichorCNA/OICRM4HP-01-01-P.bin1000000.log (check log file(s) for error message)
    shell:
        
        module load R && Rscript /cluster/home/t922316uhn/ichorCNA/scripts/runIchorCNA.R           --id OICRM4HP-01-01-P           --libdir None           --WIG /cluster/projects/pughlab/myeloma/projects/MM_cell_drugs/WGS_Pipeline/ichorCNA/readDepth/OICRM4HP-01-01-P.bin1000000.regions.wig           --gcWig /cluster/home/t922316uhn/ichorCNA/inst/extdata/gc_hg38_1000kb.wig           --mapWig /cluster/home/t922316uhn/ichorCNA/inst/extdata/map_hg38_1000kb.wig           --normalPanel /cluster/home/t922316uhn/ichorCNA/inst/extdata/HD_ULP_PoN_hg38_1Mb_median_normAutosome_median.rds           --ploidy "c(2,3)"           --normal "c(0.5,0.6,0.7,0.8,0.9,0.95)"           --maxCN 5           --includeHOMD False           --chrs "paste0('chr', c(1:22, \"X\"))"           --chrTrain "paste0('chr', c(1:22))"           --genomeStyle UCSC           --genomeBuild hg38           --estimateNormal True           --estimatePloidy True           --estimateScPrevalence True           --scStates "c(1,3)"           --centromere /cluster/home/t922316uhn/ichorCNA/inst/extdata/GRCh38.GCA_000001405.2_centromere_acen.txt           --exons.bed None           --txnE 0.9999           --txnStrength 10000           --minMapScore 0.75           --fracReadsInChrYForMale 0.002           --maxFracGenomeSubclone 0.5           --maxFracCNASubclone 0.7           --plotFileType pdf           --plotYLim "c(-1,1)"           --outDir /cluster/projects/pughlab/myeloma/projects/MM_cell_drugs/WGS_Pipeline/ichorCNA/OICRM4HP-01-01-P/           > /cluster/projects/pughlab/myeloma/projects/MM_cell_drugs/WGS_Pipeline/ichorCNA/logs/ichorCNA/OICRM4HP-01-01-P.bin1000000.log 2> /cluster/projects/pughlab/myeloma/projects/MM_cell_drugs/WGS_Pipeline/ichorCNA/logs/ichorCNA/OICRM4HP-01-01-P.bin1000000.log
        
        (one of the commands exited with non-zero exit code; note that snakemake uses bash strict mode!)
    cluster_jobid: Submitted batch job 5777874

Error executing rule ichorCNA on cluster (jobid: 6, external: Submitted batch job 5777874, jobscript: /cluster/projects/pughlab/myeloma/projects/MM_cell_drugs/WGS_Pipeline/Batch/ichorCNA/.snakemake/tmp.5_oigl96/snakejob.ichorCNA.6.sh). For error details see the cluster log and the log files of the involved rule(s).
[Sun Feb 15 22:04:28 2026]
Error in rule ichorCNA:
    jobid: 9
    output: /cluster/projects/pughlab/myeloma/projects/MM_cell_drugs/WGS_Pipeline/ichorCNA/OICRM4VA-09-01-P/OICRM4VA-09-01-P.bin1000000.correctedDepth.txt, /cluster/projects/pughlab/myeloma/projects/MM_cell_drugs/WGS_Pipeline/ichorCNA/OICRM4VA-09-01-P/OICRM4VA-09-01-P.bin1000000.params.txt, /cluster/projects/pughlab/myeloma/projects/MM_cell_drugs/WGS_Pipeline/ichorCNA/OICRM4VA-09-01-P/OICRM4VA-09-01-P.bin1000000.cna.seg, /cluster/projects/pughlab/myeloma/projects/MM_cell_drugs/WGS_Pipeline/ichorCNA/OICRM4VA-09-01-P/OICRM4VA-09-01-P.bin1000000.seg.txt, /cluster/projects/pughlab/myeloma/projects/MM_cell_drugs/WGS_Pipeline/ichorCNA/OICRM4VA-09-01-P/OICRM4VA-09-01-P.bin1000000.seg, /cluster/projects/pughlab/myeloma/projects/MM_cell_drugs/WGS_Pipeline/ichorCNA/OICRM4VA-09-01-P/OICRM4VA-09-01-P.bin1000000.RData
    log: /cluster/projects/pughlab/myeloma/projects/MM_cell_drugs/WGS_Pipeline/ichorCNA/logs/ichorCNA/OICRM4VA-09-01-P.bin1000000.log (check log file(s) for error message)
    shell:
        
        module load R && Rscript /cluster/home/t922316uhn/ichorCNA/scripts/runIchorCNA.R           --id OICRM4VA-09-01-P           --libdir None           --WIG /cluster/projects/pughlab/myeloma/projects/MM_cell_drugs/WGS_Pipeline/ichorCNA/readDepth/OICRM4VA-09-01-P.bin1000000.regions.wig           --gcWig /cluster/home/t922316uhn/ichorCNA/inst/extdata/gc_hg38_1000kb.wig           --mapWig /cluster/home/t922316uhn/ichorCNA/inst/extdata/map_hg38_1000kb.wig           --normalPanel /cluster/home/t922316uhn/ichorCNA/inst/extdata/HD_ULP_PoN_hg38_1Mb_median_normAutosome_median.rds           --ploidy "c(2,3)"           --normal "c(0.5,0.6,0.7,0.8,0.9,0.95)"           --maxCN 5           --includeHOMD False           --chrs "paste0('chr', c(1:22, \"X\"))"           --chrTrain "paste0('chr', c(1:22))"           --genomeStyle UCSC           --genomeBuild hg38           --estimateNormal True           --estimatePloidy True           --estimateScPrevalence True           --scStates "c(1,3)"           --centromere /cluster/home/t922316uhn/ichorCNA/inst/extdata/GRCh38.GCA_000001405.2_centromere_acen.txt           --exons.bed None           --txnE 0.9999           --txnStrength 10000           --minMapScore 0.75           --fracReadsInChrYForMale 0.002           --maxFracGenomeSubclone 0.5           --maxFracCNASubclone 0.7           --plotFileType pdf           --plotYLim "c(-1,1)"           --outDir /cluster/projects/pughlab/myeloma/projects/MM_cell_drugs/WGS_Pipeline/ichorCNA/OICRM4VA-09-01-P/           > /cluster/projects/pughlab/myeloma/projects/MM_cell_drugs/WGS_Pipeline/ichorCNA/logs/ichorCNA/OICRM4VA-09-01-P.bin1000000.log 2> /cluster/projects/pughlab/myeloma/projects/MM_cell_drugs/WGS_Pipeline/ichorCNA/logs/ichorCNA/OICRM4VA-09-01-P.bin1000000.log
        
        (one of the commands exited with non-zero exit code; note that snakemake uses bash strict mode!)
    cluster_jobid: Submitted batch job 5777868

Error executing rule ichorCNA on cluster (jobid: 9, external: Submitted batch job 5777868, jobscript: /cluster/projects/pughlab/myeloma/projects/MM_cell_drugs/WGS_Pipeline/Batch/ichorCNA/.snakemake/tmp.5_oigl96/snakejob.ichorCNA.9.sh). For error details see the cluster log and the log files of the involved rule(s).
[Sun Feb 15 22:04:28 2026]
Error in rule ichorCNA:
    jobid: 1
    output: /cluster/projects/pughlab/myeloma/projects/MM_cell_drugs/WGS_Pipeline/ichorCNA/OICRM4CA-07-01-P/OICRM4CA-07-01-P.bin1000000.correctedDepth.txt, /cluster/projects/pughlab/myeloma/projects/MM_cell_drugs/WGS_Pipeline/ichorCNA/OICRM4CA-07-01-P/OICRM4CA-07-01-P.bin1000000.params.txt, /cluster/projects/pughlab/myeloma/projects/MM_cell_drugs/WGS_Pipeline/ichorCNA/OICRM4CA-07-01-P/OICRM4CA-07-01-P.bin1000000.cna.seg, /cluster/projects/pughlab/myeloma/projects/MM_cell_drugs/WGS_Pipeline/ichorCNA/OICRM4CA-07-01-P/OICRM4CA-07-01-P.bin1000000.seg.txt, /cluster/projects/pughlab/myeloma/projects/MM_cell_drugs/WGS_Pipeline/ichorCNA/OICRM4CA-07-01-P/OICRM4CA-07-01-P.bin1000000.seg, /cluster/projects/pughlab/myeloma/projects/MM_cell_drugs/WGS_Pipeline/ichorCNA/OICRM4CA-07-01-P/OICRM4CA-07-01-P.bin1000000.RData
    log: /cluster/projects/pughlab/myeloma/projects/MM_cell_drugs/WGS_Pipeline/ichorCNA/logs/ichorCNA/OICRM4CA-07-01-P.bin1000000.log (check log file(s) for error message)
    shell:
        
        module load R && Rscript /cluster/home/t922316uhn/ichorCNA/scripts/runIchorCNA.R           --id OICRM4CA-07-01-P           --libdir None           --WIG /cluster/projects/pughlab/myeloma/projects/MM_cell_drugs/WGS_Pipeline/ichorCNA/readDepth/OICRM4CA-07-01-P.bin1000000.regions.wig           --gcWig /cluster/home/t922316uhn/ichorCNA/inst/extdata/gc_hg38_1000kb.wig           --mapWig /cluster/home/t922316uhn/ichorCNA/inst/extdata/map_hg38_1000kb.wig           --normalPanel /cluster/home/t922316uhn/ichorCNA/inst/extdata/HD_ULP_PoN_hg38_1Mb_median_normAutosome_median.rds           --ploidy "c(2,3)"           --normal "c(0.5,0.6,0.7,0.8,0.9,0.95)"           --maxCN 5           --includeHOMD False           --chrs "paste0('chr', c(1:22, \"X\"))"           --chrTrain "paste0('chr', c(1:22))"           --genomeStyle UCSC           --genomeBuild hg38           --estimateNormal True           --estimatePloidy True           --estimateScPrevalence True           --scStates "c(1,3)"           --centromere /cluster/home/t922316uhn/ichorCNA/inst/extdata/GRCh38.GCA_000001405.2_centromere_acen.txt           --exons.bed None           --txnE 0.9999           --txnStrength 10000           --minMapScore 0.75           --fracReadsInChrYForMale 0.002           --maxFracGenomeSubclone 0.5           --maxFracCNASubclone 0.7           --plotFileType pdf           --plotYLim "c(-1,1)"           --outDir /cluster/projects/pughlab/myeloma/projects/MM_cell_drugs/WGS_Pipeline/ichorCNA/OICRM4CA-07-01-P/           > /cluster/projects/pughlab/myeloma/projects/MM_cell_drugs/WGS_Pipeline/ichorCNA/logs/ichorCNA/OICRM4CA-07-01-P.bin1000000.log 2> /cluster/projects/pughlab/myeloma/projects/MM_cell_drugs/WGS_Pipeline/ichorCNA/logs/ichorCNA/OICRM4CA-07-01-P.bin1000000.log
        
        (one of the commands exited with non-zero exit code; note that snakemake uses bash strict mode!)
    cluster_jobid: Submitted batch job 5777871

Error executing rule ichorCNA on cluster (jobid: 1, external: Submitted batch job 5777871, jobscript: /cluster/projects/pughlab/myeloma/projects/MM_cell_drugs/WGS_Pipeline/Batch/ichorCNA/.snakemake/tmp.5_oigl96/snakejob.ichorCNA.1.sh). For error details see the cluster log and the log files of the involved rule(s).
[Sun Feb 15 22:04:48 2026]
Error in rule ichorCNA:
    jobid: 4
    output: /cluster/projects/pughlab/myeloma/projects/MM_cell_drugs/WGS_Pipeline/ichorCNA/OICRM4FZ-08-01-P/OICRM4FZ-08-01-P.bin1000000.correctedDepth.txt, /cluster/projects/pughlab/myeloma/projects/MM_cell_drugs/WGS_Pipeline/ichorCNA/OICRM4FZ-08-01-P/OICRM4FZ-08-01-P.bin1000000.params.txt, /cluster/projects/pughlab/myeloma/projects/MM_cell_drugs/WGS_Pipeline/ichorCNA/OICRM4FZ-08-01-P/OICRM4FZ-08-01-P.bin1000000.cna.seg, /cluster/projects/pughlab/myeloma/projects/MM_cell_drugs/WGS_Pipeline/ichorCNA/OICRM4FZ-08-01-P/OICRM4FZ-08-01-P.bin1000000.seg.txt, /cluster/projects/pughlab/myeloma/projects/MM_cell_drugs/WGS_Pipeline/ichorCNA/OICRM4FZ-08-01-P/OICRM4FZ-08-01-P.bin1000000.seg, /cluster/projects/pughlab/myeloma/projects/MM_cell_drugs/WGS_Pipeline/ichorCNA/OICRM4FZ-08-01-P/OICRM4FZ-08-01-P.bin1000000.RData
    log: /cluster/projects/pughlab/myeloma/projects/MM_cell_drugs/WGS_Pipeline/ichorCNA/logs/ichorCNA/OICRM4FZ-08-01-P.bin1000000.log (check log file(s) for error message)
    shell:
        
        module load R && Rscript /cluster/home/t922316uhn/ichorCNA/scripts/runIchorCNA.R           --id OICRM4FZ-08-01-P           --libdir None           --WIG /cluster/projects/pughlab/myeloma/projects/MM_cell_drugs/WGS_Pipeline/ichorCNA/readDepth/OICRM4FZ-08-01-P.bin1000000.regions.wig           --gcWig /cluster/home/t922316uhn/ichorCNA/inst/extdata/gc_hg38_1000kb.wig           --mapWig /cluster/home/t922316uhn/ichorCNA/inst/extdata/map_hg38_1000kb.wig           --normalPanel /cluster/home/t922316uhn/ichorCNA/inst/extdata/HD_ULP_PoN_hg38_1Mb_median_normAutosome_median.rds           --ploidy "c(2,3)"           --normal "c(0.5,0.6,0.7,0.8,0.9,0.95)"           --maxCN 5           --includeHOMD False           --chrs "paste0('chr', c(1:22, \"X\"))"           --chrTrain "paste0('chr', c(1:22))"           --genomeStyle UCSC           --genomeBuild hg38           --estimateNormal True           --estimatePloidy True           --estimateScPrevalence True           --scStates "c(1,3)"           --centromere /cluster/home/t922316uhn/ichorCNA/inst/extdata/GRCh38.GCA_000001405.2_centromere_acen.txt           --exons.bed None           --txnE 0.9999           --txnStrength 10000           --minMapScore 0.75           --fracReadsInChrYForMale 0.002           --maxFracGenomeSubclone 0.5           --maxFracCNASubclone 0.7           --plotFileType pdf           --plotYLim "c(-1,1)"           --outDir /cluster/projects/pughlab/myeloma/projects/MM_cell_drugs/WGS_Pipeline/ichorCNA/OICRM4FZ-08-01-P/           > /cluster/projects/pughlab/myeloma/projects/MM_cell_drugs/WGS_Pipeline/ichorCNA/logs/ichorCNA/OICRM4FZ-08-01-P.bin1000000.log 2> /cluster/projects/pughlab/myeloma/projects/MM_cell_drugs/WGS_Pipeline/ichorCNA/logs/ichorCNA/OICRM4FZ-08-01-P.bin1000000.log
        
        (one of the commands exited with non-zero exit code; note that snakemake uses bash strict mode!)
    cluster_jobid: Submitted batch job 5777872

Error executing rule ichorCNA on cluster (jobid: 4, external: Submitted batch job 5777872, jobscript: /cluster/projects/pughlab/myeloma/projects/MM_cell_drugs/WGS_Pipeline/Batch/ichorCNA/.snakemake/tmp.5_oigl96/snakejob.ichorCNA.4.sh). For error details see the cluster log and the log files of the involved rule(s).
[Sun Feb 15 22:05:08 2026]
Error in rule ichorCNA:
    jobid: 3
    output: /cluster/projects/pughlab/myeloma/projects/MM_cell_drugs/WGS_Pipeline/ichorCNA/OICRM4CA-08-R-P/OICRM4CA-08-R-P.bin1000000.correctedDepth.txt, /cluster/projects/pughlab/myeloma/projects/MM_cell_drugs/WGS_Pipeline/ichorCNA/OICRM4CA-08-R-P/OICRM4CA-08-R-P.bin1000000.params.txt, /cluster/projects/pughlab/myeloma/projects/MM_cell_drugs/WGS_Pipeline/ichorCNA/OICRM4CA-08-R-P/OICRM4CA-08-R-P.bin1000000.cna.seg, /cluster/projects/pughlab/myeloma/projects/MM_cell_drugs/WGS_Pipeline/ichorCNA/OICRM4CA-08-R-P/OICRM4CA-08-R-P.bin1000000.seg.txt, /cluster/projects/pughlab/myeloma/projects/MM_cell_drugs/WGS_Pipeline/ichorCNA/OICRM4CA-08-R-P/OICRM4CA-08-R-P.bin1000000.seg, /cluster/projects/pughlab/myeloma/projects/MM_cell_drugs/WGS_Pipeline/ichorCNA/OICRM4CA-08-R-P/OICRM4CA-08-R-P.bin1000000.RData
    log: /cluster/projects/pughlab/myeloma/projects/MM_cell_drugs/WGS_Pipeline/ichorCNA/logs/ichorCNA/OICRM4CA-08-R-P.bin1000000.log (check log file(s) for error message)
    shell:
        
        module load R && Rscript /cluster/home/t922316uhn/ichorCNA/scripts/runIchorCNA.R           --id OICRM4CA-08-R-P           --libdir None           --WIG /cluster/projects/pughlab/myeloma/projects/MM_cell_drugs/WGS_Pipeline/ichorCNA/readDepth/OICRM4CA-08-R-P.bin1000000.regions.wig           --gcWig /cluster/home/t922316uhn/ichorCNA/inst/extdata/gc_hg38_1000kb.wig           --mapWig /cluster/home/t922316uhn/ichorCNA/inst/extdata/map_hg38_1000kb.wig           --normalPanel /cluster/home/t922316uhn/ichorCNA/inst/extdata/HD_ULP_PoN_hg38_1Mb_median_normAutosome_median.rds           --ploidy "c(2,3)"           --normal "c(0.5,0.6,0.7,0.8,0.9,0.95)"           --maxCN 5           --includeHOMD False           --chrs "paste0('chr', c(1:22, \"X\"))"           --chrTrain "paste0('chr', c(1:22))"           --genomeStyle UCSC           --genomeBuild hg38           --estimateNormal True           --estimatePloidy True           --estimateScPrevalence True           --scStates "c(1,3)"           --centromere /cluster/home/t922316uhn/ichorCNA/inst/extdata/GRCh38.GCA_000001405.2_centromere_acen.txt           --exons.bed None           --txnE 0.9999           --txnStrength 10000           --minMapScore 0.75           --fracReadsInChrYForMale 0.002           --maxFracGenomeSubclone 0.5           --maxFracCNASubclone 0.7           --plotFileType pdf           --plotYLim "c(-1,1)"           --outDir /cluster/projects/pughlab/myeloma/projects/MM_cell_drugs/WGS_Pipeline/ichorCNA/OICRM4CA-08-R-P/           > /cluster/projects/pughlab/myeloma/projects/MM_cell_drugs/WGS_Pipeline/ichorCNA/logs/ichorCNA/OICRM4CA-08-R-P.bin1000000.log 2> /cluster/projects/pughlab/myeloma/projects/MM_cell_drugs/WGS_Pipeline/ichorCNA/logs/ichorCNA/OICRM4CA-08-R-P.bin1000000.log
        
        (one of the commands exited with non-zero exit code; note that snakemake uses bash strict mode!)
    cluster_jobid: Submitted batch job 5777870

Error executing rule ichorCNA on cluster (jobid: 3, external: Submitted batch job 5777870, jobscript: /cluster/projects/pughlab/myeloma/projects/MM_cell_drugs/WGS_Pipeline/Batch/ichorCNA/.snakemake/tmp.5_oigl96/snakejob.ichorCNA.3.sh). For error details see the cluster log and the log files of the involved rule(s).
[Sun Feb 15 22:05:28 2026]
Error in rule ichorCNA:
    jobid: 7
    output: /cluster/projects/pughlab/myeloma/projects/MM_cell_drugs/WGS_Pipeline/ichorCNA/OICRM4HP-05-01-P/OICRM4HP-05-01-P.bin1000000.correctedDepth.txt, /cluster/projects/pughlab/myeloma/projects/MM_cell_drugs/WGS_Pipeline/ichorCNA/OICRM4HP-05-01-P/OICRM4HP-05-01-P.bin1000000.params.txt, /cluster/projects/pughlab/myeloma/projects/MM_cell_drugs/WGS_Pipeline/ichorCNA/OICRM4HP-05-01-P/OICRM4HP-05-01-P.bin1000000.cna.seg, /cluster/projects/pughlab/myeloma/projects/MM_cell_drugs/WGS_Pipeline/ichorCNA/OICRM4HP-05-01-P/OICRM4HP-05-01-P.bin1000000.seg.txt, /cluster/projects/pughlab/myeloma/projects/MM_cell_drugs/WGS_Pipeline/ichorCNA/OICRM4HP-05-01-P/OICRM4HP-05-01-P.bin1000000.seg, /cluster/projects/pughlab/myeloma/projects/MM_cell_drugs/WGS_Pipeline/ichorCNA/OICRM4HP-05-01-P/OICRM4HP-05-01-P.bin1000000.RData
    log: /cluster/projects/pughlab/myeloma/projects/MM_cell_drugs/WGS_Pipeline/ichorCNA/logs/ichorCNA/OICRM4HP-05-01-P.bin1000000.log (check log file(s) for error message)
    shell:
        
        module load R && Rscript /cluster/home/t922316uhn/ichorCNA/scripts/runIchorCNA.R           --id OICRM4HP-05-01-P           --libdir None           --WIG /cluster/projects/pughlab/myeloma/projects/MM_cell_drugs/WGS_Pipeline/ichorCNA/readDepth/OICRM4HP-05-01-P.bin1000000.regions.wig           --gcWig /cluster/home/t922316uhn/ichorCNA/inst/extdata/gc_hg38_1000kb.wig           --mapWig /cluster/home/t922316uhn/ichorCNA/inst/extdata/map_hg38_1000kb.wig           --normalPanel /cluster/home/t922316uhn/ichorCNA/inst/extdata/HD_ULP_PoN_hg38_1Mb_median_normAutosome_median.rds           --ploidy "c(2,3)"           --normal "c(0.5,0.6,0.7,0.8,0.9,0.95)"           --maxCN 5           --includeHOMD False           --chrs "paste0('chr', c(1:22, \"X\"))"           --chrTrain "paste0('chr', c(1:22))"           --genomeStyle UCSC           --genomeBuild hg38           --estimateNormal True           --estimatePloidy True           --estimateScPrevalence True           --scStates "c(1,3)"           --centromere /cluster/home/t922316uhn/ichorCNA/inst/extdata/GRCh38.GCA_000001405.2_centromere_acen.txt           --exons.bed None           --txnE 0.9999           --txnStrength 10000           --minMapScore 0.75           --fracReadsInChrYForMale 0.002           --maxFracGenomeSubclone 0.5           --maxFracCNASubclone 0.7           --plotFileType pdf           --plotYLim "c(-1,1)"           --outDir /cluster/projects/pughlab/myeloma/projects/MM_cell_drugs/WGS_Pipeline/ichorCNA/OICRM4HP-05-01-P/           > /cluster/projects/pughlab/myeloma/projects/MM_cell_drugs/WGS_Pipeline/ichorCNA/logs/ichorCNA/OICRM4HP-05-01-P.bin1000000.log 2> /cluster/projects/pughlab/myeloma/projects/MM_cell_drugs/WGS_Pipeline/ichorCNA/logs/ichorCNA/OICRM4HP-05-01-P.bin1000000.log
        
        (one of the commands exited with non-zero exit code; note that snakemake uses bash strict mode!)
    cluster_jobid: Submitted batch job 5777875

Error executing rule ichorCNA on cluster (jobid: 7, external: Submitted batch job 5777875, jobscript: /cluster/projects/pughlab/myeloma/projects/MM_cell_drugs/WGS_Pipeline/Batch/ichorCNA/.snakemake/tmp.5_oigl96/snakejob.ichorCNA.7.sh). For error details see the cluster log and the log files of the involved rule(s).
[Sun Feb 15 22:05:48 2026]
Error in rule ichorCNA:
    jobid: 8
    output: /cluster/projects/pughlab/myeloma/projects/MM_cell_drugs/WGS_Pipeline/ichorCNA/OICRM4RE-01-01-P/OICRM4RE-01-01-P.bin1000000.correctedDepth.txt, /cluster/projects/pughlab/myeloma/projects/MM_cell_drugs/WGS_Pipeline/ichorCNA/OICRM4RE-01-01-P/OICRM4RE-01-01-P.bin1000000.params.txt, /cluster/projects/pughlab/myeloma/projects/MM_cell_drugs/WGS_Pipeline/ichorCNA/OICRM4RE-01-01-P/OICRM4RE-01-01-P.bin1000000.cna.seg, /cluster/projects/pughlab/myeloma/projects/MM_cell_drugs/WGS_Pipeline/ichorCNA/OICRM4RE-01-01-P/OICRM4RE-01-01-P.bin1000000.seg.txt, /cluster/projects/pughlab/myeloma/projects/MM_cell_drugs/WGS_Pipeline/ichorCNA/OICRM4RE-01-01-P/OICRM4RE-01-01-P.bin1000000.seg, /cluster/projects/pughlab/myeloma/projects/MM_cell_drugs/WGS_Pipeline/ichorCNA/OICRM4RE-01-01-P/OICRM4RE-01-01-P.bin1000000.RData
    log: /cluster/projects/pughlab/myeloma/projects/MM_cell_drugs/WGS_Pipeline/ichorCNA/logs/ichorCNA/OICRM4RE-01-01-P.bin1000000.log (check log file(s) for error message)
    shell:
        
        module load R && Rscript /cluster/home/t922316uhn/ichorCNA/scripts/runIchorCNA.R           --id OICRM4RE-01-01-P           --libdir None           --WIG /cluster/projects/pughlab/myeloma/projects/MM_cell_drugs/WGS_Pipeline/ichorCNA/readDepth/OICRM4RE-01-01-P.bin1000000.regions.wig           --gcWig /cluster/home/t922316uhn/ichorCNA/inst/extdata/gc_hg38_1000kb.wig           --mapWig /cluster/home/t922316uhn/ichorCNA/inst/extdata/map_hg38_1000kb.wig           --normalPanel /cluster/home/t922316uhn/ichorCNA/inst/extdata/HD_ULP_PoN_hg38_1Mb_median_normAutosome_median.rds           --ploidy "c(2,3)"           --normal "c(0.5,0.6,0.7,0.8,0.9,0.95)"           --maxCN 5           --includeHOMD False           --chrs "paste0('chr', c(1:22, \"X\"))"           --chrTrain "paste0('chr', c(1:22))"           --genomeStyle UCSC           --genomeBuild hg38           --estimateNormal True           --estimatePloidy True           --estimateScPrevalence True           --scStates "c(1,3)"           --centromere /cluster/home/t922316uhn/ichorCNA/inst/extdata/GRCh38.GCA_000001405.2_centromere_acen.txt           --exons.bed None           --txnE 0.9999           --txnStrength 10000           --minMapScore 0.75           --fracReadsInChrYForMale 0.002           --maxFracGenomeSubclone 0.5           --maxFracCNASubclone 0.7           --plotFileType pdf           --plotYLim "c(-1,1)"           --outDir /cluster/projects/pughlab/myeloma/projects/MM_cell_drugs/WGS_Pipeline/ichorCNA/OICRM4RE-01-01-P/           > /cluster/projects/pughlab/myeloma/projects/MM_cell_drugs/WGS_Pipeline/ichorCNA/logs/ichorCNA/OICRM4RE-01-01-P.bin1000000.log 2> /cluster/projects/pughlab/myeloma/projects/MM_cell_drugs/WGS_Pipeline/ichorCNA/logs/ichorCNA/OICRM4RE-01-01-P.bin1000000.log
        
        (one of the commands exited with non-zero exit code; note that snakemake uses bash strict mode!)
    cluster_jobid: Submitted batch job 5777876

Error executing rule ichorCNA on cluster (jobid: 8, external: Submitted batch job 5777876, jobscript: /cluster/projects/pughlab/myeloma/projects/MM_cell_drugs/WGS_Pipeline/Batch/ichorCNA/.snakemake/tmp.5_oigl96/snakejob.ichorCNA.8.sh). For error details see the cluster log and the log files of the involved rule(s).
Shutting down, this might take some time.
Exiting because a job execution failed. Look above for error message
Complete log: .snakemake/log/2026-02-15T220128.234651.snakemake.log
